{"/Users/rodericandrews/_PAI/projects/command_center_audience_OS/app/auth/callback/route.ts": {"path":"/Users/rodericandrews/_PAI/projects/command_center_audience_OS/app/auth/callback/route.ts","statementMap":{"0":{"start":{"line":26,"column":2},"end":{"line":26,"column":null}},"1":{"start":{"line":26,"column":13},"end":{"line":26,"column":null}},"2":{"start":{"line":29,"column":2},"end":{"line":31,"column":null}},"3":{"start":{"line":30,"column":4},"end":{"line":30,"column":null}},"4":{"start":{"line":34,"column":2},"end":{"line":43,"column":null}},"5":{"start":{"line":35,"column":20},"end":{"line":35,"column":null}},"6":{"start":{"line":37,"column":4},"end":{"line":39,"column":null}},"7":{"start":{"line":38,"column":6},"end":{"line":38,"column":null}},"8":{"start":{"line":42,"column":4},"end":{"line":42,"column":null}},"9":{"start":{"line":45,"column":2},"end":{"line":45,"column":null}},"10":{"start":{"line":49,"column":21},"end":{"line":49,"column":null}},"11":{"start":{"line":50,"column":15},"end":{"line":50,"column":null}},"12":{"start":{"line":51,"column":15},"end":{"line":51,"column":null}},"13":{"start":{"line":52,"column":16},"end":{"line":52,"column":null}},"14":{"start":{"line":53,"column":27},"end":{"line":53,"column":null}},"15":{"start":{"line":56,"column":2},"end":{"line":64,"column":null}},"16":{"start":{"line":57,"column":4},"end":{"line":57,"column":null}},"17":{"start":{"line":58,"column":21},"end":{"line":58,"column":null}},"18":{"start":{"line":59,"column":4},"end":{"line":59,"column":null}},"19":{"start":{"line":60,"column":4},"end":{"line":62,"column":null}},"20":{"start":{"line":61,"column":6},"end":{"line":61,"column":null}},"21":{"start":{"line":63,"column":4},"end":{"line":63,"column":null}},"22":{"start":{"line":67,"column":2},"end":{"line":70,"column":null}},"23":{"start":{"line":68,"column":4},"end":{"line":68,"column":null}},"24":{"start":{"line":69,"column":4},"end":{"line":69,"column":null}},"25":{"start":{"line":72,"column":2},"end":{"line":94,"column":null}},"26":{"start":{"line":73,"column":21},"end":{"line":73,"column":null}},"27":{"start":{"line":76,"column":37},"end":{"line":76,"column":null}},"28":{"start":{"line":78,"column":4},"end":{"line":85,"column":null}},"29":{"start":{"line":80,"column":6},"end":{"line":80,"column":null}},"30":{"start":{"line":82,"column":6},"end":{"line":84,"column":null}},"31":{"start":{"line":88,"column":4},"end":{"line":88,"column":null}},"32":{"start":{"line":89,"column":4},"end":{"line":89,"column":null}},"33":{"start":{"line":92,"column":4},"end":{"line":92,"column":null}},"34":{"start":{"line":93,"column":4},"end":{"line":93,"column":null}}},"fnMap":{"0":{"name":"sanitizeRedirectPath","decl":{"start":{"line":25,"column":9},"end":{"line":25,"column":30}},"loc":{"start":{"line":25,"column":59},"end":{"line":46,"column":null}},"line":25},"1":{"name":"GET","decl":{"start":{"line":48,"column":22},"end":{"line":48,"column":26}},"loc":{"start":{"line":48,"column":44},"end":{"line":95,"column":null}},"line":48}},"branchMap":{"0":{"loc":{"start":{"line":26,"column":2},"end":{"line":26,"column":null}},"type":"if","locations":[{"start":{"line":26,"column":2},"end":{"line":26,"column":null}},{"start":{},"end":{}}],"line":26},"1":{"loc":{"start":{"line":29,"column":2},"end":{"line":31,"column":null}},"type":"if","locations":[{"start":{"line":29,"column":2},"end":{"line":31,"column":null}},{"start":{},"end":{}}],"line":29},"2":{"loc":{"start":{"line":29,"column":6},"end":{"line":29,"column":54}},"type":"binary-expr","locations":[{"start":{"line":29,"column":6},"end":{"line":29,"column":31}},{"start":{"line":29,"column":31},"end":{"line":29,"column":54}}],"line":29},"3":{"loc":{"start":{"line":37,"column":4},"end":{"line":39,"column":null}},"type":"if","locations":[{"start":{"line":37,"column":4},"end":{"line":39,"column":null}},{"start":{},"end":{}}],"line":37},"4":{"loc":{"start":{"line":56,"column":2},"end":{"line":64,"column":null}},"type":"if","locations":[{"start":{"line":56,"column":2},"end":{"line":64,"column":null}},{"start":{},"end":{}}],"line":56},"5":{"loc":{"start":{"line":60,"column":4},"end":{"line":62,"column":null}},"type":"if","locations":[{"start":{"line":60,"column":4},"end":{"line":62,"column":null}},{"start":{},"end":{}}],"line":60},"6":{"loc":{"start":{"line":67,"column":2},"end":{"line":70,"column":null}},"type":"if","locations":[{"start":{"line":67,"column":2},"end":{"line":70,"column":null}},{"start":{},"end":{}}],"line":67},"7":{"loc":{"start":{"line":78,"column":4},"end":{"line":85,"column":null}},"type":"if","locations":[{"start":{"line":78,"column":4},"end":{"line":85,"column":null}},{"start":{},"end":{}}],"line":78}},"s":{"0":11,"1":7,"2":4,"3":2,"4":2,"5":2,"6":2,"7":0,"8":0,"9":2,"10":11,"11":11,"12":11,"13":11,"14":11,"15":11,"16":1,"17":1,"18":1,"19":1,"20":1,"21":1,"22":10,"23":1,"24":1,"25":9,"26":9,"27":9,"28":8,"29":2,"30":2,"31":6,"32":6,"33":1,"34":1},"f":{"0":11,"1":11},"b":{"0":[7,4],"1":[2,2],"2":[4,3],"3":[0,2],"4":[1,10],"5":[1,0],"6":[1,9],"7":[2,6]},"meta":{"lastBranch":8,"lastFunction":2,"lastStatement":35,"seen":{"f:25:9:25:30":0,"b:26:2:26:Infinity:undefined:undefined:undefined:undefined":0,"s:26:2:26:Infinity":0,"s:26:13:26:Infinity":1,"b:29:2:31:Infinity:undefined:undefined:undefined:undefined":1,"s:29:2:31:Infinity":2,"b:29:6:29:31:29:31:29:54":2,"s:30:4:30:Infinity":3,"s:34:2:43:Infinity":4,"s:35:20:35:Infinity":5,"b:37:4:39:Infinity:undefined:undefined:undefined:undefined":3,"s:37:4:39:Infinity":6,"s:38:6:38:Infinity":7,"s:42:4:42:Infinity":8,"s:45:2:45:Infinity":9,"f:48:22:48:26":1,"s:49:21:49:Infinity":10,"s:50:15:50:Infinity":11,"s:51:15:51:Infinity":12,"s:52:16:52:Infinity":13,"s:53:27:53:Infinity":14,"b:56:2:64:Infinity:undefined:undefined:undefined:undefined":4,"s:56:2:64:Infinity":15,"s:57:4:57:Infinity":16,"s:58:21:58:Infinity":17,"s:59:4:59:Infinity":18,"b:60:4:62:Infinity:undefined:undefined:undefined:undefined":5,"s:60:4:62:Infinity":19,"s:61:6:61:Infinity":20,"s:63:4:63:Infinity":21,"b:67:2:70:Infinity:undefined:undefined:undefined:undefined":6,"s:67:2:70:Infinity":22,"s:68:4:68:Infinity":23,"s:69:4:69:Infinity":24,"s:72:2:94:Infinity":25,"s:73:21:73:Infinity":26,"s:76:37:76:Infinity":27,"b:78:4:85:Infinity:undefined:undefined:undefined:undefined":7,"s:78:4:85:Infinity":28,"s:80:6:80:Infinity":29,"s:82:6:84:Infinity":30,"s:88:4:88:Infinity":31,"s:89:4:89:Infinity":32,"s:92:4:92:Infinity":33,"s:93:4:93:Infinity":34}}}
,"/Users/rodericandrews/_PAI/projects/command_center_audience_OS/app/login/page.tsx": {"path":"/Users/rodericandrews/_PAI/projects/command_center_audience_OS/app/login/page.tsx","statementMap":{"0":{"start":{"line":13,"column":2},"end":{"line":27,"column":null}},"1":{"start":{"line":32,"column":24},"end":{"line":32,"column":null}},"2":{"start":{"line":33,"column":30},"end":{"line":33,"column":null}},"3":{"start":{"line":34,"column":24},"end":{"line":34,"column":null}},"4":{"start":{"line":35,"column":28},"end":{"line":35,"column":null}},"5":{"start":{"line":36,"column":40},"end":{"line":36,"column":null}},"6":{"start":{"line":37,"column":8},"end":{"line":37,"column":null}},"7":{"start":{"line":38,"column":8},"end":{"line":38,"column":null}},"8":{"start":{"line":39,"column":8},"end":{"line":39,"column":null}},"9":{"start":{"line":42,"column":2},"end":{"line":58,"column":null}},"10":{"start":{"line":43,"column":23},"end":{"line":43,"column":null}},"11":{"start":{"line":44,"column":25},"end":{"line":44,"column":null}},"12":{"start":{"line":45,"column":29},"end":{"line":45,"column":null}},"13":{"start":{"line":47,"column":4},"end":{"line":57,"column":null}},"14":{"start":{"line":49,"column":52},"end":{"line":54,"column":null}},"15":{"start":{"line":56,"column":6},"end":{"line":56,"column":null}},"16":{"start":{"line":61,"column":29},"end":{"line":87,"column":null}},"17":{"start":{"line":62,"column":4},"end":{"line":62,"column":null}},"18":{"start":{"line":63,"column":4},"end":{"line":63,"column":null}},"19":{"start":{"line":65,"column":4},"end":{"line":86,"column":null}},"20":{"start":{"line":66,"column":25},"end":{"line":66,"column":null}},"21":{"start":{"line":67,"column":24},"end":{"line":76,"column":null}},"22":{"start":{"line":78,"column":6},"end":{"line":81,"column":null}},"23":{"start":{"line":79,"column":8},"end":{"line":79,"column":null}},"24":{"start":{"line":80,"column":8},"end":{"line":80,"column":null}},"25":{"start":{"line":84,"column":6},"end":{"line":84,"column":null}},"26":{"start":{"line":85,"column":6},"end":{"line":85,"column":null}},"27":{"start":{"line":89,"column":22},"end":{"line":112,"column":null}},"28":{"start":{"line":90,"column":4},"end":{"line":90,"column":null}},"29":{"start":{"line":91,"column":4},"end":{"line":91,"column":null}},"30":{"start":{"line":92,"column":4},"end":{"line":92,"column":null}},"31":{"start":{"line":94,"column":4},"end":{"line":111,"column":null}},"32":{"start":{"line":95,"column":24},"end":{"line":98,"column":null}},"33":{"start":{"line":100,"column":6},"end":{"line":104,"column":null}},"34":{"start":{"line":101,"column":8},"end":{"line":101,"column":null}},"35":{"start":{"line":102,"column":8},"end":{"line":102,"column":null}},"36":{"start":{"line":103,"column":8},"end":{"line":103,"column":null}},"37":{"start":{"line":106,"column":6},"end":{"line":106,"column":null}},"38":{"start":{"line":107,"column":6},"end":{"line":107,"column":null}},"39":{"start":{"line":109,"column":6},"end":{"line":109,"column":null}},"40":{"start":{"line":110,"column":6},"end":{"line":110,"column":null}},"41":{"start":{"line":114,"column":2},"end":{"line":218,"column":null}},"42":{"start":{"line":131,"column":31},"end":{"line":131,"column":null}},"43":{"start":{"line":153,"column":31},"end":{"line":153,"column":null}},"44":{"start":{"line":224,"column":2},"end":{"line":234,"column":null}}},"fnMap":{"0":{"name":"AudienceOSLogo","decl":{"start":{"line":12,"column":9},"end":{"line":12,"column":24}},"loc":{"start":{"line":12,"column":68},"end":{"line":29,"column":null}},"line":12},"1":{"name":"LoginForm","decl":{"start":{"line":31,"column":9},"end":{"line":31,"column":21}},"loc":{"start":{"line":31,"column":21},"end":{"line":220,"column":null}},"line":31},"2":{"name":"(anonymous_2)","decl":{"start":{"line":42,"column":12},"end":{"line":42,"column":18}},"loc":{"start":{"line":42,"column":18},"end":{"line":58,"column":5}},"line":42},"3":{"name":"(anonymous_3)","decl":{"start":{"line":61,"column":29},"end":{"line":61,"column":41}},"loc":{"start":{"line":61,"column":41},"end":{"line":87,"column":null}},"line":61},"4":{"name":"(anonymous_4)","decl":{"start":{"line":89,"column":22},"end":{"line":89,"column":29}},"loc":{"start":{"line":89,"column":52},"end":{"line":112,"column":null}},"line":89},"5":{"name":"(anonymous_5)","decl":{"start":{"line":131,"column":24},"end":{"line":131,"column":25}},"loc":{"start":{"line":131,"column":31},"end":{"line":131,"column":null}},"line":131},"6":{"name":"(anonymous_6)","decl":{"start":{"line":153,"column":24},"end":{"line":153,"column":25}},"loc":{"start":{"line":153,"column":31},"end":{"line":153,"column":null}},"line":153},"7":{"name":"LoginPage","decl":{"start":{"line":223,"column":24},"end":{"line":223,"column":36}},"loc":{"start":{"line":223,"column":36},"end":{"line":236,"column":null}},"line":223}},"branchMap":{"0":{"loc":{"start":{"line":12,"column":26},"end":{"line":12,"column":41}},"type":"default-arg","locations":[{"start":{"line":12,"column":38},"end":{"line":12,"column":41}}],"line":12},"1":{"loc":{"start":{"line":47,"column":4},"end":{"line":57,"column":null}},"type":"if","locations":[{"start":{"line":47,"column":4},"end":{"line":57,"column":null}},{"start":{},"end":{}}],"line":47},"2":{"loc":{"start":{"line":51,"column":31},"end":{"line":51,"column":null}},"type":"binary-expr","locations":[{"start":{"line":51,"column":31},"end":{"line":51,"column":47}},{"start":{"line":51,"column":47},"end":{"line":51,"column":null}}],"line":51},"3":{"loc":{"start":{"line":56,"column":15},"end":{"line":56,"column":103}},"type":"binary-expr","locations":[{"start":{"line":56,"column":15},"end":{"line":56,"column":44}},{"start":{"line":56,"column":44},"end":{"line":56,"column":64}},{"start":{"line":56,"column":64},"end":{"line":56,"column":80}},{"start":{"line":56,"column":80},"end":{"line":56,"column":103}}],"line":56},"4":{"loc":{"start":{"line":66,"column":25},"end":{"line":66,"column":null}},"type":"binary-expr","locations":[{"start":{"line":66,"column":25},"end":{"line":66,"column":57}},{"start":{"line":66,"column":57},"end":{"line":66,"column":null}}],"line":66},"5":{"loc":{"start":{"line":78,"column":6},"end":{"line":81,"column":null}},"type":"if","locations":[{"start":{"line":78,"column":6},"end":{"line":81,"column":null}},{"start":{},"end":{}}],"line":78},"6":{"loc":{"start":{"line":84,"column":15},"end":{"line":84,"column":83}},"type":"cond-expr","locations":[{"start":{"line":84,"column":38},"end":{"line":84,"column":52}},{"start":{"line":84,"column":52},"end":{"line":84,"column":83}}],"line":84},"7":{"loc":{"start":{"line":100,"column":6},"end":{"line":104,"column":null}},"type":"if","locations":[{"start":{"line":100,"column":6},"end":{"line":104,"column":null}},{"start":{},"end":{}}],"line":100},"8":{"loc":{"start":{"line":109,"column":15},"end":{"line":109,"column":86}},"type":"cond-expr","locations":[{"start":{"line":109,"column":38},"end":{"line":109,"column":52}},{"start":{"line":109,"column":52},"end":{"line":109,"column":86}}],"line":109},"9":{"loc":{"start":{"line":160,"column":11},"end":{"line":163,"column":null}},"type":"binary-expr","locations":[{"start":{"line":160,"column":11},"end":{"line":160,"column":null}},{"start":{"line":161,"column":12},"end":{"line":163,"column":null}}],"line":160},"10":{"loc":{"start":{"line":166,"column":131},"end":{"line":166,"column":null}},"type":"binary-expr","locations":[{"start":{"line":166,"column":131},"end":{"line":166,"column":142}},{"start":{"line":166,"column":142},"end":{"line":166,"column":null}}],"line":166},"11":{"loc":{"start":{"line":167,"column":13},"end":{"line":167,"column":null}},"type":"cond-expr","locations":[{"start":{"line":167,"column":23},"end":{"line":167,"column":41}},{"start":{"line":167,"column":41},"end":{"line":167,"column":null}}],"line":167},"12":{"loc":{"start":{"line":187,"column":20},"end":{"line":187,"column":null}},"type":"binary-expr","locations":[{"start":{"line":187,"column":20},"end":{"line":187,"column":31}},{"start":{"line":187,"column":31},"end":{"line":187,"column":null}}],"line":187},"13":{"loc":{"start":{"line":207,"column":11},"end":{"line":207,"column":null}},"type":"cond-expr","locations":[{"start":{"line":207,"column":27},"end":{"line":207,"column":56}},{"start":{"line":207,"column":56},"end":{"line":207,"column":null}}],"line":207}},"s":{"0":86,"1":86,"2":86,"3":86,"4":86,"5":86,"6":86,"7":86,"8":86,"9":86,"10":14,"11":14,"12":14,"13":14,"14":5,"15":5,"16":86,"17":3,"18":3,"19":3,"20":3,"21":3,"22":3,"23":1,"24":1,"25":0,"26":0,"27":86,"28":2,"29":2,"30":2,"31":2,"32":2,"33":2,"34":1,"35":1,"36":1,"37":1,"38":1,"39":0,"40":0,"41":86,"42":32,"43":28,"44":14},"f":{"0":86,"1":86,"2":14,"3":3,"4":2,"5":32,"6":28,"7":14},"b":{"0":[86],"1":[5,9],"2":[5,5],"3":[5,2,1,1],"4":[3,2],"5":[1,2],"6":[0,0],"7":[1,1],"8":[0,0],"9":[86,7],"10":[86,84],"11":[2,84],"12":[86,84],"13":[3,83]},"meta":{"lastBranch":14,"lastFunction":8,"lastStatement":45,"seen":{"f:12:9:12:24":0,"b:12:38:12:41":0,"s:13:2:27:Infinity":0,"f:31:9:31:21":1,"s:32:24:32:Infinity":1,"s:33:30:33:Infinity":2,"s:34:24:34:Infinity":3,"s:35:28:35:Infinity":4,"s:36:40:36:Infinity":5,"s:37:8:37:Infinity":6,"s:38:8:38:Infinity":7,"s:39:8:39:Infinity":8,"s:42:2:58:Infinity":9,"f:42:12:42:18":2,"s:43:23:43:Infinity":10,"s:44:25:44:Infinity":11,"s:45:29:45:Infinity":12,"b:47:4:57:Infinity:undefined:undefined:undefined:undefined":1,"s:47:4:57:Infinity":13,"s:49:52:54:Infinity":14,"b:51:31:51:47:51:47:51:Infinity":2,"s:56:6:56:Infinity":15,"b:56:15:56:44:56:44:56:64:56:64:56:80:56:80:56:103":3,"s:61:29:87:Infinity":16,"f:61:29:61:41":3,"s:62:4:62:Infinity":17,"s:63:4:63:Infinity":18,"s:65:4:86:Infinity":19,"s:66:25:66:Infinity":20,"b:66:25:66:57:66:57:66:Infinity":4,"s:67:24:76:Infinity":21,"b:78:6:81:Infinity:undefined:undefined:undefined:undefined":5,"s:78:6:81:Infinity":22,"s:79:8:79:Infinity":23,"s:80:8:80:Infinity":24,"s:84:6:84:Infinity":25,"b:84:38:84:52:84:52:84:83":6,"s:85:6:85:Infinity":26,"s:89:22:112:Infinity":27,"f:89:22:89:29":4,"s:90:4:90:Infinity":28,"s:91:4:91:Infinity":29,"s:92:4:92:Infinity":30,"s:94:4:111:Infinity":31,"s:95:24:98:Infinity":32,"b:100:6:104:Infinity:undefined:undefined:undefined:undefined":7,"s:100:6:104:Infinity":33,"s:101:8:101:Infinity":34,"s:102:8:102:Infinity":35,"s:103:8:103:Infinity":36,"s:106:6:106:Infinity":37,"s:107:6:107:Infinity":38,"s:109:6:109:Infinity":39,"b:109:38:109:52:109:52:109:86":8,"s:110:6:110:Infinity":40,"s:114:2:218:Infinity":41,"f:131:24:131:25":5,"s:131:31:131:Infinity":42,"f:153:24:153:25":6,"s:153:31:153:Infinity":43,"b:160:11:160:Infinity:161:12:163:Infinity":9,"b:166:131:166:142:166:142:166:Infinity":10,"b:167:23:167:41:167:41:167:Infinity":11,"b:187:20:187:31:187:31:187:Infinity":12,"b:207:27:207:56:207:56:207:Infinity":13,"f:223:24:223:36":7,"s:224:2:234:Infinity":44}}}
,"/Users/rodericandrews/_PAI/projects/command_center_audience_OS/components/linear/integration-settings-modal.tsx": {"path":"/Users/rodericandrews/_PAI/projects/command_center_audience_OS/components/linear/integration-settings-modal.tsx","statementMap":{"0":{"start":{"line":57,"column":32},"end":{"line":57,"column":null}},"1":{"start":{"line":58,"column":32},"end":{"line":58,"column":null}},"2":{"start":{"line":59,"column":54},"end":{"line":59,"column":null}},"3":{"start":{"line":60,"column":44},"end":{"line":60,"column":null}},"4":{"start":{"line":62,"column":2},"end":{"line":62,"column":null}},"5":{"start":{"line":62,"column":20},"end":{"line":62,"column":null}},"6":{"start":{"line":64,"column":23},"end":{"line":97,"column":null}},"7":{"start":{"line":99,"column":17},"end":{"line":99,"column":null}},"8":{"start":{"line":100,"column":21},"end":{"line":100,"column":null}},"9":{"start":{"line":102,"column":21},"end":{"line":130,"column":null}},"10":{"start":{"line":103,"column":4},"end":{"line":103,"column":null}},"11":{"start":{"line":104,"column":4},"end":{"line":129,"column":null}},"12":{"start":{"line":105,"column":23},"end":{"line":111,"column":null}},"13":{"start":{"line":113,"column":6},"end":{"line":116,"column":null}},"14":{"start":{"line":114,"column":22},"end":{"line":114,"column":null}},"15":{"start":{"line":115,"column":8},"end":{"line":115,"column":null}},"16":{"start":{"line":118,"column":21},"end":{"line":118,"column":null}},"17":{"start":{"line":119,"column":6},"end":{"line":121,"column":null}},"18":{"start":{"line":122,"column":6},"end":{"line":122,"column":null}},"19":{"start":{"line":124,"column":6},"end":{"line":126,"column":null}},"20":{"start":{"line":128,"column":6},"end":{"line":128,"column":null}},"21":{"start":{"line":132,"column":21},"end":{"line":160,"column":null}},"22":{"start":{"line":133,"column":4},"end":{"line":133,"column":null}},"23":{"start":{"line":134,"column":4},"end":{"line":159,"column":null}},"24":{"start":{"line":135,"column":23},"end":{"line":141,"column":null}},"25":{"start":{"line":143,"column":6},"end":{"line":146,"column":null}},"26":{"start":{"line":144,"column":22},"end":{"line":144,"column":null}},"27":{"start":{"line":145,"column":8},"end":{"line":145,"column":null}},"28":{"start":{"line":148,"column":21},"end":{"line":148,"column":null}},"29":{"start":{"line":149,"column":6},"end":{"line":151,"column":null}},"30":{"start":{"line":152,"column":6},"end":{"line":152,"column":null}},"31":{"start":{"line":154,"column":6},"end":{"line":156,"column":null}},"32":{"start":{"line":158,"column":6},"end":{"line":158,"column":null}},"33":{"start":{"line":162,"column":27},"end":{"line":188,"column":null}},"34":{"start":{"line":163,"column":4},"end":{"line":163,"column":null}},"35":{"start":{"line":164,"column":4},"end":{"line":187,"column":null}},"36":{"start":{"line":165,"column":23},"end":{"line":168,"column":null}},"37":{"start":{"line":170,"column":6},"end":{"line":173,"column":null}},"38":{"start":{"line":171,"column":22},"end":{"line":171,"column":null}},"39":{"start":{"line":172,"column":8},"end":{"line":172,"column":null}},"40":{"start":{"line":175,"column":6},"end":{"line":177,"column":null}},"41":{"start":{"line":178,"column":6},"end":{"line":178,"column":null}},"42":{"start":{"line":179,"column":6},"end":{"line":179,"column":null}},"43":{"start":{"line":180,"column":6},"end":{"line":180,"column":null}},"44":{"start":{"line":182,"column":6},"end":{"line":184,"column":null}},"45":{"start":{"line":186,"column":6},"end":{"line":186,"column":null}},"46":{"start":{"line":190,"column":21},"end":{"line":200,"column":null}},"47":{"start":{"line":191,"column":4},"end":{"line":191,"column":null}},"48":{"start":{"line":191,"column":21},"end":{"line":191,"column":null}},"49":{"start":{"line":192,"column":17},"end":{"line":192,"column":null}},"50":{"start":{"line":193,"column":4},"end":{"line":199,"column":null}},"51":{"start":{"line":202,"column":2},"end":{"line":361,"column":null}},"52":{"start":{"line":204,"column":52},"end":{"line":204,"column":null}},"53":{"start":{"line":296,"column":33},"end":{"line":296,"column":null}}},"fnMap":{"0":{"name":"IntegrationSettingsModal","decl":{"start":{"line":51,"column":16},"end":{"line":51,"column":41}},"loc":{"start":{"line":56,"column":34},"end":{"line":363,"column":null}},"line":56},"1":{"name":"(anonymous_1)","decl":{"start":{"line":102,"column":21},"end":{"line":102,"column":33}},"loc":{"start":{"line":102,"column":33},"end":{"line":130,"column":null}},"line":102},"2":{"name":"(anonymous_2)","decl":{"start":{"line":132,"column":21},"end":{"line":132,"column":33}},"loc":{"start":{"line":132,"column":33},"end":{"line":160,"column":null}},"line":132},"3":{"name":"(anonymous_3)","decl":{"start":{"line":162,"column":27},"end":{"line":162,"column":39}},"loc":{"start":{"line":162,"column":39},"end":{"line":188,"column":null}},"line":162},"4":{"name":"(anonymous_4)","decl":{"start":{"line":190,"column":21},"end":{"line":190,"column":22}},"loc":{"start":{"line":190,"column":46},"end":{"line":200,"column":null}},"line":190},"5":{"name":"(anonymous_5)","decl":{"start":{"line":204,"column":42},"end":{"line":204,"column":43}},"loc":{"start":{"line":204,"column":52},"end":{"line":204,"column":null}},"line":204},"6":{"name":"(anonymous_6)","decl":{"start":{"line":296,"column":27},"end":{"line":296,"column":33}},"loc":{"start":{"line":296,"column":33},"end":{"line":296,"column":null}},"line":296}},"branchMap":{"0":{"loc":{"start":{"line":62,"column":2},"end":{"line":62,"column":null}},"type":"if","locations":[{"start":{"line":62,"column":2},"end":{"line":62,"column":null}},{"start":{},"end":{}}],"line":62},"1":{"loc":{"start":{"line":113,"column":6},"end":{"line":116,"column":null}},"type":"if","locations":[{"start":{"line":113,"column":6},"end":{"line":116,"column":null}},{"start":{},"end":{}}],"line":113},"2":{"loc":{"start":{"line":115,"column":24},"end":{"line":115,"column":66}},"type":"binary-expr","locations":[{"start":{"line":115,"column":24},"end":{"line":115,"column":39}},{"start":{"line":115,"column":39},"end":{"line":115,"column":66}}],"line":115},"3":{"loc":{"start":{"line":120,"column":21},"end":{"line":120,"column":null}},"type":"binary-expr","locations":[{"start":{"line":120,"column":21},"end":{"line":120,"column":39}},{"start":{"line":120,"column":39},"end":{"line":120,"column":null}}],"line":120},"4":{"loc":{"start":{"line":125,"column":21},"end":{"line":125,"column":null}},"type":"cond-expr","locations":[{"start":{"line":125,"column":46},"end":{"line":125,"column":62}},{"start":{"line":125,"column":62},"end":{"line":125,"column":null}}],"line":125},"5":{"loc":{"start":{"line":143,"column":6},"end":{"line":146,"column":null}},"type":"if","locations":[{"start":{"line":143,"column":6},"end":{"line":146,"column":null}},{"start":{},"end":{}}],"line":143},"6":{"loc":{"start":{"line":145,"column":24},"end":{"line":145,"column":67}},"type":"binary-expr","locations":[{"start":{"line":145,"column":24},"end":{"line":145,"column":39}},{"start":{"line":145,"column":39},"end":{"line":145,"column":67}}],"line":145},"7":{"loc":{"start":{"line":150,"column":21},"end":{"line":150,"column":null}},"type":"binary-expr","locations":[{"start":{"line":150,"column":21},"end":{"line":150,"column":39}},{"start":{"line":150,"column":39},"end":{"line":150,"column":null}}],"line":150},"8":{"loc":{"start":{"line":155,"column":21},"end":{"line":155,"column":null}},"type":"cond-expr","locations":[{"start":{"line":155,"column":46},"end":{"line":155,"column":62}},{"start":{"line":155,"column":62},"end":{"line":155,"column":null}}],"line":155},"9":{"loc":{"start":{"line":170,"column":6},"end":{"line":173,"column":null}},"type":"if","locations":[{"start":{"line":170,"column":6},"end":{"line":173,"column":null}},{"start":{},"end":{}}],"line":170},"10":{"loc":{"start":{"line":172,"column":24},"end":{"line":172,"column":73}},"type":"binary-expr","locations":[{"start":{"line":172,"column":24},"end":{"line":172,"column":39}},{"start":{"line":172,"column":39},"end":{"line":172,"column":73}}],"line":172},"11":{"loc":{"start":{"line":183,"column":21},"end":{"line":183,"column":null}},"type":"cond-expr","locations":[{"start":{"line":183,"column":46},"end":{"line":183,"column":62}},{"start":{"line":183,"column":62},"end":{"line":183,"column":null}}],"line":183},"12":{"loc":{"start":{"line":191,"column":4},"end":{"line":191,"column":null}},"type":"if","locations":[{"start":{"line":191,"column":4},"end":{"line":191,"column":null}},{"start":{},"end":{}}],"line":191},"13":{"loc":{"start":{"line":204,"column":52},"end":{"line":204,"column":null}},"type":"binary-expr","locations":[{"start":{"line":204,"column":52},"end":{"line":204,"column":61}},{"start":{"line":204,"column":61},"end":{"line":204,"column":null}}],"line":204},"14":{"loc":{"start":{"line":251,"column":19},"end":{"line":255,"column":null}},"type":"binary-expr","locations":[{"start":{"line":251,"column":19},"end":{"line":251,"column":null}},{"start":{"line":252,"column":20},"end":{"line":255,"column":null}}],"line":251},"15":{"loc":{"start":{"line":269,"column":28},"end":{"line":269,"column":null}},"type":"binary-expr","locations":[{"start":{"line":269,"column":28},"end":{"line":269,"column":41}},{"start":{"line":269,"column":41},"end":{"line":269,"column":null}}],"line":269},"16":{"loc":{"start":{"line":271,"column":19},"end":{"line":274,"column":null}},"type":"cond-expr","locations":[{"start":{"line":272,"column":20},"end":{"line":272,"column":null}},{"start":{"line":274,"column":20},"end":{"line":274,"column":null}}],"line":271},"17":{"loc":{"start":{"line":276,"column":19},"end":{"line":276,"column":null}},"type":"cond-expr","locations":[{"start":{"line":276,"column":31},"end":{"line":276,"column":46}},{"start":{"line":276,"column":46},"end":{"line":276,"column":null}}],"line":276},"18":{"loc":{"start":{"line":283,"column":28},"end":{"line":283,"column":null}},"type":"binary-expr","locations":[{"start":{"line":283,"column":28},"end":{"line":283,"column":41}},{"start":{"line":283,"column":41},"end":{"line":283,"column":null}}],"line":283},"19":{"loc":{"start":{"line":285,"column":19},"end":{"line":288,"column":null}},"type":"cond-expr","locations":[{"start":{"line":286,"column":20},"end":{"line":286,"column":null}},{"start":{"line":288,"column":20},"end":{"line":288,"column":null}}],"line":285},"20":{"loc":{"start":{"line":290,"column":19},"end":{"line":290,"column":null}},"type":"cond-expr","locations":[{"start":{"line":290,"column":31},"end":{"line":290,"column":46}},{"start":{"line":290,"column":46},"end":{"line":290,"column":null}}],"line":290},"21":{"loc":{"start":{"line":310,"column":19},"end":{"line":316,"column":null}},"type":"cond-expr","locations":[{"start":{"line":311,"column":22},"end":{"line":311,"column":null}},{"start":{"line":312,"column":22},"end":{"line":316,"column":null}}],"line":310},"22":{"loc":{"start":{"line":310,"column":19},"end":{"line":310,"column":null}},"type":"binary-expr","locations":[{"start":{"line":310,"column":19},"end":{"line":310,"column":57}},{"start":{"line":310,"column":57},"end":{"line":310,"column":null}}],"line":310},"23":{"loc":{"start":{"line":312,"column":22},"end":{"line":316,"column":null}},"type":"cond-expr","locations":[{"start":{"line":313,"column":24},"end":{"line":313,"column":null}},{"start":{"line":314,"column":24},"end":{"line":316,"column":null}}],"line":312},"24":{"loc":{"start":{"line":314,"column":24},"end":{"line":316,"column":null}},"type":"cond-expr","locations":[{"start":{"line":315,"column":26},"end":{"line":315,"column":null}},{"start":{"line":316,"column":26},"end":{"line":316,"column":null}}],"line":314},"25":{"loc":{"start":{"line":349,"column":15},"end":{"line":355,"column":null}},"type":"cond-expr","locations":[{"start":{"line":350,"column":16},"end":{"line":353,"column":null}},{"start":{"line":355,"column":16},"end":{"line":355,"column":null}}],"line":349}},"s":{"0":52,"1":52,"2":52,"3":52,"4":52,"5":1,"6":51,"7":51,"8":51,"9":51,"10":5,"11":5,"12":5,"13":4,"14":1,"15":1,"16":3,"17":3,"18":5,"19":1,"20":4,"21":51,"22":4,"23":4,"24":4,"25":3,"26":0,"27":0,"28":3,"29":3,"30":4,"31":0,"32":3,"33":51,"34":2,"35":2,"36":2,"37":2,"38":0,"39":0,"40":2,"41":2,"42":2,"43":2,"44":0,"45":2,"46":51,"47":93,"48":0,"49":93,"50":93,"51":51,"52":0,"53":3},"f":{"0":52,"1":5,"2":4,"3":2,"4":93,"5":0,"6":3},"b":{"0":[1,51],"1":[1,3],"2":[1,0],"3":[3,0],"4":[1,0],"5":[0,3],"6":[0,0],"7":[3,0],"8":[0,0],"9":[0,2],"10":[0,0],"11":[0,0],"12":[0,93],"13":[0,0],"14":[51,51],"15":[52,46],"16":[5,46],"17":[5,46],"18":[52,47],"19":[4,47],"20":[4,47],"21":[42,9],"22":[52,42],"23":[5,4],"24":[2,2],"25":[2,49]},"meta":{"lastBranch":26,"lastFunction":7,"lastStatement":54,"seen":{"f:51:16:51:41":0,"s:57:32:57:Infinity":0,"s:58:32:58:Infinity":1,"s:59:54:59:Infinity":2,"s:60:44:60:Infinity":3,"b:62:2:62:Infinity:undefined:undefined:undefined:undefined":0,"s:62:2:62:Infinity":4,"s:62:20:62:Infinity":5,"s:64:23:97:Infinity":6,"s:99:17:99:Infinity":7,"s:100:21:100:Infinity":8,"s:102:21:130:Infinity":9,"f:102:21:102:33":1,"s:103:4:103:Infinity":10,"s:104:4:129:Infinity":11,"s:105:23:111:Infinity":12,"b:113:6:116:Infinity:undefined:undefined:undefined:undefined":1,"s:113:6:116:Infinity":13,"s:114:22:114:Infinity":14,"s:115:8:115:Infinity":15,"b:115:24:115:39:115:39:115:66":2,"s:118:21:118:Infinity":16,"s:119:6:121:Infinity":17,"b:120:21:120:39:120:39:120:Infinity":3,"s:122:6:122:Infinity":18,"s:124:6:126:Infinity":19,"b:125:46:125:62:125:62:125:Infinity":4,"s:128:6:128:Infinity":20,"s:132:21:160:Infinity":21,"f:132:21:132:33":2,"s:133:4:133:Infinity":22,"s:134:4:159:Infinity":23,"s:135:23:141:Infinity":24,"b:143:6:146:Infinity:undefined:undefined:undefined:undefined":5,"s:143:6:146:Infinity":25,"s:144:22:144:Infinity":26,"s:145:8:145:Infinity":27,"b:145:24:145:39:145:39:145:67":6,"s:148:21:148:Infinity":28,"s:149:6:151:Infinity":29,"b:150:21:150:39:150:39:150:Infinity":7,"s:152:6:152:Infinity":30,"s:154:6:156:Infinity":31,"b:155:46:155:62:155:62:155:Infinity":8,"s:158:6:158:Infinity":32,"s:162:27:188:Infinity":33,"f:162:27:162:39":3,"s:163:4:163:Infinity":34,"s:164:4:187:Infinity":35,"s:165:23:168:Infinity":36,"b:170:6:173:Infinity:undefined:undefined:undefined:undefined":9,"s:170:6:173:Infinity":37,"s:171:22:171:Infinity":38,"s:172:8:172:Infinity":39,"b:172:24:172:39:172:39:172:73":10,"s:175:6:177:Infinity":40,"s:178:6:178:Infinity":41,"s:179:6:179:Infinity":42,"s:180:6:180:Infinity":43,"s:182:6:184:Infinity":44,"b:183:46:183:62:183:62:183:Infinity":11,"s:186:6:186:Infinity":45,"s:190:21:200:Infinity":46,"f:190:21:190:22":4,"b:191:4:191:Infinity:undefined:undefined:undefined:undefined":12,"s:191:4:191:Infinity":47,"s:191:21:191:Infinity":48,"s:192:17:192:Infinity":49,"s:193:4:199:Infinity":50,"s:202:2:361:Infinity":51,"f:204:42:204:43":5,"s:204:52:204:Infinity":52,"b:204:52:204:61:204:61:204:Infinity":13,"b:251:19:251:Infinity:252:20:255:Infinity":14,"b:269:28:269:41:269:41:269:Infinity":15,"b:272:20:272:Infinity:274:20:274:Infinity":16,"b:276:31:276:46:276:46:276:Infinity":17,"b:283:28:283:41:283:41:283:Infinity":18,"b:286:20:286:Infinity:288:20:288:Infinity":19,"b:290:31:290:46:290:46:290:Infinity":20,"f:296:27:296:33":6,"s:296:33:296:Infinity":53,"b:311:22:311:Infinity:312:22:316:Infinity":21,"b:310:19:310:57:310:57:310:Infinity":22,"b:313:24:313:Infinity:314:24:316:Infinity":23,"b:315:26:315:Infinity:316:26:316:Infinity":24,"b:350:16:353:Infinity:355:16:355:Infinity":25}}}
,"/Users/rodericandrews/_PAI/projects/command_center_audience_OS/components/onboarding/active-onboardings.tsx": {"path":"/Users/rodericandrews/_PAI/projects/command_center_audience_OS/components/onboarding/active-onboardings.tsx","statementMap":{"0":{"start":{"line":81,"column":50},"end":{"line":124,"column":null}},"1":{"start":{"line":129,"column":21},"end":{"line":129,"column":null}},"2":{"start":{"line":129,"column":56},"end":{"line":129,"column":78}},"3":{"start":{"line":130,"column":2},"end":{"line":130,"column":null}},"4":{"start":{"line":130,"column":18},"end":{"line":130,"column":null}},"5":{"start":{"line":133,"column":18},"end":{"line":133,"column":null}},"6":{"start":{"line":134,"column":26},"end":{"line":134,"column":null}},"7":{"start":{"line":134,"column":63},"end":{"line":134,"column":87}},"8":{"start":{"line":135,"column":2},"end":{"line":135,"column":null}},"9":{"start":{"line":135,"column":69},"end":{"line":135,"column":null}},"10":{"start":{"line":138,"column":26},"end":{"line":138,"column":null}},"11":{"start":{"line":138,"column":61},"end":{"line":138,"column":87}},"12":{"start":{"line":139,"column":2},"end":{"line":146,"column":null}},"13":{"start":{"line":140,"column":23},"end":{"line":140,"column":null}},"14":{"start":{"line":140,"column":45},"end":{"line":140,"column":78}},"15":{"start":{"line":141,"column":4},"end":{"line":141,"column":null}},"16":{"start":{"line":141,"column":26},"end":{"line":141,"column":null}},"17":{"start":{"line":142,"column":4},"end":{"line":142,"column":null}},"18":{"start":{"line":142,"column":26},"end":{"line":142,"column":null}},"19":{"start":{"line":143,"column":4},"end":{"line":143,"column":null}},"20":{"start":{"line":143,"column":26},"end":{"line":143,"column":null}},"21":{"start":{"line":144,"column":4},"end":{"line":144,"column":null}},"22":{"start":{"line":144,"column":26},"end":{"line":144,"column":null}},"23":{"start":{"line":145,"column":4},"end":{"line":145,"column":null}},"24":{"start":{"line":149,"column":2},"end":{"line":149,"column":null}},"25":{"start":{"line":165,"column":21},"end":{"line":165,"column":null}},"26":{"start":{"line":166,"column":20},"end":{"line":168,"column":null}},"27":{"start":{"line":169,"column":8},"end":{"line":169,"column":null}},"28":{"start":{"line":170,"column":18},"end":{"line":170,"column":null}},"29":{"start":{"line":171,"column":25},"end":{"line":173,"column":null}},"30":{"start":{"line":172,"column":40},"end":{"line":172,"column":62}},"31":{"start":{"line":175,"column":2},"end":{"line":302,"column":null}},"32":{"start":{"line":227,"column":31},"end":{"line":227,"column":null}},"33":{"start":{"line":245,"column":29},"end":{"line":245,"column":null}},"34":{"start":{"line":246,"column":34},"end":{"line":246,"column":null}},"35":{"start":{"line":247,"column":35},"end":{"line":247,"column":null}},"36":{"start":{"line":248,"column":32},"end":{"line":248,"column":null}},"37":{"start":{"line":251,"column":35},"end":{"line":254,"column":null}},"38":{"start":{"line":252,"column":34},"end":{"line":252,"column":null}},"39":{"start":{"line":253,"column":16},"end":{"line":253,"column":null}},"40":{"start":{"line":256,"column":14},"end":{"line":284,"column":null}},"41":{"start":{"line":318,"column":67},"end":{"line":321,"column":null}},"42":{"start":{"line":323,"column":16},"end":{"line":325,"column":null}},"43":{"start":{"line":327,"column":21},"end":{"line":327,"column":null}},"44":{"start":{"line":328,"column":20},"end":{"line":330,"column":null}},"45":{"start":{"line":331,"column":8},"end":{"line":331,"column":null}},"46":{"start":{"line":334,"column":18},"end":{"line":334,"column":null}},"47":{"start":{"line":335,"column":26},"end":{"line":335,"column":null}},"48":{"start":{"line":335,"column":63},"end":{"line":335,"column":87}},"49":{"start":{"line":336,"column":22},"end":{"line":336,"column":null}},"50":{"start":{"line":338,"column":2},"end":{"line":369,"column":null}},"51":{"start":{"line":340,"column":4},"end":{"line":367,"column":null}},"52":{"start":{"line":354,"column":23},"end":{"line":354,"column":null}},"53":{"start":{"line":372,"column":2},"end":{"line":414,"column":null}},"54":{"start":{"line":383,"column":21},"end":{"line":383,"column":null}},"55":{"start":{"line":433,"column":29},"end":{"line":436,"column":null}},"56":{"start":{"line":438,"column":2},"end":{"line":488,"column":null}},"57":{"start":{"line":440,"column":4},"end":{"line":486,"column":null}},"58":{"start":{"line":474,"column":18},"end":{"line":480,"column":null}},"59":{"start":{"line":491,"column":2},"end":{"line":551,"column":null}},"60":{"start":{"line":532,"column":16},"end":{"line":538,"column":null}},"61":{"start":{"line":572,"column":2},"end":{"line":572,"column":null}},"62":{"start":{"line":574,"column":42},"end":{"line":576,"column":null}},"63":{"start":{"line":578,"column":42},"end":{"line":578,"column":null}},"64":{"start":{"line":581,"column":8},"end":{"line":587,"column":null}},"65":{"start":{"line":590,"column":31},"end":{"line":592,"column":null}},"66":{"start":{"line":591,"column":4},"end":{"line":591,"column":null}},"67":{"start":{"line":595,"column":31},"end":{"line":597,"column":null}},"68":{"start":{"line":596,"column":4},"end":{"line":596,"column":null}},"69":{"start":{"line":600,"column":26},"end":{"line":605,"column":null}},"70":{"start":{"line":601,"column":21},"end":{"line":601,"column":null}},"71":{"start":{"line":602,"column":4},"end":{"line":604,"column":null}},"72":{"start":{"line":603,"column":6},"end":{"line":603,"column":null}},"73":{"start":{"line":607,"column":24},"end":{"line":624,"column":null}},"74":{"start":{"line":608,"column":29},"end":{"line":608,"column":null}},"75":{"start":{"line":609,"column":4},"end":{"line":609,"column":null}},"76":{"start":{"line":611,"column":4},"end":{"line":613,"column":null}},"77":{"start":{"line":612,"column":6},"end":{"line":612,"column":null}},"78":{"start":{"line":615,"column":21},"end":{"line":615,"column":null}},"79":{"start":{"line":616,"column":24},"end":{"line":616,"column":null}},"80":{"start":{"line":618,"column":4},"end":{"line":623,"column":null}},"81":{"start":{"line":620,"column":6},"end":{"line":620,"column":null}},"82":{"start":{"line":626,"column":8},"end":{"line":626,"column":null}},"83":{"start":{"line":628,"column":2},"end":{"line":630,"column":null}},"84":{"start":{"line":629,"column":4},"end":{"line":629,"column":null}},"85":{"start":{"line":633,"column":27},"end":{"line":638,"column":null}},"86":{"start":{"line":634,"column":18},"end":{"line":634,"column":null}},"87":{"start":{"line":635,"column":4},"end":{"line":635,"column":null}},"88":{"start":{"line":635,"column":21},"end":{"line":635,"column":null}},"89":{"start":{"line":636,"column":4},"end":{"line":636,"column":null}},"90":{"start":{"line":637,"column":4},"end":{"line":637,"column":null}},"91":{"start":{"line":640,"column":22},"end":{"line":650,"column":null}},"92":{"start":{"line":641,"column":4},"end":{"line":649,"column":null}},"93":{"start":{"line":642,"column":19},"end":{"line":642,"column":null}},"94":{"start":{"line":643,"column":6},"end":{"line":647,"column":null}},"95":{"start":{"line":644,"column":8},"end":{"line":644,"column":null}},"96":{"start":{"line":646,"column":8},"end":{"line":646,"column":null}},"97":{"start":{"line":648,"column":6},"end":{"line":648,"column":null}},"98":{"start":{"line":652,"column":24},"end":{"line":654,"column":null}},"99":{"start":{"line":653,"column":33},"end":{"line":653,"column":89}},"100":{"start":{"line":656,"column":20},"end":{"line":656,"column":null}},"101":{"start":{"line":658,"column":2},"end":{"line":664,"column":null}},"102":{"start":{"line":659,"column":4},"end":{"line":662,"column":null}},"103":{"start":{"line":666,"column":2},"end":{"line":674,"column":null}},"104":{"start":{"line":667,"column":4},"end":{"line":672,"column":null}},"105":{"start":{"line":676,"column":2},"end":{"line":764,"column":null}},"106":{"start":{"line":704,"column":37},"end":{"line":704,"column":null}},"107":{"start":{"line":705,"column":33},"end":{"line":705,"column":null}},"108":{"start":{"line":707,"column":14},"end":{"line":717,"column":null}},"109":{"start":{"line":715,"column":34},"end":{"line":715,"column":null}}},"fnMap":{"0":{"name":"getOnboardingStageForInstance","decl":{"start":{"line":127,"column":9},"end":{"line":127,"column":39}},"loc":{"start":{"line":127,"column":101},"end":{"line":150,"column":null}},"line":127},"1":{"name":"(anonymous_1)","decl":{"start":{"line":129,"column":51},"end":{"line":129,"column":56}},"loc":{"start":{"line":129,"column":56},"end":{"line":129,"column":78}},"line":129},"2":{"name":"(anonymous_2)","decl":{"start":{"line":134,"column":58},"end":{"line":134,"column":63}},"loc":{"start":{"line":134,"column":63},"end":{"line":134,"column":87}},"line":134},"3":{"name":"(anonymous_3)","decl":{"start":{"line":138,"column":56},"end":{"line":138,"column":61}},"loc":{"start":{"line":138,"column":61},"end":{"line":138,"column":87}},"line":138},"4":{"name":"(anonymous_4)","decl":{"start":{"line":140,"column":40},"end":{"line":140,"column":45}},"loc":{"start":{"line":140,"column":45},"end":{"line":140,"column":78}},"line":140},"5":{"name":"ClientDetailPanel","decl":{"start":{"line":164,"column":9},"end":{"line":164,"column":27}},"loc":{"start":{"line":164,"column":121},"end":{"line":304,"column":null}},"line":164},"6":{"name":"(anonymous_6)","decl":{"start":{"line":172,"column":33},"end":{"line":172,"column":34}},"loc":{"start":{"line":172,"column":40},"end":{"line":172,"column":62}},"line":172},"7":{"name":"(anonymous_7)","decl":{"start":{"line":227,"column":25},"end":{"line":227,"column":31}},"loc":{"start":{"line":227,"column":31},"end":{"line":227,"column":null}},"line":227},"8":{"name":"(anonymous_8)","decl":{"start":{"line":244,"column":24},"end":{"line":244,"column":25}},"loc":{"start":{"line":244,"column":31},"end":{"line":286,"column":13}},"line":244},"9":{"name":"(anonymous_9)","decl":{"start":{"line":251,"column":35},"end":{"line":251,"column":47}},"loc":{"start":{"line":251,"column":47},"end":{"line":254,"column":null}},"line":251},"10":{"name":"DraggableClient","decl":{"start":{"line":317,"column":9},"end":{"line":317,"column":25}},"loc":{"start":{"line":317,"column":94},"end":{"line":416,"column":null}},"line":317},"11":{"name":"(anonymous_11)","decl":{"start":{"line":335,"column":58},"end":{"line":335,"column":63}},"loc":{"start":{"line":335,"column":63},"end":{"line":335,"column":87}},"line":335},"12":{"name":"(anonymous_12)","decl":{"start":{"line":354,"column":17},"end":{"line":354,"column":23}},"loc":{"start":{"line":354,"column":23},"end":{"line":354,"column":null}},"line":354},"13":{"name":"(anonymous_13)","decl":{"start":{"line":383,"column":15},"end":{"line":383,"column":21}},"loc":{"start":{"line":383,"column":21},"end":{"line":383,"column":null}},"line":383},"14":{"name":"StageRow","decl":{"start":{"line":432,"column":9},"end":{"line":432,"column":18}},"loc":{"start":{"line":432,"column":126},"end":{"line":553,"column":null}},"line":432},"15":{"name":"(anonymous_15)","decl":{"start":{"line":473,"column":31},"end":{"line":473,"column":32}},"loc":{"start":{"line":474,"column":18},"end":{"line":480,"column":null}},"line":474},"16":{"name":"(anonymous_16)","decl":{"start":{"line":531,"column":29},"end":{"line":531,"column":30}},"loc":{"start":{"line":532,"column":16},"end":{"line":538,"column":null}},"line":532},"17":{"name":"ActiveOnboardings","decl":{"start":{"line":564,"column":16},"end":{"line":564,"column":34}},"loc":{"start":{"line":564,"column":77},"end":{"line":766,"column":null}},"line":564},"18":{"name":"(anonymous_18)","decl":{"start":{"line":590,"column":31},"end":{"line":590,"column":32}},"loc":{"start":{"line":590,"column":78},"end":{"line":592,"column":null}},"line":590},"19":{"name":"(anonymous_19)","decl":{"start":{"line":595,"column":31},"end":{"line":595,"column":37}},"loc":{"start":{"line":595,"column":37},"end":{"line":597,"column":null}},"line":595},"20":{"name":"(anonymous_20)","decl":{"start":{"line":600,"column":26},"end":{"line":600,"column":27}},"loc":{"start":{"line":600,"column":53},"end":{"line":605,"column":null}},"line":600},"21":{"name":"(anonymous_21)","decl":{"start":{"line":607,"column":24},"end":{"line":607,"column":25}},"loc":{"start":{"line":607,"column":49},"end":{"line":624,"column":null}},"line":607},"22":{"name":"(anonymous_22)","decl":{"start":{"line":628,"column":12},"end":{"line":628,"column":18}},"loc":{"start":{"line":628,"column":18},"end":{"line":630,"column":5}},"line":628},"23":{"name":"(anonymous_23)","decl":{"start":{"line":633,"column":44},"end":{"line":633,"column":45}},"loc":{"start":{"line":633,"column":63},"end":{"line":638,"column":5}},"line":633},"24":{"name":"(anonymous_24)","decl":{"start":{"line":640,"column":22},"end":{"line":640,"column":23}},"loc":{"start":{"line":640,"column":52},"end":{"line":650,"column":null}},"line":640},"25":{"name":"(anonymous_25)","decl":{"start":{"line":641,"column":22},"end":{"line":641,"column":23}},"loc":{"start":{"line":641,"column":32},"end":{"line":649,"column":5}},"line":641},"26":{"name":"(anonymous_26)","decl":{"start":{"line":653,"column":28},"end":{"line":653,"column":33}},"loc":{"start":{"line":653,"column":33},"end":{"line":653,"column":89}},"line":653},"27":{"name":"(anonymous_27)","decl":{"start":{"line":703,"column":34},"end":{"line":703,"column":35}},"loc":{"start":{"line":703,"column":45},"end":{"line":719,"column":13}},"line":703},"28":{"name":"(anonymous_28)","decl":{"start":{"line":715,"column":28},"end":{"line":715,"column":34}},"loc":{"start":{"line":715,"column":34},"end":{"line":715,"column":null}},"line":715}},"branchMap":{"0":{"loc":{"start":{"line":130,"column":2},"end":{"line":130,"column":null}},"type":"if","locations":[{"start":{"line":130,"column":2},"end":{"line":130,"column":null}},{"start":{},"end":{}}],"line":130},"1":{"loc":{"start":{"line":133,"column":18},"end":{"line":133,"column":null}},"type":"binary-expr","locations":[{"start":{"line":133,"column":18},"end":{"line":133,"column":70}},{"start":{"line":133,"column":70},"end":{"line":133,"column":null}}],"line":133},"2":{"loc":{"start":{"line":134,"column":26},"end":{"line":134,"column":null}},"type":"binary-expr","locations":[{"start":{"line":134,"column":26},"end":{"line":134,"column":92}},{"start":{"line":134,"column":92},"end":{"line":134,"column":null}}],"line":134},"3":{"loc":{"start":{"line":135,"column":2},"end":{"line":135,"column":null}},"type":"if","locations":[{"start":{"line":135,"column":2},"end":{"line":135,"column":null}},{"start":{},"end":{}}],"line":135},"4":{"loc":{"start":{"line":135,"column":6},"end":{"line":135,"column":69}},"type":"binary-expr","locations":[{"start":{"line":135,"column":6},"end":{"line":135,"column":50}},{"start":{"line":135,"column":50},"end":{"line":135,"column":69}}],"line":135},"5":{"loc":{"start":{"line":139,"column":2},"end":{"line":146,"column":null}},"type":"if","locations":[{"start":{"line":139,"column":2},"end":{"line":146,"column":null}},{"start":{},"end":{}}],"line":139},"6":{"loc":{"start":{"line":141,"column":4},"end":{"line":141,"column":null}},"type":"if","locations":[{"start":{"line":141,"column":4},"end":{"line":141,"column":null}},{"start":{},"end":{}}],"line":141},"7":{"loc":{"start":{"line":142,"column":4},"end":{"line":142,"column":null}},"type":"if","locations":[{"start":{"line":142,"column":4},"end":{"line":142,"column":null}},{"start":{},"end":{}}],"line":142},"8":{"loc":{"start":{"line":143,"column":4},"end":{"line":143,"column":null}},"type":"if","locations":[{"start":{"line":143,"column":4},"end":{"line":143,"column":null}},{"start":{},"end":{}}],"line":143},"9":{"loc":{"start":{"line":144,"column":4},"end":{"line":144,"column":null}},"type":"if","locations":[{"start":{"line":144,"column":4},"end":{"line":144,"column":null}},{"start":{},"end":{}}],"line":144},"10":{"loc":{"start":{"line":165,"column":21},"end":{"line":165,"column":null}},"type":"binary-expr","locations":[{"start":{"line":165,"column":21},"end":{"line":165,"column":46}},{"start":{"line":165,"column":46},"end":{"line":165,"column":null}}],"line":165},"11":{"loc":{"start":{"line":166,"column":20},"end":{"line":168,"column":null}},"type":"cond-expr","locations":[{"start":{"line":167,"column":6},"end":{"line":167,"column":null}},{"start":{"line":168,"column":6},"end":{"line":168,"column":null}}],"line":166},"12":{"loc":{"start":{"line":167,"column":9},"end":{"line":167,"column":52}},"type":"binary-expr","locations":[{"start":{"line":167,"column":9},"end":{"line":167,"column":50}},{"start":{"line":167,"column":50},"end":{"line":167,"column":52}}],"line":167},"13":{"loc":{"start":{"line":167,"column":56},"end":{"line":167,"column":98}},"type":"binary-expr","locations":[{"start":{"line":167,"column":56},"end":{"line":167,"column":96}},{"start":{"line":167,"column":96},"end":{"line":167,"column":98}}],"line":167},"14":{"loc":{"start":{"line":170,"column":18},"end":{"line":170,"column":null}},"type":"binary-expr","locations":[{"start":{"line":170,"column":18},"end":{"line":170,"column":70}},{"start":{"line":170,"column":70},"end":{"line":170,"column":null}}],"line":170},"15":{"loc":{"start":{"line":172,"column":4},"end":{"line":172,"column":null}},"type":"binary-expr","locations":[{"start":{"line":172,"column":4},"end":{"line":172,"column":67}},{"start":{"line":172,"column":67},"end":{"line":172,"column":null}}],"line":172},"16":{"loc":{"start":{"line":181,"column":30},"end":{"line":181,"column":83}},"type":"binary-expr","locations":[{"start":{"line":181,"column":30},"end":{"line":181,"column":72}},{"start":{"line":181,"column":72},"end":{"line":181,"column":83}}],"line":181},"17":{"loc":{"start":{"line":218,"column":13},"end":{"line":222,"column":null}},"type":"binary-expr","locations":[{"start":{"line":218,"column":13},"end":{"line":218,"column":null}},{"start":{"line":219,"column":14},"end":{"line":222,"column":null}}],"line":218},"18":{"loc":{"start":{"line":225,"column":13},"end":{"line":232,"column":null}},"type":"binary-expr","locations":[{"start":{"line":225,"column":13},"end":{"line":225,"column":36}},{"start":{"line":225,"column":36},"end":{"line":225,"column":null}},{"start":{"line":226,"column":14},"end":{"line":232,"column":null}}],"line":225},"19":{"loc":{"start":{"line":245,"column":29},"end":{"line":245,"column":null}},"type":"binary-expr","locations":[{"start":{"line":245,"column":29},"end":{"line":245,"column":57}},{"start":{"line":245,"column":57},"end":{"line":245,"column":null}}],"line":245},"20":{"loc":{"start":{"line":252,"column":34},"end":{"line":252,"column":null}},"type":"cond-expr","locations":[{"start":{"line":252,"column":48},"end":{"line":252,"column":60}},{"start":{"line":252,"column":60},"end":{"line":252,"column":null}}],"line":252},"21":{"loc":{"start":{"line":263,"column":20},"end":{"line":263,"column":null}},"type":"binary-expr","locations":[{"start":{"line":263,"column":20},"end":{"line":263,"column":35}},{"start":{"line":263,"column":35},"end":{"line":263,"column":null}}],"line":263},"22":{"loc":{"start":{"line":264,"column":20},"end":{"line":264,"column":null}},"type":"binary-expr","locations":[{"start":{"line":264,"column":20},"end":{"line":264,"column":36}},{"start":{"line":264,"column":36},"end":{"line":264,"column":null}}],"line":264},"23":{"loc":{"start":{"line":265,"column":20},"end":{"line":265,"column":null}},"type":"binary-expr","locations":[{"start":{"line":265,"column":20},"end":{"line":265,"column":33}},{"start":{"line":265,"column":33},"end":{"line":265,"column":null}}],"line":265},"24":{"loc":{"start":{"line":266,"column":20},"end":{"line":266,"column":null}},"type":"binary-expr","locations":[{"start":{"line":266,"column":20},"end":{"line":266,"column":36}},{"start":{"line":266,"column":36},"end":{"line":266,"column":53}},{"start":{"line":266,"column":53},"end":{"line":266,"column":67}},{"start":{"line":266,"column":67},"end":{"line":266,"column":null}}],"line":266},"25":{"loc":{"start":{"line":269,"column":19},"end":{"line":276,"column":null}},"type":"cond-expr","locations":[{"start":{"line":270,"column":20},"end":{"line":270,"column":null}},{"start":{"line":271,"column":22},"end":{"line":276,"column":null}}],"line":269},"26":{"loc":{"start":{"line":271,"column":22},"end":{"line":276,"column":null}},"type":"cond-expr","locations":[{"start":{"line":272,"column":20},"end":{"line":272,"column":null}},{"start":{"line":273,"column":22},"end":{"line":276,"column":null}}],"line":271},"27":{"loc":{"start":{"line":273,"column":22},"end":{"line":276,"column":null}},"type":"cond-expr","locations":[{"start":{"line":274,"column":20},"end":{"line":274,"column":null}},{"start":{"line":276,"column":20},"end":{"line":276,"column":null}}],"line":273},"28":{"loc":{"start":{"line":280,"column":20},"end":{"line":280,"column":null}},"type":"binary-expr","locations":[{"start":{"line":280,"column":20},"end":{"line":280,"column":35}},{"start":{"line":280,"column":35},"end":{"line":280,"column":null}}],"line":280},"29":{"loc":{"start":{"line":291,"column":9},"end":{"line":299,"column":null}},"type":"binary-expr","locations":[{"start":{"line":291,"column":9},"end":{"line":291,"column":null}},{"start":{"line":292,"column":10},"end":{"line":299,"column":null}}],"line":291},"30":{"loc":{"start":{"line":296,"column":20},"end":{"line":296,"column":79}},"type":"cond-expr","locations":[{"start":{"line":296,"column":52},"end":{"line":296,"column":77}},{"start":{"line":296,"column":77},"end":{"line":296,"column":79}}],"line":296},"31":{"loc":{"start":{"line":323,"column":16},"end":{"line":325,"column":null}},"type":"cond-expr","locations":[{"start":{"line":323,"column":28},"end":{"line":325,"column":6}},{"start":{"line":325,"column":6},"end":{"line":325,"column":null}}],"line":323},"32":{"loc":{"start":{"line":327,"column":21},"end":{"line":327,"column":null}},"type":"binary-expr","locations":[{"start":{"line":327,"column":21},"end":{"line":327,"column":46}},{"start":{"line":327,"column":46},"end":{"line":327,"column":null}}],"line":327},"33":{"loc":{"start":{"line":328,"column":20},"end":{"line":330,"column":null}},"type":"cond-expr","locations":[{"start":{"line":329,"column":6},"end":{"line":329,"column":null}},{"start":{"line":330,"column":6},"end":{"line":330,"column":null}}],"line":328},"34":{"loc":{"start":{"line":329,"column":9},"end":{"line":329,"column":52}},"type":"binary-expr","locations":[{"start":{"line":329,"column":9},"end":{"line":329,"column":50}},{"start":{"line":329,"column":50},"end":{"line":329,"column":52}}],"line":329},"35":{"loc":{"start":{"line":329,"column":56},"end":{"line":329,"column":98}},"type":"binary-expr","locations":[{"start":{"line":329,"column":56},"end":{"line":329,"column":96}},{"start":{"line":329,"column":96},"end":{"line":329,"column":98}}],"line":329},"36":{"loc":{"start":{"line":334,"column":18},"end":{"line":334,"column":null}},"type":"binary-expr","locations":[{"start":{"line":334,"column":18},"end":{"line":334,"column":70}},{"start":{"line":334,"column":70},"end":{"line":334,"column":null}}],"line":334},"37":{"loc":{"start":{"line":335,"column":26},"end":{"line":335,"column":null}},"type":"binary-expr","locations":[{"start":{"line":335,"column":26},"end":{"line":335,"column":92}},{"start":{"line":335,"column":92},"end":{"line":335,"column":null}}],"line":335},"38":{"loc":{"start":{"line":336,"column":22},"end":{"line":336,"column":null}},"type":"binary-expr","locations":[{"start":{"line":336,"column":22},"end":{"line":336,"column":66}},{"start":{"line":336,"column":66},"end":{"line":336,"column":null}}],"line":336},"39":{"loc":{"start":{"line":338,"column":2},"end":{"line":369,"column":null}},"type":"if","locations":[{"start":{"line":338,"column":2},"end":{"line":369,"column":null}},{"start":{},"end":{}}],"line":338},"40":{"loc":{"start":{"line":346,"column":10},"end":{"line":348,"column":null}},"type":"cond-expr","locations":[{"start":{"line":347,"column":14},"end":{"line":347,"column":null}},{"start":{"line":348,"column":14},"end":{"line":348,"column":null}}],"line":346},"41":{"loc":{"start":{"line":349,"column":10},"end":{"line":349,"column":null}},"type":"binary-expr","locations":[{"start":{"line":349,"column":10},"end":{"line":349,"column":24}},{"start":{"line":349,"column":24},"end":{"line":349,"column":null}}],"line":349},"42":{"loc":{"start":{"line":350,"column":10},"end":{"line":350,"column":null}},"type":"binary-expr","locations":[{"start":{"line":350,"column":10},"end":{"line":350,"column":25}},{"start":{"line":350,"column":25},"end":{"line":350,"column":null}}],"line":350},"43":{"loc":{"start":{"line":363,"column":10},"end":{"line":363,"column":null}},"type":"binary-expr","locations":[{"start":{"line":363,"column":10},"end":{"line":363,"column":25}},{"start":{"line":363,"column":25},"end":{"line":363,"column":null}}],"line":363},"44":{"loc":{"start":{"line":378,"column":8},"end":{"line":378,"column":null}},"type":"binary-expr","locations":[{"start":{"line":378,"column":8},"end":{"line":378,"column":22}},{"start":{"line":378,"column":22},"end":{"line":378,"column":null}}],"line":378},"45":{"loc":{"start":{"line":379,"column":8},"end":{"line":379,"column":null}},"type":"binary-expr","locations":[{"start":{"line":379,"column":8},"end":{"line":379,"column":23}},{"start":{"line":379,"column":23},"end":{"line":379,"column":null}}],"line":379},"46":{"loc":{"start":{"line":387,"column":28},"end":{"line":387,"column":81}},"type":"binary-expr","locations":[{"start":{"line":387,"column":28},"end":{"line":387,"column":70}},{"start":{"line":387,"column":70},"end":{"line":387,"column":81}}],"line":387},"47":{"loc":{"start":{"line":395,"column":12},"end":{"line":395,"column":null}},"type":"binary-expr","locations":[{"start":{"line":395,"column":12},"end":{"line":395,"column":27}},{"start":{"line":395,"column":27},"end":{"line":395,"column":null}}],"line":395},"48":{"loc":{"start":{"line":407,"column":12},"end":{"line":407,"column":null}},"type":"cond-expr","locations":[{"start":{"line":407,"column":30},"end":{"line":407,"column":50}},{"start":{"line":407,"column":50},"end":{"line":407,"column":null}}],"line":407},"49":{"loc":{"start":{"line":438,"column":2},"end":{"line":488,"column":null}},"type":"if","locations":[{"start":{"line":438,"column":2},"end":{"line":488,"column":null}},{"start":{},"end":{}}],"line":438},"50":{"loc":{"start":{"line":445,"column":10},"end":{"line":445,"column":null}},"type":"binary-expr","locations":[{"start":{"line":445,"column":10},"end":{"line":445,"column":20}},{"start":{"line":445,"column":20},"end":{"line":445,"column":null}}],"line":445},"51":{"loc":{"start":{"line":455,"column":12},"end":{"line":455,"column":null}},"type":"binary-expr","locations":[{"start":{"line":455,"column":12},"end":{"line":455,"column":26}},{"start":{"line":455,"column":26},"end":{"line":455,"column":null}}],"line":455},"52":{"loc":{"start":{"line":464,"column":11},"end":{"line":483,"column":null}},"type":"binary-expr","locations":[{"start":{"line":464,"column":11},"end":{"line":464,"column":25}},{"start":{"line":464,"column":25},"end":{"line":464,"column":null}},{"start":{"line":465,"column":12},"end":{"line":483,"column":null}}],"line":464},"53":{"loc":{"start":{"line":496,"column":8},"end":{"line":496,"column":null}},"type":"binary-expr","locations":[{"start":{"line":496,"column":8},"end":{"line":496,"column":18}},{"start":{"line":496,"column":18},"end":{"line":496,"column":null}}],"line":496},"54":{"loc":{"start":{"line":506,"column":10},"end":{"line":506,"column":null}},"type":"binary-expr","locations":[{"start":{"line":506,"column":10},"end":{"line":506,"column":24}},{"start":{"line":506,"column":24},"end":{"line":506,"column":null}}],"line":506},"55":{"loc":{"start":{"line":522,"column":9},"end":{"line":541,"column":null}},"type":"binary-expr","locations":[{"start":{"line":522,"column":9},"end":{"line":522,"column":23}},{"start":{"line":522,"column":23},"end":{"line":522,"column":null}},{"start":{"line":523,"column":10},"end":{"line":541,"column":null}}],"line":522},"56":{"loc":{"start":{"line":546,"column":7},"end":{"line":549,"column":null}},"type":"binary-expr","locations":[{"start":{"line":546,"column":7},"end":{"line":546,"column":21}},{"start":{"line":546,"column":21},"end":{"line":546,"column":null}},{"start":{"line":547,"column":8},"end":{"line":549,"column":null}}],"line":546},"57":{"loc":{"start":{"line":602,"column":4},"end":{"line":604,"column":null}},"type":"if","locations":[{"start":{"line":602,"column":4},"end":{"line":604,"column":null}},{"start":{},"end":{}}],"line":602},"58":{"loc":{"start":{"line":611,"column":4},"end":{"line":613,"column":null}},"type":"if","locations":[{"start":{"line":611,"column":4},"end":{"line":613,"column":null}},{"start":{},"end":{}}],"line":611},"59":{"loc":{"start":{"line":611,"column":8},"end":{"line":611,"column":40}},"type":"binary-expr","locations":[{"start":{"line":611,"column":8},"end":{"line":611,"column":17}},{"start":{"line":611,"column":17},"end":{"line":611,"column":40}}],"line":611},"60":{"loc":{"start":{"line":618,"column":4},"end":{"line":623,"column":null}},"type":"if","locations":[{"start":{"line":618,"column":4},"end":{"line":623,"column":null}},{"start":{},"end":{}}],"line":618},"61":{"loc":{"start":{"line":618,"column":8},"end":{"line":618,"column":33}},"type":"binary-expr","locations":[{"start":{"line":618,"column":8},"end":{"line":618,"column":20}},{"start":{"line":618,"column":20},"end":{"line":618,"column":33}}],"line":618},"62":{"loc":{"start":{"line":620,"column":28},"end":{"line":620,"column":61}},"type":"binary-expr","locations":[{"start":{"line":620,"column":28},"end":{"line":620,"column":53}},{"start":{"line":620,"column":53},"end":{"line":620,"column":61}}],"line":620},"63":{"loc":{"start":{"line":635,"column":4},"end":{"line":635,"column":null}},"type":"if","locations":[{"start":{"line":635,"column":4},"end":{"line":635,"column":null}},{"start":{},"end":{}}],"line":635},"64":{"loc":{"start":{"line":643,"column":6},"end":{"line":647,"column":null}},"type":"if","locations":[{"start":{"line":643,"column":6},"end":{"line":647,"column":null}},{"start":{"line":645,"column":13},"end":{"line":647,"column":null}}],"line":643},"65":{"loc":{"start":{"line":652,"column":24},"end":{"line":654,"column":null}},"type":"cond-expr","locations":[{"start":{"line":653,"column":6},"end":{"line":653,"column":null}},{"start":{"line":654,"column":6},"end":{"line":654,"column":null}}],"line":652},"66":{"loc":{"start":{"line":658,"column":2},"end":{"line":664,"column":null}},"type":"if","locations":[{"start":{"line":658,"column":2},"end":{"line":664,"column":null}},{"start":{},"end":{}}],"line":658},"67":{"loc":{"start":{"line":658,"column":6},"end":{"line":658,"column":52}},"type":"binary-expr","locations":[{"start":{"line":658,"column":6},"end":{"line":658,"column":28}},{"start":{"line":658,"column":28},"end":{"line":658,"column":52}}],"line":658},"68":{"loc":{"start":{"line":666,"column":2},"end":{"line":674,"column":null}},"type":"if","locations":[{"start":{"line":666,"column":2},"end":{"line":674,"column":null}},{"start":{},"end":{}}],"line":666},"69":{"loc":{"start":{"line":686,"column":28},"end":{"line":686,"column":53}},"type":"cond-expr","locations":[{"start":{"line":686,"column":40},"end":{"line":686,"column":46}},{"start":{"line":686,"column":46},"end":{"line":686,"column":53}}],"line":686},"70":{"loc":{"start":{"line":689,"column":29},"end":{"line":689,"column":58}},"type":"cond-expr","locations":[{"start":{"line":689,"column":41},"end":{"line":689,"column":47}},{"start":{"line":689,"column":47},"end":{"line":689,"column":58}}],"line":689},"71":{"loc":{"start":{"line":689,"column":70},"end":{"line":689,"column":96}},"type":"cond-expr","locations":[{"start":{"line":689,"column":82},"end":{"line":689,"column":86}},{"start":{"line":689,"column":86},"end":{"line":689,"column":96}}],"line":689},"72":{"loc":{"start":{"line":694,"column":13},"end":{"line":697,"column":null}},"type":"binary-expr","locations":[{"start":{"line":694,"column":13},"end":{"line":694,"column":null}},{"start":{"line":695,"column":14},"end":{"line":697,"column":null}}],"line":694},"73":{"loc":{"start":{"line":704,"column":37},"end":{"line":704,"column":null}},"type":"binary-expr","locations":[{"start":{"line":704,"column":37},"end":{"line":704,"column":67}},{"start":{"line":704,"column":67},"end":{"line":704,"column":null}}],"line":704},"74":{"loc":{"start":{"line":714,"column":38},"end":{"line":714,"column":null}},"type":"binary-expr","locations":[{"start":{"line":714,"column":38},"end":{"line":714,"column":62}},{"start":{"line":714,"column":62},"end":{"line":714,"column":null}}],"line":714},"75":{"loc":{"start":{"line":725,"column":11},"end":{"line":741,"column":null}},"type":"binary-expr","locations":[{"start":{"line":725,"column":11},"end":{"line":725,"column":31}},{"start":{"line":725,"column":31},"end":{"line":725,"column":null}},{"start":{"line":726,"column":12},"end":{"line":741,"column":null}}],"line":725},"76":{"loc":{"start":{"line":748,"column":9},"end":{"line":761,"column":null}},"type":"binary-expr","locations":[{"start":{"line":748,"column":9},"end":{"line":748,"column":null}},{"start":{"line":749,"column":10},"end":{"line":761,"column":null}}],"line":748},"77":{"loc":{"start":{"line":752,"column":18},"end":{"line":752,"column":54}},"type":"binary-expr","locations":[{"start":{"line":752,"column":18},"end":{"line":752,"column":49}},{"start":{"line":752,"column":49},"end":{"line":752,"column":54}}],"line":752},"78":{"loc":{"start":{"line":757,"column":17},"end":{"line":757,"column":null}},"type":"binary-expr","locations":[{"start":{"line":757,"column":17},"end":{"line":757,"column":48}},{"start":{"line":757,"column":48},"end":{"line":757,"column":null}}],"line":757}},"s":{"0":1,"1":16,"2":20,"3":16,"4":2,"5":14,"6":16,"7":18,"8":16,"9":4,"10":10,"11":10,"12":16,"13":8,"14":10,"15":8,"16":6,"17":2,"18":2,"19":0,"20":0,"21":0,"22":0,"23":0,"24":2,"25":0,"26":0,"27":0,"28":0,"29":0,"30":0,"31":0,"32":0,"33":0,"34":0,"35":0,"36":0,"37":0,"38":0,"39":0,"40":0,"41":12,"42":12,"43":12,"44":12,"45":12,"46":12,"47":12,"48":14,"49":12,"50":12,"51":12,"52":0,"53":0,"54":0,"55":96,"56":96,"57":96,"58":12,"59":0,"60":0,"61":19,"62":19,"63":19,"64":19,"65":19,"66":0,"67":19,"68":0,"69":19,"70":0,"71":0,"72":0,"73":19,"74":0,"75":0,"76":0,"77":0,"78":0,"79":0,"80":0,"81":0,"82":19,"83":19,"84":15,"85":19,"86":16,"87":16,"88":16,"89":16,"90":16,"91":19,"92":4,"93":4,"94":4,"95":1,"96":3,"97":4,"98":19,"99":0,"100":19,"101":19,"102":1,"103":18,"104":2,"105":16,"106":96,"107":96,"108":96,"109":4},"f":{"0":16,"1":20,"2":18,"3":10,"4":10,"5":0,"6":0,"7":0,"8":0,"9":0,"10":12,"11":14,"12":0,"13":0,"14":96,"15":12,"16":0,"17":19,"18":0,"19":0,"20":0,"21":0,"22":15,"23":16,"24":4,"25":4,"26":0,"27":96,"28":4},"b":{"0":[2,14],"1":[14,0],"2":[16,0],"3":[4,12],"4":[16,4],"5":[8,8],"6":[6,2],"7":[2,0],"8":[0,0],"9":[0,0],"10":[0,0],"11":[0,0],"12":[0,0],"13":[0,0],"14":[0,0],"15":[0,0],"16":[0,0],"17":[0,0],"18":[0,0,0],"19":[0,0],"20":[0,0],"21":[0,0],"22":[0,0],"23":[0,0],"24":[0,0,0,0],"25":[0,0],"26":[0,0],"27":[0,0],"28":[0,0],"29":[0,0],"30":[0,0],"31":[0,12],"32":[12,0],"33":[10,2],"34":[10,0],"35":[10,0],"36":[12,0],"37":[12,0],"38":[12,2],"39":[12,0],"40":[0,12],"41":[12,0],"42":[12,2],"43":[12,2],"44":[0,0],"45":[12,0],"46":[12,0],"47":[12,0],"48":[0,0],"49":[96,0],"50":[96,0],"51":[96,50],"52":[96,50,12],"53":[0,0],"54":[96,0],"55":[96,0,0],"56":[96,0,0],"57":[0,0],"58":[0,0],"59":[0,0],"60":[0,0],"61":[0,0],"62":[0,0],"63":[16,0],"64":[1,3],"65":[0,19],"66":[1,18],"67":[19,1],"68":[2,16],"69":[16,0],"70":[16,0],"71":[16,0],"72":[19,0],"73":[96,80],"74":[96,96],"75":[19,0,0],"76":[19,0],"77":[0,0],"78":[0,0]},"meta":{"lastBranch":79,"lastFunction":29,"lastStatement":110,"seen":{"s:81:50:124:Infinity":0,"f:127:9:127:39":0,"s:129:21:129:Infinity":1,"f:129:51:129:56":1,"s:129:56:129:78":2,"b:130:2:130:Infinity:undefined:undefined:undefined:undefined":0,"s:130:2:130:Infinity":3,"s:130:18:130:Infinity":4,"s:133:18:133:Infinity":5,"b:133:18:133:70:133:70:133:Infinity":1,"s:134:26:134:Infinity":6,"b:134:26:134:92:134:92:134:Infinity":2,"f:134:58:134:63":2,"s:134:63:134:87":7,"b:135:2:135:Infinity:undefined:undefined:undefined:undefined":3,"s:135:2:135:Infinity":8,"b:135:6:135:50:135:50:135:69":4,"s:135:69:135:Infinity":9,"s:138:26:138:Infinity":10,"f:138:56:138:61":3,"s:138:61:138:87":11,"b:139:2:146:Infinity:undefined:undefined:undefined:undefined":5,"s:139:2:146:Infinity":12,"s:140:23:140:Infinity":13,"f:140:40:140:45":4,"s:140:45:140:78":14,"b:141:4:141:Infinity:undefined:undefined:undefined:undefined":6,"s:141:4:141:Infinity":15,"s:141:26:141:Infinity":16,"b:142:4:142:Infinity:undefined:undefined:undefined:undefined":7,"s:142:4:142:Infinity":17,"s:142:26:142:Infinity":18,"b:143:4:143:Infinity:undefined:undefined:undefined:undefined":8,"s:143:4:143:Infinity":19,"s:143:26:143:Infinity":20,"b:144:4:144:Infinity:undefined:undefined:undefined:undefined":9,"s:144:4:144:Infinity":21,"s:144:26:144:Infinity":22,"s:145:4:145:Infinity":23,"s:149:2:149:Infinity":24,"f:164:9:164:27":5,"s:165:21:165:Infinity":25,"b:165:21:165:46:165:46:165:Infinity":10,"s:166:20:168:Infinity":26,"b:167:6:167:Infinity:168:6:168:Infinity":11,"b:167:9:167:50:167:50:167:52":12,"b:167:56:167:96:167:96:167:98":13,"s:169:8:169:Infinity":27,"s:170:18:170:Infinity":28,"b:170:18:170:70:170:70:170:Infinity":14,"s:171:25:173:Infinity":29,"b:172:4:172:67:172:67:172:Infinity":15,"f:172:33:172:34":6,"s:172:40:172:62":30,"s:175:2:302:Infinity":31,"b:181:30:181:72:181:72:181:83":16,"b:218:13:218:Infinity:219:14:222:Infinity":17,"b:225:13:225:36:225:36:225:Infinity:226:14:232:Infinity":18,"f:227:25:227:31":7,"s:227:31:227:Infinity":32,"f:244:24:244:25":8,"s:245:29:245:Infinity":33,"b:245:29:245:57:245:57:245:Infinity":19,"s:246:34:246:Infinity":34,"s:247:35:247:Infinity":35,"s:248:32:248:Infinity":36,"s:251:35:254:Infinity":37,"f:251:35:251:47":9,"s:252:34:252:Infinity":38,"b:252:48:252:60:252:60:252:Infinity":20,"s:253:16:253:Infinity":39,"s:256:14:284:Infinity":40,"b:263:20:263:35:263:35:263:Infinity":21,"b:264:20:264:36:264:36:264:Infinity":22,"b:265:20:265:33:265:33:265:Infinity":23,"b:266:20:266:36:266:36:266:53:266:53:266:67:266:67:266:Infinity":24,"b:270:20:270:Infinity:271:22:276:Infinity":25,"b:272:20:272:Infinity:273:22:276:Infinity":26,"b:274:20:274:Infinity:276:20:276:Infinity":27,"b:280:20:280:35:280:35:280:Infinity":28,"b:291:9:291:Infinity:292:10:299:Infinity":29,"b:296:52:296:77:296:77:296:79":30,"f:317:9:317:25":10,"s:318:67:321:Infinity":41,"s:323:16:325:Infinity":42,"b:323:28:325:6:325:6:325:Infinity":31,"s:327:21:327:Infinity":43,"b:327:21:327:46:327:46:327:Infinity":32,"s:328:20:330:Infinity":44,"b:329:6:329:Infinity:330:6:330:Infinity":33,"b:329:9:329:50:329:50:329:52":34,"b:329:56:329:96:329:96:329:98":35,"s:331:8:331:Infinity":45,"s:334:18:334:Infinity":46,"b:334:18:334:70:334:70:334:Infinity":36,"s:335:26:335:Infinity":47,"b:335:26:335:92:335:92:335:Infinity":37,"f:335:58:335:63":11,"s:335:63:335:87":48,"s:336:22:336:Infinity":49,"b:336:22:336:66:336:66:336:Infinity":38,"b:338:2:369:Infinity:undefined:undefined:undefined:undefined":39,"s:338:2:369:Infinity":50,"s:340:4:367:Infinity":51,"b:347:14:347:Infinity:348:14:348:Infinity":40,"b:349:10:349:24:349:24:349:Infinity":41,"b:350:10:350:25:350:25:350:Infinity":42,"f:354:17:354:23":12,"s:354:23:354:Infinity":52,"b:363:10:363:25:363:25:363:Infinity":43,"s:372:2:414:Infinity":53,"b:378:8:378:22:378:22:378:Infinity":44,"b:379:8:379:23:379:23:379:Infinity":45,"f:383:15:383:21":13,"s:383:21:383:Infinity":54,"b:387:28:387:70:387:70:387:81":46,"b:395:12:395:27:395:27:395:Infinity":47,"b:407:30:407:50:407:50:407:Infinity":48,"f:432:9:432:18":14,"s:433:29:436:Infinity":55,"b:438:2:488:Infinity:undefined:undefined:undefined:undefined":49,"s:438:2:488:Infinity":56,"s:440:4:486:Infinity":57,"b:445:10:445:20:445:20:445:Infinity":50,"b:455:12:455:26:455:26:455:Infinity":51,"b:464:11:464:25:464:25:464:Infinity:465:12:483:Infinity":52,"f:473:31:473:32":15,"s:474:18:480:Infinity":58,"s:491:2:551:Infinity":59,"b:496:8:496:18:496:18:496:Infinity":53,"b:506:10:506:24:506:24:506:Infinity":54,"b:522:9:522:23:522:23:522:Infinity:523:10:541:Infinity":55,"f:531:29:531:30":16,"s:532:16:538:Infinity":60,"b:546:7:546:21:546:21:546:Infinity:547:8:549:Infinity":56,"f:564:16:564:34":17,"s:572:2:572:Infinity":61,"s:574:42:576:Infinity":62,"s:578:42:578:Infinity":63,"s:581:8:587:Infinity":64,"s:590:31:592:Infinity":65,"f:590:31:590:32":18,"s:591:4:591:Infinity":66,"s:595:31:597:Infinity":67,"f:595:31:595:37":19,"s:596:4:596:Infinity":68,"s:600:26:605:Infinity":69,"f:600:26:600:27":20,"s:601:21:601:Infinity":70,"b:602:4:604:Infinity:undefined:undefined:undefined:undefined":57,"s:602:4:604:Infinity":71,"s:603:6:603:Infinity":72,"s:607:24:624:Infinity":73,"f:607:24:607:25":21,"s:608:29:608:Infinity":74,"s:609:4:609:Infinity":75,"b:611:4:613:Infinity:undefined:undefined:undefined:undefined":58,"s:611:4:613:Infinity":76,"b:611:8:611:17:611:17:611:40":59,"s:612:6:612:Infinity":77,"s:615:21:615:Infinity":78,"s:616:24:616:Infinity":79,"b:618:4:623:Infinity:undefined:undefined:undefined:undefined":60,"s:618:4:623:Infinity":80,"b:618:8:618:20:618:20:618:33":61,"s:620:6:620:Infinity":81,"b:620:28:620:53:620:53:620:61":62,"s:626:8:626:Infinity":82,"s:628:2:630:Infinity":83,"f:628:12:628:18":22,"s:629:4:629:Infinity":84,"s:633:27:638:Infinity":85,"f:633:44:633:45":23,"s:634:18:634:Infinity":86,"b:635:4:635:Infinity:undefined:undefined:undefined:undefined":63,"s:635:4:635:Infinity":87,"s:635:21:635:Infinity":88,"s:636:4:636:Infinity":89,"s:637:4:637:Infinity":90,"s:640:22:650:Infinity":91,"f:640:22:640:23":24,"s:641:4:649:Infinity":92,"f:641:22:641:23":25,"s:642:19:642:Infinity":93,"b:643:6:647:Infinity:645:13:647:Infinity":64,"s:643:6:647:Infinity":94,"s:644:8:644:Infinity":95,"s:646:8:646:Infinity":96,"s:648:6:648:Infinity":97,"s:652:24:654:Infinity":98,"b:653:6:653:Infinity:654:6:654:Infinity":65,"f:653:28:653:33":26,"s:653:33:653:89":99,"s:656:20:656:Infinity":100,"b:658:2:664:Infinity:undefined:undefined:undefined:undefined":66,"s:658:2:664:Infinity":101,"b:658:6:658:28:658:28:658:52":67,"s:659:4:662:Infinity":102,"b:666:2:674:Infinity:undefined:undefined:undefined:undefined":68,"s:666:2:674:Infinity":103,"s:667:4:672:Infinity":104,"s:676:2:764:Infinity":105,"b:686:40:686:46:686:46:686:53":69,"b:689:41:689:47:689:47:689:58":70,"b:689:82:689:86:689:86:689:96":71,"b:694:13:694:Infinity:695:14:697:Infinity":72,"f:703:34:703:35":27,"s:704:37:704:Infinity":106,"b:704:37:704:67:704:67:704:Infinity":73,"s:705:33:705:Infinity":107,"s:707:14:717:Infinity":108,"b:714:38:714:62:714:62:714:Infinity":74,"f:715:28:715:34":28,"s:715:34:715:Infinity":109,"b:725:11:725:31:725:31:725:Infinity:726:12:741:Infinity":75,"b:748:9:748:Infinity:749:10:761:Infinity":76,"b:752:18:752:49:752:49:752:54":77,"b:757:17:757:48:757:48:757:Infinity":78}}}
,"/Users/rodericandrews/_PAI/projects/command_center_audience_OS/components/ui/alert-dialog.tsx": {"path":"/Users/rodericandrews/_PAI/projects/command_center_audience_OS/components/ui/alert-dialog.tsx","statementMap":{"0":{"start":{"line":12,"column":2},"end":{"line":12,"column":null}},"1":{"start":{"line":18,"column":2},"end":{"line":18,"column":null}},"2":{"start":{"line":24,"column":2},"end":{"line":24,"column":null}},"3":{"start":{"line":31,"column":2},"end":{"line":39,"column":null}},"4":{"start":{"line":47,"column":2},"end":{"line":58,"column":null}},"5":{"start":{"line":66,"column":2},"end":{"line":71,"column":null}},"6":{"start":{"line":79,"column":2},"end":{"line":87,"column":null}},"7":{"start":{"line":95,"column":2},"end":{"line":100,"column":null}},"8":{"start":{"line":108,"column":2},"end":{"line":113,"column":null}},"9":{"start":{"line":121,"column":2},"end":{"line":126,"column":null}},"10":{"start":{"line":134,"column":2},"end":{"line":139,"column":null}}},"fnMap":{"0":{"name":"AlertDialog","decl":{"start":{"line":9,"column":9},"end":{"line":9,"column":21}},"loc":{"start":{"line":11,"column":59},"end":{"line":13,"column":null}},"line":11},"1":{"name":"AlertDialogTrigger","decl":{"start":{"line":15,"column":9},"end":{"line":15,"column":28}},"loc":{"start":{"line":17,"column":62},"end":{"line":19,"column":null}},"line":17},"2":{"name":"AlertDialogPortal","decl":{"start":{"line":21,"column":9},"end":{"line":21,"column":27}},"loc":{"start":{"line":23,"column":61},"end":{"line":25,"column":null}},"line":23},"3":{"name":"AlertDialogOverlay","decl":{"start":{"line":27,"column":9},"end":{"line":27,"column":28}},"loc":{"start":{"line":30,"column":62},"end":{"line":41,"column":null}},"line":30},"4":{"name":"AlertDialogContent","decl":{"start":{"line":43,"column":9},"end":{"line":43,"column":28}},"loc":{"start":{"line":46,"column":62},"end":{"line":60,"column":null}},"line":46},"5":{"name":"AlertDialogHeader","decl":{"start":{"line":62,"column":9},"end":{"line":62,"column":27}},"loc":{"start":{"line":65,"column":32},"end":{"line":73,"column":null}},"line":65},"6":{"name":"AlertDialogFooter","decl":{"start":{"line":75,"column":9},"end":{"line":75,"column":27}},"loc":{"start":{"line":78,"column":32},"end":{"line":89,"column":null}},"line":78},"7":{"name":"AlertDialogTitle","decl":{"start":{"line":91,"column":9},"end":{"line":91,"column":26}},"loc":{"start":{"line":94,"column":60},"end":{"line":102,"column":null}},"line":94},"8":{"name":"AlertDialogDescription","decl":{"start":{"line":104,"column":9},"end":{"line":104,"column":32}},"loc":{"start":{"line":107,"column":66},"end":{"line":115,"column":null}},"line":107},"9":{"name":"AlertDialogAction","decl":{"start":{"line":117,"column":9},"end":{"line":117,"column":27}},"loc":{"start":{"line":120,"column":61},"end":{"line":128,"column":null}},"line":120},"10":{"name":"AlertDialogCancel","decl":{"start":{"line":130,"column":9},"end":{"line":130,"column":27}},"loc":{"start":{"line":133,"column":61},"end":{"line":141,"column":null}},"line":133}},"branchMap":{},"s":{"0":51,"1":0,"2":51,"3":8,"4":51,"5":5,"6":5,"7":5,"8":5,"9":5,"10":5},"f":{"0":51,"1":0,"2":51,"3":8,"4":51,"5":5,"6":5,"7":5,"8":5,"9":5,"10":5},"b":{},"meta":{"lastBranch":0,"lastFunction":11,"lastStatement":11,"seen":{"f:9:9:9:21":0,"s:12:2:12:Infinity":0,"f:15:9:15:28":1,"s:18:2:18:Infinity":1,"f:21:9:21:27":2,"s:24:2:24:Infinity":2,"f:27:9:27:28":3,"s:31:2:39:Infinity":3,"f:43:9:43:28":4,"s:47:2:58:Infinity":4,"f:62:9:62:27":5,"s:66:2:71:Infinity":5,"f:75:9:75:27":6,"s:79:2:87:Infinity":6,"f:91:9:91:26":7,"s:95:2:100:Infinity":7,"f:104:9:104:32":8,"s:108:2:113:Infinity":8,"f:117:9:117:27":9,"s:121:2:126:Infinity":9,"f:130:9:130:27":10,"s:134:2:139:Infinity":10}}}
[...]
"line":397,"column":35},"end":{"line":397,"column":36}},"loc":{"start":{"line":398,"column":10},"end":{"line":398,"column":null}},"line":398},"20":{"name":"(anonymous_20)","decl":{"start":{"line":410,"column":11},"end":{"line":410,"column":18}},"loc":{"start":{"line":410,"column":52},"end":{"line":434,"column":null}},"line":410},"21":{"name":"(anonymous_21)","decl":{"start":{"line":425,"column":10},"end":{"line":425,"column":11}},"loc":{"start":{"line":425,"column":22},"end":{"line":427,"column":8}},"line":425},"22":{"name":"(anonymous_22)","decl":{"start":{"line":437,"column":26},"end":{"line":437,"column":27}},"loc":{"start":{"line":437,"column":51},"end":{"line":443,"column":null}},"line":437},"23":{"name":"(anonymous_23)","decl":{"start":{"line":438,"column":8},"end":{"line":438,"column":9}},"loc":{"start":{"line":438,"column":20},"end":{"line":442,"column":6}},"line":438},"24":{"name":"(anonymous_24)","decl":{"start":{"line":439,"column":33},"end":{"line":439,"column":34}},"loc":{"start":{"line":440,"column":8},"end":{"line":440,"column":null}},"line":440},"25":{"name":"(anonymous_25)","decl":{"start":{"line":445,"column":24},"end":{"line":445,"column":25}},"loc":{"start":{"line":445,"column":54},"end":{"line":451,"column":null}},"line":445},"26":{"name":"(anonymous_26)","decl":{"start":{"line":446,"column":8},"end":{"line":446,"column":9}},"loc":{"start":{"line":446,"column":20},"end":{"line":450,"column":6}},"line":446},"27":{"name":"(anonymous_27)","decl":{"start":{"line":447,"column":33},"end":{"line":447,"column":34}},"loc":{"start":{"line":448,"column":8},"end":{"line":448,"column":null}},"line":448},"28":{"name":"(anonymous_28)","decl":{"start":{"line":454,"column":13},"end":{"line":454,"column":14}},"loc":{"start":{"line":454,"column":29},"end":{"line":458,"column":null}},"line":454},"29":{"name":"(anonymous_29)","decl":{"start":{"line":455,"column":8},"end":{"line":455,"column":9}},"loc":{"start":{"line":455,"column":20},"end":{"line":457,"column":6}},"line":455},"30":{"name":"(anonymous_30)","decl":{"start":{"line":460,"column":16},"end":{"line":460,"column":22}},"loc":{"start":{"line":460,"column":22},"end":{"line":471,"column":null}},"line":460},"31":{"name":"(anonymous_31)","decl":{"start":{"line":474,"column":15},"end":{"line":474,"column":16}},"loc":{"start":{"line":474,"column":25},"end":{"line":474,"column":null}},"line":474},"32":{"name":"(anonymous_32)","decl":{"start":{"line":477,"column":16},"end":{"line":477,"column":17}},"loc":{"start":{"line":477,"column":28},"end":{"line":477,"column":null}},"line":477},"33":{"name":"(anonymous_33)","decl":{"start":{"line":480,"column":22},"end":{"line":480,"column":23}},"loc":{"start":{"line":480,"column":34},"end":{"line":483,"column":null}},"line":480},"34":{"name":"(anonymous_34)","decl":{"start":{"line":482,"column":26},"end":{"line":482,"column":27}},"loc":{"start":{"line":482,"column":33},"end":{"line":482,"column":52}},"line":482},"35":{"name":"(anonymous_35)","decl":{"start":{"line":485,"column":22},"end":{"line":485,"column":28}},"loc":{"start":{"line":485,"column":28},"end":{"line":527,"column":null}},"line":485},"36":{"name":"(anonymous_36)","decl":{"start":{"line":488,"column":26},"end":{"line":488,"column":27}},"loc":{"start":{"line":488,"column":38},"end":{"line":526,"column":5}},"line":488},"37":{"name":"(anonymous_37)","decl":{"start":{"line":529,"column":21},"end":{"line":529,"column":27}},"loc":{"start":{"line":529,"column":27},"end":{"line":532,"column":null}},"line":529},"38":{"name":"(anonymous_38)","decl":{"start":{"line":531,"column":26},"end":{"line":531,"column":27}},"loc":{"start":{"line":531,"column":33},"end":{"line":531,"column":51}},"line":531}},"branchMap":{"0":{"loc":{"start":{"line":193,"column":6},"end":{"line":195,"column":null}},"type":"if","locations":[{"start":{"line":193,"column":6},"end":{"line":195,"column":null}},{"start":{},"end":{}}],"line":193},"1":{"loc":{"start":{"line":201,"column":15},"end":{"line":201,"column":null}},"type":"cond-expr","locations":[{"start":{"line":201,"column":40},"end":{"line":201,"column":56}},{"start":{"line":201,"column":56},"end":{"line":201,"column":null}}],"line":201},"2":{"loc":{"start":{"line":211,"column":6},"end":{"line":213,"column":null}},"type":"if","locations":[{"start":{"line":211,"column":6},"end":{"line":213,"column":null}},{"start":{},"end":{}}],"line":211},"3":{"loc":{"start":{"line":229,"column":6},"end":{"line":231,"column":null}},"type":"if","locations":[{"start":{"line":229,"column":6},"end":{"line":231,"column":null}},{"start":{},"end":{}}],"line":229},"4":{"loc":{"start":{"line":249,"column":6},"end":{"line":252,"column":null}},"type":"if","locations":[{"start":{"line":249,"column":6},"end":{"line":252,"column":null}},{"start":{},"end":{}}],"line":249},"5":{"loc":{"start":{"line":251,"column":24},"end":{"line":251,"column":68}},"type":"binary-expr","locations":[{"start":{"line":251,"column":24},"end":{"line":251,"column":43}},{"start":{"line":251,"column":43},"end":{"line":251,"column":68}}],"line":251},"6":{"loc":{"start":{"line":265,"column":19},"end":{"line":265,"column":86}},"type":"cond-expr","locations":[{"start":{"line":265,"column":44},"end":{"line":265,"column":60}},{"start":{"line":265,"column":60},"end":{"line":265,"column":86}}],"line":265},"7":{"loc":{"start":{"line":277,"column":6},"end":{"line":279,"column":null}},"type":"if","locations":[{"start":{"line":277,"column":6},"end":{"line":279,"column":null}},{"start":{},"end":{}}],"line":277},"8":{"loc":{"start":{"line":287,"column":10},"end":{"line":287,"column":null}},"type":"cond-expr","locations":[{"start":{"line":287,"column":24},"end":{"line":287,"column":33}},{"start":{"line":287,"column":33},"end":{"line":287,"column":null}}],"line":287},"9":{"loc":{"start":{"line":289,"column":24},"end":{"line":291,"column":null}},"type":"cond-expr","locations":[{"start":{"line":290,"column":12},"end":{"line":290,"column":null}},{"start":{"line":291,"column":12},"end":{"line":291,"column":null}}],"line":289},"10":{"loc":{"start":{"line":307,"column":6},"end":{"line":309,"column":null}},"type":"if","locations":[{"start":{"line":307,"column":6},"end":{"line":309,"column":null}},{"start":{},"end":{}}],"line":307},"11":{"loc":{"start":{"line":314,"column":24},"end":{"line":314,"column":null}},"type":"cond-expr","locations":[{"start":{"line":314,"column":58},"end":{"line":314,"column":65}},{"start":{"line":314,"column":65},"end":{"line":314,"column":null}}],"line":314},"12":{"loc":{"start":{"line":327,"column":4},"end":{"line":327,"column":null}},"type":"if","locations":[{"start":{"line":327,"column":4},"end":{"line":327,"column":null}},{"start":{},"end":{}}],"line":327},"13":{"loc":{"start":{"line":340,"column":6},"end":{"line":342,"column":null}},"type":"if","locations":[{"start":{"line":340,"column":6},"end":{"line":342,"column":null}},{"start":{},"end":{}}],"line":340},"14":{"loc":{"start":{"line":360,"column":6},"end":{"line":362,"column":null}},"type":"if","locations":[{"start":{"line":360,"column":6},"end":{"line":362,"column":null}},{"start":{},"end":{}}],"line":360},"15":{"loc":{"start":{"line":370,"column":10},"end":{"line":370,"column":null}},"type":"cond-expr","locations":[{"start":{"line":370,"column":30},"end":{"line":370,"column":39}},{"start":{"line":370,"column":39},"end":{"line":370,"column":null}}],"line":370},"16":{"loc":{"start":{"line":388,"column":6},"end":{"line":390,"column":null}},"type":"if","locations":[{"start":{"line":388,"column":6},"end":{"line":390,"column":null}},{"start":{},"end":{}}],"line":388},"17":{"loc":{"start":{"line":398,"column":10},"end":{"line":398,"column":null}},"type":"cond-expr","locations":[{"start":{"line":398,"column":30},"end":{"line":398,"column":39}},{"start":{"line":398,"column":39},"end":{"line":398,"column":null}}],"line":398},"18":{"loc":{"start":{"line":417,"column":6},"end":{"line":419,"column":null}},"type":"if","locations":[{"start":{"line":417,"column":6},"end":{"line":419,"column":null}},{"start":{},"end":{}}],"line":417},"19":{"loc":{"start":{"line":440,"column":8},"end":{"line":440,"column":null}},"type":"cond-expr","locations":[{"start":{"line":440,"column":28},"end":{"line":440,"column":58}},{"start":{"line":440,"column":58},"end":{"line":440,"column":null}}],"line":440},"20":{"loc":{"start":{"line":448,"column":8},"end":{"line":448,"column":null}},"type":"cond-expr","locations":[{"start":{"line":448,"column":28},"end":{"line":448,"column":63}},{"start":{"line":448,"column":63},"end":{"line":448,"column":null}}],"line":448},"21":{"loc":{"start":{"line":490,"column":6},"end":{"line":492,"column":null}},"type":"if","locations":[{"start":{"line":490,"column":6},"end":{"line":492,"column":null}},{"start":{},"end":{}}],"line":490},"22":{"loc":{"start":{"line":490,"column":10},"end":{"line":490,"column":72}},"type":"binary-expr","locations":[{"start":{"line":490,"column":10},"end":{"line":490,"column":38}},{"start":{"line":490,"column":38},"end":{"line":490,"column":72}}],"line":490},"23":{"loc":{"start":{"line":495,"column":6},"end":{"line":497,"column":null}},"type":"if","locations":[{"start":{"line":495,"column":6},"end":{"line":497,"column":null}},{"start":{},"end":{}}],"line":495},"24":{"loc":{"start":{"line":495,"column":10},"end":{"line":495,"column":78}},"type":"binary-expr","locations":[{"start":{"line":495,"column":10},"end":{"line":495,"column":40}},{"start":{"line":495,"column":40},"end":{"line":495,"column":78}}],"line":495},"25":{"loc":{"start":{"line":500,"column":6},"end":{"line":502,"column":null}},"type":"if","locations":[{"start":{"line":500,"column":6},"end":{"line":502,"column":null}},{"start":{},"end":{}}],"line":500},"26":{"loc":{"start":{"line":500,"column":10},"end":{"line":500,"column":81}},"type":"binary-expr","locations":[{"start":{"line":500,"column":10},"end":{"line":500,"column":40}},{"start":{"line":500,"column":40},"end":{"line":500,"column":81}}],"line":500},"27":{"loc":{"start":{"line":505,"column":6},"end":{"line":507,"column":null}},"type":"if","locations":[{"start":{"line":505,"column":6},"end":{"line":507,"column":null}},{"start":{},"end":{}}],"line":505},"28":{"loc":{"start":{"line":505,"column":10},"end":{"line":505,"column":75}},"type":"binary-expr","locations":[{"start":{"line":505,"column":10},"end":{"line":505,"column":38}},{"start":{"line":505,"column":38},"end":{"line":505,"column":75}}],"line":505},"29":{"loc":{"start":{"line":510,"column":6},"end":{"line":512,"column":null}},"type":"if","locations":[{"start":{"line":510,"column":6},"end":{"line":512,"column":null}},{"start":{},"end":{}}],"line":510},"30":{"loc":{"start":{"line":510,"column":10},"end":{"line":510,"column":78}},"type":"binary-expr","locations":[{"start":{"line":510,"column":10},"end":{"line":510,"column":40}},{"start":{"line":510,"column":40},"end":{"line":510,"column":78}}],"line":510},"31":{"loc":{"start":{"line":515,"column":6},"end":{"line":523,"column":null}},"type":"if","locations":[{"start":{"line":515,"column":6},"end":{"line":523,"column":null}},{"start":{},"end":{}}],"line":515},"32":{"loc":{"start":{"line":520,"column":8},"end":{"line":522,"column":null}},"type":"if","locations":[{"start":{"line":520,"column":8},"end":{"line":522,"column":null}},{"start":{},"end":{}}],"line":520},"33":{"loc":{"start":{"line":520,"column":12},"end":{"line":520,"column":68}},"type":"binary-expr","locations":[{"start":{"line":520,"column":12},"end":{"line":520,"column":29}},{"start":{"line":520,"column":29},"end":{"line":520,"column":52}},{"start":{"line":520,"column":52},"end":{"line":520,"column":68}}],"line":520}},"s":{"0":2,"1":2,"2":2,"3":2,"4":2,"5":2,"6":0,"7":0,"8":0,"9":0,"10":0,"11":0,"12":0,"13":0,"14":0,"15":0,"16":0,"17":0,"18":0,"19":0,"20":0,"21":0,"22":0,"23":0,"24":0,"25":0,"26":0,"27":0,"28":0,"29":0,"30":0,"31":0,"32":0,"33":0,"34":0,"35":0,"36":0,"37":0,"38":0,"39":0,"40":0,"41":0,"42":0,"43":0,"44":0,"45":0,"46":0,"47":0,"48":0,"49":0,"50":0,"51":0,"52":0,"53":0,"54":0,"55":0,"56":0,"57":0,"58":0,"59":0,"60":0,"61":0,"62":0,"63":0,"64":0,"65":0,"66":0,"67":0,"68":0,"69":0,"70":0,"71":0,"72":0,"73":0,"74":0,"75":0,"76":0,"77":0,"78":0,"79":0,"80":0,"81":0,"82":0,"83":0,"84":0,"85":0,"86":0,"87":0,"88":0,"89":0,"90":0,"91":0,"92":0,"93":0,"94":0,"95":0,"96":0,"97":0,"98":0,"99":0,"100":0,"101":0,"102":0,"103":0,"104":0,"105":0,"106":0,"107":0,"108":0,"109":0,"110":0,"111":0,"112":0,"113":0,"114":0,"115":2,"116":2,"117":2,"118":2,"119":2,"120":1,"121":3,"122":3,"123":1,"124":2,"125":2,"126":3,"127":3,"128":8,"129":0,"130":0,"131":0,"132":0,"133":0,"134":0,"135":0,"136":0,"137":0,"138":0,"139":0,"140":0,"141":0,"142":0,"143":0,"144":0,"145":0,"146":0,"147":0,"148":0,"149":0,"150":0,"151":0},"f":{"0":2,"1":0,"2":0,"3":0,"4":0,"5":0,"6":0,"7":0,"8":0,"9":0,"10":0,"11":0,"12":0,"13":0,"14":0,"15":0,"16":0,"17":0,"18":0,"19":0,"20":0,"21":0,"22":2,"23":2,"24":2,"25":2,"26":2,"27":1,"28":3,"29":3,"30":1,"31":2,"32":2,"33":3,"34":8,"35":0,"36":0,"37":0,"38":0},"b":{"0":[0,0],"1":[0,0],"2":[0,0],"3":[0,0],"4":[0,0],"5":[0,0],"6":[0,0],"7":[0,0],"8":[0,0],"9":[0,0],"10":[0,0],"11":[0,0],"12":[0,0],"13":[0,0],"14":[0,0],"15":[0,0],"16":[0,0],"17":[0,0],"18":[0,0],"19":[1,1],"20":[1,0],"21":[0,0],"22":[0,0],"23":[0,0],"24":[0,0],"25":[0,0],"26":[0,0],"27":[0,0],"28":[0,0],"29":[0,0],"30":[0,0],"31":[0,0],"32":[0,0],"33":[0,0,0]},"meta":{"lastBranch":34,"lastFunction":39,"lastStatement":152,"seen":{"s:75:47:80:Infinity":0,"s:82:66:87:Infinity":1,"s:89:70:94:Infinity":2,"s:96:70:102:Infinity":3,"s:166:13:533:Infinity":4,"f:166:50:166:51":0,"s:166:65:533:2":5,"f:187:16:187:28":1,"s:188:4:188:Infinity":6,"s:190:4:204:Infinity":7,"s:191:23:191:Infinity":8,"b:193:6:195:Infinity:undefined:undefined:undefined:undefined":0,"s:193:6:195:Infinity":9,"s:194:8:194:Infinity":10,"s:197:23:197:Infinity":11,"s:198:6:198:Infinity":12,"s:200:6:203:Infinity":13,"b:201:40:201:56:201:56:201:Infinity":1,"f:207:19:207:26":2,"s:208:4:220:Infinity":14,"s:209:23:209:Infinity":15,"b:211:6:213:Infinity:undefined:undefined:undefined:undefined":2,"s:211:6:213:Infinity":16,"s:212:8:212:Infinity":17,"s:215:23:215:Infinity":18,"s:216:6:216:Infinity":19,"s:218:6:218:Infinity":20,"s:219:6:219:Infinity":21,"f:223:14:223:21":3,"s:224:4:224:Infinity":22,"s:226:4:238:Infinity":23,"s:227:23:227:Infinity":24,"b:229:6:231:Infinity:undefined:undefined:undefined:undefined":3,"s:229:6:231:Infinity":25,"s:230:8:230:Infinity":26,"s:233:23:233:Infinity":27,"s:234:6:234:Infinity":28,"s:236:6:236:Infinity":29,"s:237:6:237:Infinity":30,"f:242:16:242:23":4,"s:243:4:267:Infinity":31,"s:244:23:247:Infinity":32,"b:249:6:252:Infinity:undefined:undefined:undefined:undefined":4,"s:249:6:252:Infinity":33,"s:250:26:250:Infinity":34,"s:251:8:251:Infinity":35,"b:251:24:251:43:251:43:251:68":5,"s:254:23:254:Infinity":36,"s:255:21:255:Infinity":37,"s:258:6:260:Infinity":38,"f:258:10:258:11":5,"s:258:22:260:8":39,"s:262:6:262:Infinity":40,"s:264:6:264:Infinity":41,"s:265:6:265:Infinity":42,"b:265:44:265:60:265:60:265:86":6,"s:266:6:266:Infinity":43,"f:270:16:270:23":6,"s:271:4:298:Infinity":44,"s:272:23:275:Infinity":45,"b:277:6:279:Infinity:undefined:undefined:undefined:undefined":7,"s:277:6:279:Infinity":46,"s:278:8:278:Infinity":47,"s:281:23:281:Infinity":48,"s:282:21:282:Infinity":49,"s:285:6:292:Infinity":50,"f:285:10:285:11":7,"s:285:22:292:8":51,"f:286:35:286:36":8,"s:287:10:287:Infinity":52,"b:287:24:287:33:287:33:287:Infinity":8,"b:290:12:290:Infinity:291:12:291:Infinity":9,"s:294:6:294:Infinity":53,"s:296:6:296:Infinity":54,"s:297:6:297:Infinity":55,"f:301:16:301:23":9,"s:302:4:321:Infinity":56,"s:303:23:305:Infinity":57,"b:307:6:309:Infinity:undefined:undefined:undefined:undefined":10,"s:307:6:309:Infinity":58,"s:308:8:308:Infinity":59,"s:312:6:315:Infinity":60,"f:312:10:312:11":10,"s:312:22:315:8":61,"f:313:38:313:39":11,"s:313:45:313:56":62,"b:314:58:314:65:314:65:314:Infinity":11,"s:317:6:317:Infinity":63,"s:319:6:319:Infinity":64,"s:320:6:320:Infinity":65,"f:325:16:325:23":12,"s:326:19:326:Infinity":66,"f:326:38:326:39":13,"s:326:45:326:62":67,"b:327:4:327:Infinity:undefined:undefined:undefined:undefined":12,"s:327:4:327:Infinity":68,"s:327:17:327:Infinity":69,"s:329:27:329:Infinity":70,"s:332:4:332:Infinity":71,"s:334:4:350:Infinity":72,"s:335:23:338:Infinity":73,"b:340:6:342:Infinity:undefined:undefined:undefined:undefined":13,"s:340:6:342:Infinity":74,"s:341:8:341:Infinity":75,"s:344:6:344:Infinity":76,"s:346:6:346:Infinity":77,"s:348:6:348:Infinity":78,"s:349:6:349:Infinity":79,"f:353:17:353:24":14,"s:354:4:378:Infinity":80,"s:355:23:358:Infinity":81,"b:360:6:362:Infinity:undefined:undefined:undefined:undefined":14,"s:360:6:362:Infinity":82,"s:361:8:361:Infinity":83,"s:364:23:364:Infinity":84,"s:365:21:365:Infinity":85,"s:368:6:372:Infinity":86,"f:368:10:368:11":15,"s:368:22:372:8":87,"f:369:35:369:36":16,"s:370:10:370:Infinity":88,"b:370:30:370:39:370:39:370:Infinity":15,"s:374:6:374:Infinity":89,"s:376:6:376:Infinity":90,"s:377:6:377:Infinity":91,"f:381:16:381:23":17,"s:382:4:406:Infinity":92,"s:383:23:386:Infinity":93,"b:388:6:390:Infinity:undefined:undefined:undefined:undefined":16,"s:388:6:390:Infinity":94,"s:389:8:389:Infinity":95,"s:392:23:392:Infinity":96,"s:393:21:393:Infinity":97,"s:396:6:400:Infinity":98,"f:396:10:396:11":18,"s:396:22:400:8":99,"f:397:35:397:36":19,"s:398:10:398:Infinity":100,"b:398:30:398:39:398:39:398:Infinity":17,"s:402:6:402:Infinity":101,"s:404:6:404:Infinity":102,"s:405:6:405:Infinity":103,"f:410:11:410:18":20,"s:411:4:433:Infinity":104,"s:412:23:415:Infinity":105,"b:417:6:419:Infinity:undefined:undefined:undefined:undefined":18,"s:417:6:419:Infinity":106,"s:418:8:418:Infinity":107,"s:421:23:421:Infinity":108,"s:422:19:422:Infinity":109,"s:425:6:427:Infinity":110,"f:425:10:425:11":21,"s:425:22:427:8":111,"s:429:6:429:Infinity":112,"s:431:6:431:Infinity":113,"s:432:6:432:Infinity":114,"f:437:26:437:27":22,"s:438:4:442:Infinity":115,"f:438:8:438:9":23,"s:438:20:442:6":116,"f:439:33:439:34":24,"s:440:8:440:Infinity":117,"b:440:28:440:58:440:58:440:Infinity":19,"f:445:24:445:25":25,"s:446:4:450:Infinity":118,"f:446:8:446:9":26,"s:446:20:450:6":119,"f:447:33:447:34":27,"s:448:8:448:Infinity":120,"b:448:28:448:63:448:63:448:Infinity":20,"f:454:13:454:14":28,"s:455:4:457:Infinity":121,"f:455:8:455:9":29,"s:455:20:457:6":122,"f:460:16:460:22":30,"s:461:4:470:Infinity":123,"f:474:15:474:16":31,"s:474:25:474:Infinity":124,"f:477:16:477:17":32,"s:477:28:477:Infinity":125,"f:480:22:480:23":33,"s:481:24:481:Infinity":126,"s:482:4:482:Infinity":127,"f:482:26:482:27":34,"s:482:33:482:52":128,"f:485:22:485:28":35,"s:486:33:486:Infinity":129,"s:488:4:526:Infinity":130,"f:488:26:488:27":36,"b:490:6:492:Infinity:undefined:undefined:undefined:undefined":21,"s:490:6:492:Infinity":131,"b:490:10:490:38:490:38:490:72":22,"s:491:8:491:Infinity":132,"b:495:6:497:Infinity:undefined:undefined:undefined:undefined":23,"s:495:6:497:Infinity":133,"b:495:10:495:40:495:40:495:78":24,"s:496:8:496:Infinity":134,"b:500:6:502:Infinity:undefined:undefined:undefined:undefined":25,"s:500:6:502:Infinity":135,"b:500:10:500:40:500:40:500:81":26,"s:501:8:501:Infinity":136,"b:505:6:507:Infinity:undefined:undefined:undefined:undefined":27,"s:505:6:507:Infinity":137,"b:505:10:505:38:505:38:505:75":28,"s:506:8:506:Infinity":138,"b:510:6:512:Infinity:undefined:undefined:undefined:undefined":29,"s:510:6:512:Infinity":139,"b:510:10:510:40:510:40:510:78":30,"s:511:8:511:Infinity":140,"b:515:6:523:Infinity:undefined:undefined:undefined:undefined":31,"s:515:6:523:Infinity":141,"s:516:23:516:Infinity":142,"s:517:29:517:Infinity":143,"s:518:35:518:Infinity":144,"s:519:30:519:Infinity":145,"b:520:8:522:Infinity:undefined:undefined:undefined:undefined":32,"s:520:8:522:Infinity":146,"b:520:12:520:29:520:29:520:52:520:52:520:68":33,"s:521:10:521:Infinity":147,"s:525:6:525:Infinity":148,"f:529:21:529:27":37,"s:530:24:530:Infinity":149,"s:531:4:531:Infinity":150,"f:531:26:531:27":38,"s:531:33:531:51":151}}}
}
