{"/Users/rodericandrews/_PAI/projects/command_center_linear/components/ui/badge.tsx": {"path":"/Users/rodericandrews/_PAI/projects/command_center_linear/components/ui/badge.tsx","statementMap":{"0":{"start":{"line":7,"column":6},"end":{"line":26,"column":null}},"1":{"start":{"line":35,"column":15},"end":{"line":35,"column":null}},"2":{"start":{"line":37,"column":2},"end":{"line":42,"column":null}}},"fnMap":{"0":{"name":"Badge","decl":{"start":{"line":28,"column":9},"end":{"line":28,"column":15}},"loc":{"start":{"line":34,"column":62},"end":{"line":44,"column":null}},"line":34}},"branchMap":{"0":{"loc":{"start":{"line":31,"column":2},"end":{"line":31,"column":null}},"type":"default-arg","locations":[{"start":{"line":31,"column":12},"end":{"line":31,"column":null}}],"line":31},"1":{"loc":{"start":{"line":35,"column":15},"end":{"line":35,"column":null}},"type":"cond-expr","locations":[{"start":{"line":35,"column":25},"end":{"line":35,"column":32}},{"start":{"line":35,"column":32},"end":{"line":35,"column":null}}],"line":35}},"s":{"0":1,"1":6,"2":6},"f":{"0":6},"b":{"0":[6],"1":[0,6]},"meta":{"lastBranch":2,"lastFunction":1,"lastStatement":3,"seen":{"s:7:6:26:Infinity":0,"f:28:9:28:15":0,"b:31:12:31:Infinity":0,"s:35:15:35:Infinity":1,"b:35:25:35:32:35:32:35:Infinity":1,"s:37:2:42:Infinity":2}}}
,"/Users/rodericandrews/_PAI/projects/command_center_linear/lib/crypto.ts": {"path":"/Users/rodericandrews/_PAI/projects/command_center_linear/lib/crypto.ts","statementMap":{"0":{"start":{"line":6,"column":74},"end":{"line":6,"column":null}},"1":{"start":{"line":13,"column":21},"end":{"line":13,"column":null}},"2":{"start":{"line":14,"column":29},"end":{"line":14,"column":null}},"3":{"start":{"line":17,"column":23},"end":{"line":17,"column":null}},"4":{"start":{"line":18,"column":29},"end":{"line":18,"column":null}},"5":{"start":{"line":19,"column":18},"end":{"line":19,"column":null}},"6":{"start":{"line":20,"column":24},"end":{"line":20,"column":null}},"7":{"start":{"line":37,"column":2},"end":{"line":39,"column":null}},"8":{"start":{"line":38,"column":4},"end":{"line":38,"column":null}},"9":{"start":{"line":41,"column":21},"end":{"line":41,"column":null}},"10":{"start":{"line":42,"column":21},"end":{"line":42,"column":null}},"11":{"start":{"line":45,"column":15},"end":{"line":45,"column":null}},"12":{"start":{"line":46,"column":2},"end":{"line":46,"column":null}},"13":{"start":{"line":47,"column":20},"end":{"line":47,"column":null}},"14":{"start":{"line":49,"column":2},"end":{"line":49,"column":null}},"15":{"start":{"line":57,"column":2},"end":{"line":91,"column":null}},"16":{"start":{"line":58,"column":18},"end":{"line":58,"column":null}},"17":{"start":{"line":59,"column":4},"end":{"line":61,"column":null}},"18":{"start":{"line":60,"column":6},"end":{"line":60,"column":null}},"19":{"start":{"line":63,"column":44},"end":{"line":63,"column":null}},"20":{"start":{"line":66,"column":17},"end":{"line":66,"column":null}},"21":{"start":{"line":67,"column":4},"end":{"line":67,"column":null}},"22":{"start":{"line":68,"column":30},"end":{"line":68,"column":null}},"23":{"start":{"line":71,"column":4},"end":{"line":73,"column":null}},"24":{"start":{"line":72,"column":6},"end":{"line":72,"column":null}},"25":{"start":{"line":76,"column":23},"end":{"line":76,"column":null}},"26":{"start":{"line":77,"column":20},"end":{"line":77,"column":null}},"27":{"start":{"line":80,"column":4},"end":{"line":86,"column":null}},"28":{"start":{"line":85,"column":6},"end":{"line":85,"column":null}},"29":{"start":{"line":88,"column":4},"end":{"line":88,"column":null}},"30":{"start":{"line":90,"column":4},"end":{"line":90,"column":null}},"31":{"start":{"line":109,"column":2},"end":{"line":112,"column":null}},"32":{"start":{"line":110,"column":4},"end":{"line":110,"column":null}},"33":{"start":{"line":111,"column":4},"end":{"line":111,"column":null}},"34":{"start":{"line":114,"column":2},"end":{"line":136,"column":null}},"35":{"start":{"line":116,"column":16},"end":{"line":116,"column":null}},"36":{"start":{"line":117,"column":15},"end":{"line":117,"column":null}},"37":{"start":{"line":119,"column":19},"end":{"line":121,"column":null}},"38":{"start":{"line":123,"column":20},"end":{"line":123,"column":null}},"39":{"start":{"line":124,"column":4},"end":{"line":124,"column":null}},"40":{"start":{"line":126,"column":20},"end":{"line":126,"column":null}},"41":{"start":{"line":128,"column":4},"end":{"line":132,"column":null}},"42":{"start":{"line":134,"column":4},"end":{"line":134,"column":null}},"43":{"start":{"line":135,"column":4},"end":{"line":135,"column":null}},"44":{"start":{"line":144,"column":2},"end":{"line":147,"column":null}},"45":{"start":{"line":145,"column":4},"end":{"line":145,"column":null}},"46":{"start":{"line":146,"column":4},"end":{"line":146,"column":null}},"47":{"start":{"line":149,"column":2},"end":{"line":166,"column":null}},"48":{"start":{"line":150,"column":16},"end":{"line":150,"column":null}},"49":{"start":{"line":151,"column":15},"end":{"line":151,"column":null}},"50":{"start":{"line":152,"column":20},"end":{"line":152,"column":null}},"51":{"start":{"line":154,"column":21},"end":{"line":156,"column":null}},"52":{"start":{"line":157,"column":4},"end":{"line":157,"column":null}},"53":{"start":{"line":159,"column":20},"end":{"line":159,"column":null}},"54":{"start":{"line":160,"column":4},"end":{"line":160,"column":null}},"55":{"start":{"line":162,"column":4},"end":{"line":162,"column":null}},"56":{"start":{"line":164,"column":4},"end":{"line":164,"column":null}},"57":{"start":{"line":165,"column":4},"end":{"line":165,"column":null}},"58":{"start":{"line":173,"column":2},"end":{"line":173,"column":null}},"59":{"start":{"line":180,"column":2},"end":{"line":192,"column":null}},"60":{"start":{"line":181,"column":19},"end":{"line":181,"column":null}},"61":{"start":{"line":182,"column":4},"end":{"line":188,"column":null}},"62":{"start":{"line":187,"column":6},"end":{"line":187,"column":null}},"63":{"start":{"line":189,"column":4},"end":{"line":189,"column":null}},"64":{"start":{"line":191,"column":4},"end":{"line":191,"column":null}},"65":{"start":{"line":203,"column":2},"end":{"line":205,"column":null}},"66":{"start":{"line":204,"column":4},"end":{"line":204,"column":null}},"67":{"start":{"line":207,"column":15},"end":{"line":207,"column":null}},"68":{"start":{"line":208,"column":2},"end":{"line":210,"column":null}},"69":{"start":{"line":208,"column":15},"end":{"line":208,"column":18}},"70":{"start":{"line":209,"column":4},"end":{"line":209,"column":null}},"71":{"start":{"line":211,"column":2},"end":{"line":211,"column":null}},"72":{"start":{"line":218,"column":15},"end":{"line":218,"column":null}},"73":{"start":{"line":219,"column":2},"end":{"line":219,"column":null}},"74":{"start":{"line":220,"column":2},"end":{"line":220,"column":null}},"75":{"start":{"line":235,"column":29},"end":{"line":235,"column":null}},"76":{"start":{"line":237,"column":2},"end":{"line":239,"column":null}},"77":{"start":{"line":238,"column":4},"end":{"line":238,"column":null}},"78":{"start":{"line":241,"column":2},"end":{"line":243,"column":null}},"79":{"start":{"line":242,"column":4},"end":{"line":242,"column":null}},"80":{"start":{"line":245,"column":2},"end":{"line":249,"column":null}}},"fnMap":{"0":{"name":"signOAuthState","decl":{"start":{"line":36,"column":16},"end":{"line":36,"column":31}},"loc":{"start":{"line":36,"column":67},"end":{"line":50,"column":null}},"line":36},"1":{"name":"verifyOAuthState","decl":{"start":{"line":56,"column":16},"end":{"line":56,"column":33}},"loc":{"start":{"line":56,"column":80},"end":{"line":92,"column":null}},"line":56},"2":{"name":"encryptToken","decl":{"start":{"line":108,"column":16},"end":{"line":108,"column":29}},"loc":{"start":{"line":108,"column":71},"end":{"line":137,"column":null}},"line":108},"3":{"name":"decryptToken","decl":{"start":{"line":143,"column":16},"end":{"line":143,"column":29}},"loc":{"start":{"line":143,"column":71},"end":{"line":167,"column":null}},"line":143},"4":{"name":"serializeEncryptedToken","decl":{"start":{"line":172,"column":16},"end":{"line":172,"column":40}},"loc":{"start":{"line":172,"column":75},"end":{"line":174,"column":null}},"line":172},"5":{"name":"deserializeEncryptedToken","decl":{"start":{"line":179,"column":16},"end":{"line":179,"column":42}},"loc":{"start":{"line":179,"column":85},"end":{"line":193,"column":null}},"line":179},"6":{"name":"timingSafeEqual","decl":{"start":{"line":202,"column":9},"end":{"line":202,"column":25}},"loc":{"start":{"line":202,"column":56},"end":{"line":212,"column":null}},"line":202},"7":{"name":"deriveKey","decl":{"start":{"line":217,"column":9},"end":{"line":217,"column":19}},"loc":{"start":{"line":217,"column":43},"end":{"line":221,"column":null}},"line":217},"8":{"name":"validateCryptoConfig","decl":{"start":{"line":230,"column":16},"end":{"line":230,"column":null}},"loc":{"start":{"line":234,"column":2},"end":{"line":250,"column":null}},"line":234}},"branchMap":{"0":{"loc":{"start":{"line":13,"column":21},"end":{"line":13,"column":null}},"type":"binary-expr","locations":[{"start":{"line":13,"column":21},"end":{"line":13,"column":55}},{"start":{"line":13,"column":55},"end":{"line":13,"column":86}},{"start":{"line":13,"column":86},"end":{"line":13,"column":null}}],"line":13},"1":{"loc":{"start":{"line":14,"column":29},"end":{"line":14,"column":null}},"type":"binary-expr","locations":[{"start":{"line":14,"column":29},"end":{"line":14,"column":65}},{"start":{"line":14,"column":65},"end":{"line":14,"column":null}}],"line":14},"2":{"loc":{"start":{"line":37,"column":2},"end":{"line":39,"column":null}},"type":"if","locations":[{"start":{"line":37,"column":2},"end":{"line":39,"column":null}},{"start":{},"end":{}}],"line":37},"3":{"loc":{"start":{"line":45,"column":42},"end":{"line":45,"column":81}},"type":"binary-expr","locations":[{"start":{"line":45,"column":42},"end":{"line":45,"column":58}},{"start":{"line":45,"column":58},"end":{"line":45,"column":81}}],"line":45},"4":{"loc":{"start":{"line":59,"column":4},"end":{"line":61,"column":null}},"type":"if","locations":[{"start":{"line":59,"column":4},"end":{"line":61,"column":null}},{"start":{},"end":{}}],"line":59},"5":{"loc":{"start":{"line":66,"column":44},"end":{"line":66,"column":83}},"type":"binary-expr","locations":[{"start":{"line":66,"column":44},"end":{"line":66,"column":60}},{"start":{"line":66,"column":60},"end":{"line":66,"column":83}}],"line":66},"6":{"loc":{"start":{"line":71,"column":4},"end":{"line":73,"column":null}},"type":"if","locations":[{"start":{"line":71,"column":4},"end":{"line":73,"column":null}},{"start":{},"end":{}}],"line":71},"7":{"loc":{"start":{"line":80,"column":4},"end":{"line":86,"column":null}},"type":"if","locations":[{"start":{"line":80,"column":4},"end":{"line":86,"column":null}},{"start":{},"end":{}}],"line":80},"8":{"loc":{"start":{"line":81,"column":6},"end":{"line":83,"column":null}},"type":"binary-expr","locations":[{"start":{"line":81,"column":6},"end":{"line":81,"column":null}},{"start":{"line":82,"column":6},"end":{"line":82,"column":null}},{"start":{"line":83,"column":6},"end":{"line":83,"column":null}}],"line":81},"9":{"loc":{"start":{"line":109,"column":2},"end":{"line":112,"column":null}},"type":"if","locations":[{"start":{"line":109,"column":2},"end":{"line":112,"column":null}},{"start":{},"end":{}}],"line":109},"10":{"loc":{"start":{"line":144,"column":2},"end":{"line":147,"column":null}},"type":"if","locations":[{"start":{"line":144,"column":2},"end":{"line":147,"column":null}},{"start":{},"end":{}}],"line":144},"11":{"loc":{"start":{"line":182,"column":4},"end":{"line":188,"column":null}},"type":"if","locations":[{"start":{"line":182,"column":4},"end":{"line":188,"column":null}},{"start":{},"end":{}}],"line":182},"12":{"loc":{"start":{"line":183,"column":6},"end":{"line":185,"column":null}},"type":"binary-expr","locations":[{"start":{"line":183,"column":6},"end":{"line":183,"column":null}},{"start":{"line":184,"column":6},"end":{"line":184,"column":null}},{"start":{"line":185,"column":6},"end":{"line":185,"column":null}}],"line":183},"13":{"loc":{"start":{"line":203,"column":2},"end":{"line":205,"column":null}},"type":"if","locations":[{"start":{"line":203,"column":2},"end":{"line":205,"column":null}},{"start":{},"end":{}}],"line":203},"14":{"loc":{"start":{"line":237,"column":2},"end":{"line":239,"column":null}},"type":"if","locations":[{"start":{"line":237,"column":2},"end":{"line":239,"column":null}},{"start":{},"end":{}}],"line":237},"15":{"loc":{"start":{"line":241,"column":2},"end":{"line":243,"column":null}},"type":"if","locations":[{"start":{"line":241,"column":2},"end":{"line":243,"column":null}},{"start":{},"end":{}}],"line":241}},"s":{"0":1,"1":1,"2":1,"3":1,"4":1,"5":1,"6":1,"7":4,"8":4,"9":4,"10":4,"11":4,"12":4,"13":4,"14":4,"15":9,"16":9,"17":9,"18":3,"19":6,"20":6,"21":9,"22":9,"23":9,"24":5,"25":1,"26":1,"27":1,"28":0,"29":1,"30":0,"31":0,"32":0,"33":0,"34":0,"35":0,"36":0,"37":0,"38":0,"39":0,"40":0,"41":0,"42":0,"43":0,"44":0,"45":0,"46":0,"47":0,"48":0,"49":0,"50":0,"51":0,"52":0,"53":0,"54":0,"55":0,"56":0,"57":0,"58":1,"59":6,"60":6,"61":6,"62":1,"63":4,"64":1,"65":6,"66":3,"67":3,"68":3,"69":3,"70":129,"71":3,"72":0,"73":0,"74":0,"75":2,"76":2,"77":2,"78":2,"79":2,"80":2},"f":{"0":4,"1":9,"2":0,"3":0,"4":1,"5":6,"6":6,"7":0,"8":2},"b":{"0":[1,1,1],"1":[1,1],"2":[4,0],"3":[4,4],"4":[3,6],"5":[6,6],"6":[5,4],"7":[0,1],"8":[1,1,1],"9":[0,0],"10":[0,0],"11":[1,5],"12":[6,3,2],"13":[3,3],"14":[2,0],"15":[2,0]},"meta":{"lastBranch":16,"lastFunction":9,"lastStatement":81,"seen":{"s:6:74:6:Infinity":0,"s:13:21:13:Infinity":1,"b:13:21:13:55:13:55:13:86:13:86:13:Infinity":0,"s:14:29:14:Infinity":2,"b:14:29:14:65:14:65:14:Infinity":1,"s:17:23:17:Infinity":3,"s:18:29:18:Infinity":4,"s:19:18:19:Infinity":5,"s:20:24:20:Infinity":6,"f:36:16:36:31":0,"b:37:2:39:Infinity:undefined:undefined:undefined:undefined":2,"s:37:2:39:Infinity":7,"s:38:4:38:Infinity":8,"s:41:21:41:Infinity":9,"s:42:21:42:Infinity":10,"s:45:15:45:Infinity":11,"b:45:42:45:58:45:58:45:81":3,"s:46:2:46:Infinity":12,"s:47:20:47:Infinity":13,"s:49:2:49:Infinity":14,"f:56:16:56:33":1,"s:57:2:91:Infinity":15,"s:58:18:58:Infinity":16,"b:59:4:61:Infinity:undefined:undefined:undefined:undefined":4,"s:59:4:61:Infinity":17,"s:60:6:60:Infinity":18,"s:63:44:63:Infinity":19,"s:66:17:66:Infinity":20,"b:66:44:66:60:66:60:66:83":5,"s:67:4:67:Infinity":21,"s:68:30:68:Infinity":22,"b:71:4:73:Infinity:undefined:undefined:undefined:undefined":6,"s:71:4:73:Infinity":23,"s:72:6:72:Infinity":24,"s:76:23:76:Infinity":25,"s:77:20:77:Infinity":26,"b:80:4:86:Infinity:undefined:undefined:undefined:undefined":7,"s:80:4:86:Infinity":27,"b:81:6:81:Infinity:82:6:82:Infinity:83:6:83:Infinity":8,"s:85:6:85:Infinity":28,"s:88:4:88:Infinity":29,"s:90:4:90:Infinity":30,"f:108:16:108:29":2,"b:109:2:112:Infinity:undefined:undefined:undefined:undefined":9,"s:109:2:112:Infinity":31,"s:110:4:110:Infinity":32,"s:111:4:111:Infinity":33,"s:114:2:136:Infinity":34,"s:116:16:116:Infinity":35,"s:117:15:117:Infinity":36,"s:119:19:121:Infinity":37,"s:123:20:123:Infinity":38,"s:124:4:124:Infinity":39,"s:126:20:126:Infinity":40,"s:128:4:132:Infinity":41,"s:134:4:134:Infinity":42,"s:135:4:135:Infinity":43,"f:143:16:143:29":3,"b:144:2:147:Infinity:undefined:undefined:undefined:undefined":10,"s:144:2:147:Infinity":44,"s:145:4:145:Infinity":45,"s:146:4:146:Infinity":46,"s:149:2:166:Infinity":47,"s:150:16:150:Infinity":48,"s:151:15:151:Infinity":49,"s:152:20:152:Infinity":50,"s:154:21:156:Infinity":51,"s:157:4:157:Infinity":52,"s:159:20:159:Infinity":53,"s:160:4:160:Infinity":54,"s:162:4:162:Infinity":55,"s:164:4:164:Infinity":56,"s:165:4:165:Infinity":57,"f:172:16:172:40":4,"s:173:2:173:Infinity":58,"f:179:16:179:42":5,"s:180:2:192:Infinity":59,"s:181:19:181:Infinity":60,"b:182:4:188:Infinity:undefined:undefined:undefined:undefined":11,"s:182:4:188:Infinity":61,"b:183:6:183:Infinity:184:6:184:Infinity:185:6:185:Infinity":12,"s:187:6:187:Infinity":62,"s:189:4:189:Infinity":63,"s:191:4:191:Infinity":64,"f:202:9:202:25":6,"b:203:2:205:Infinity:undefined:undefined:undefined:undefined":13,"s:203:2:205:Infinity":65,"s:204:4:204:Infinity":66,"s:207:15:207:Infinity":67,"s:208:2:210:Infinity":68,"s:208:15:208:18":69,"s:209:4:209:Infinity":70,"s:211:2:211:Infinity":71,"f:217:9:217:19":7,"s:218:15:218:Infinity":72,"s:219:2:219:Infinity":73,"s:220:2:220:Infinity":74,"f:230:16:230:Infinity":8,"s:235:29:235:Infinity":75,"b:237:2:239:Infinity:undefined:undefined:undefined:undefined":14,"s:237:2:239:Infinity":76,"s:238:4:238:Infinity":77,"b:241:2:243:Infinity:undefined:undefined:undefined:undefined":15,"s:241:2:243:Infinity":78,"s:242:4:242:Infinity":79,"s:245:2:249:Infinity":80}}}
,"/Users/rodericandrews/_PAI/projects/command_center_linear/lib/csrf.ts": {"path":"/Users/rodericandrews/_PAI/projects/command_center_linear/lib/csrf.ts","statementMap":{"0":{"start":{"line":23,"column":25},"end":{"line":23,"column":null}},"1":{"start":{"line":24,"column":25},"end":{"line":24,"column":null}},"2":{"start":{"line":31,"column":2},"end":{"line":31,"column":null}},"3":{"start":{"line":31,"column":39},"end":{"line":31,"column":null}},"4":{"start":{"line":33,"column":18},"end":{"line":33,"column":null}},"5":{"start":{"line":34,"column":2},"end":{"line":39,"column":null}},"6":{"start":{"line":35,"column":26},"end":{"line":35,"column":null}},"7":{"start":{"line":36,"column":4},"end":{"line":38,"column":null}},"8":{"start":{"line":37,"column":6},"end":{"line":37,"column":null}},"9":{"start":{"line":40,"column":2},"end":{"line":40,"column":null}},"10":{"start":{"line":51,"column":20},"end":{"line":51,"column":null}},"11":{"start":{"line":53,"column":18},"end":{"line":53,"column":null}},"12":{"start":{"line":56,"column":8},"end":{"line":56,"column":null}},"13":{"start":{"line":57,"column":2},"end":{"line":59,"column":null}},"14":{"start":{"line":58,"column":4},"end":{"line":58,"column":null}},"15":{"start":{"line":62,"column":2},"end":{"line":64,"column":null}},"16":{"start":{"line":63,"column":4},"end":{"line":63,"column":null}},"17":{"start":{"line":66,"column":2},"end":{"line":69,"column":null}},"18":{"start":{"line":77,"column":2},"end":{"line":77,"column":null}},"19":{"start":{"line":84,"column":16},"end":{"line":84,"column":null}},"20":{"start":{"line":85,"column":2},"end":{"line":85,"column":null}}},"fnMap":{"0":{"name":"getCsrfToken","decl":{"start":{"line":30,"column":16},"end":{"line":30,"column":46}},"loc":{"start":{"line":30,"column":46},"end":{"line":41,"column":null}},"line":30},"1":{"name":"fetchWithCsrf","decl":{"start":{"line":47,"column":22},"end":{"line":47,"column":null}},"loc":{"start":{"line":50,"column":21},"end":{"line":70,"column":null}},"line":50},"2":{"name":"createCsrfFetch","decl":{"start":{"line":76,"column":16},"end":{"line":76,"column":34}},"loc":{"start":{"line":76,"column":34},"end":{"line":78,"column":null}},"line":76},"3":{"name":"getCsrfHeaders","decl":{"start":{"line":83,"column":16},"end":{"line":83,"column":57}},"loc":{"start":{"line":83,"column":57},"end":{"line":86,"column":null}},"line":83}},"branchMap":{"0":{"loc":{"start":{"line":31,"column":2},"end":{"line":31,"column":null}},"type":"if","locations":[{"start":{"line":31,"column":2},"end":{"line":31,"column":null}},{"start":{},"end":{}}],"line":31},"1":{"loc":{"start":{"line":36,"column":4},"end":{"line":38,"column":null}},"type":"if","locations":[{"start":{"line":36,"column":4},"end":{"line":38,"column":null}},{"start":{},"end":{}}],"line":36},"2":{"loc":{"start":{"line":49,"column":2},"end":{"line":49,"column":null}},"type":"default-arg","locations":[{"start":{"line":49,"column":25},"end":{"line":49,"column":null}}],"line":49},"3":{"loc":{"start":{"line":56,"column":18},"end":{"line":56,"column":43}},"type":"binary-expr","locations":[{"start":{"line":56,"column":18},"end":{"line":56,"column":36}},{"start":{"line":56,"column":36},"end":{"line":56,"column":43}}],"line":56},"4":{"loc":{"start":{"line":57,"column":2},"end":{"line":59,"column":null}},"type":"if","locations":[{"start":{"line":57,"column":2},"end":{"line":59,"column":null}},{"start":{},"end":{}}],"line":57},"5":{"loc":{"start":{"line":57,"column":6},"end":{"line":57,"column":72}},"type":"binary-expr","locations":[{"start":{"line":57,"column":6},"end":{"line":57,"column":19}},{"start":{"line":57,"column":19},"end":{"line":57,"column":72}}],"line":57},"6":{"loc":{"start":{"line":62,"column":2},"end":{"line":64,"column":null}},"type":"if","locations":[{"start":{"line":62,"column":2},"end":{"line":64,"column":null}},{"start":{},"end":{}}],"line":62},"7":{"loc":{"start":{"line":62,"column":6},"end":{"line":62,"column":52}},"type":"binary-expr","locations":[{"start":{"line":62,"column":6},"end":{"line":62,"column":22}},{"start":{"line":62,"column":22},"end":{"line":62,"column":52}}],"line":62},"8":{"loc":{"start":{"line":85,"column":9},"end":{"line":85,"column":null}},"type":"cond-expr","locations":[{"start":{"line":85,"column":17},"end":{"line":85,"column":49}},{"start":{"line":85,"column":49},"end":{"line":85,"column":null}}],"line":85}},"s":{"0":3,"1":3,"2":2,"3":0,"4":2,"5":2,"6":2,"7":2,"8":0,"9":2,"10":2,"11":2,"12":2,"13":2,"14":0,"15":2,"16":1,"17":2,"18":0,"19":0,"20":0},"f":{"0":2,"1":2,"2":0,"3":0},"b":{"0":[0,2],"1":[0,2],"2":[2],"3":[2,0],"4":[0,2],"5":[2,0],"6":[1,1],"7":[2,1],"8":[0,0]},"meta":{"lastBranch":9,"lastFunction":4,"lastStatement":21,"seen":{"s:23:25:23:Infinity":0,"s:24:25:24:Infinity":1,"f:30:16:30:46":0,"b:31:2:31:Infinity:undefined:undefined:undefined:undefined":0,"s:31:2:31:Infinity":2,"s:31:39:31:Infinity":3,"s:33:18:33:Infinity":4,"s:34:2:39:Infinity":5,"s:35:26:35:Infinity":6,"b:36:4:38:Infinity:undefined:undefined:undefined:undefined":1,"s:36:4:38:Infinity":7,"s:37:6:37:Infinity":8,"s:40:2:40:Infinity":9,"f:47:22:47:Infinity":1,"b:49:25:49:Infinity":2,"s:51:20:51:Infinity":10,"s:53:18:53:Infinity":11,"s:56:8:56:Infinity":12,"b:56:18:56:36:56:36:56:43":3,"b:57:2:59:Infinity:undefined:undefined:undefined:undefined":4,"s:57:2:59:Infinity":13,"b:57:6:57:19:57:19:57:72":5,"s:58:4:58:Infinity":14,"b:62:2:64:Infinity:undefined:undefined:undefined:undefined":6,"s:62:2:64:Infinity":15,"b:62:6:62:22:62:22:62:52":7,"s:63:4:63:Infinity":16,"s:66:2:69:Infinity":17,"f:76:16:76:34":2,"s:77:2:77:Infinity":18,"f:83:16:83:57":3,"s:84:16:84:Infinity":19,"s:85:2:85:Infinity":20,"b:85:17:85:49:85:49:85:Infinity":8}}}
,"/Users/rodericandrews/_PAI/projects/command_center_linear/lib/security.ts": {"path":"/Users/rodericandrews/_PAI/projects/command_center_linear/lib/security.ts","statementMap":{"0":{"start":{"line":14,"column":70},"end":{"line":14,"column":null}},"1":{"start":{"line":16,"column":2},"end":{"line":19,"column":null}},"2":{"start":{"line":17,"column":16},"end":{"line":17,"column":null}},"3":{"start":{"line":18,"column":4},"end":{"line":18,"column":null}},"4":{"start":{"line":20,"column":2},"end":{"line":20,"column":null}},"5":{"start":{"line":25,"column":27},"end":{"line":33,"column":null}},"6":{"start":{"line":26,"column":14},"end":{"line":26,"column":null}},"7":{"start":{"line":27,"column":14},"end":{"line":27,"column":null}},"8":{"start":{"line":28,"column":2},"end":{"line":31,"column":null}},"9":{"start":{"line":29,"column":4},"end":{"line":29,"column":null}},"10":{"start":{"line":30,"column":4},"end":{"line":30,"column":null}},"11":{"start":{"line":32,"column":2},"end":{"line":32,"column":null}},"12":{"start":{"line":43,"column":2},"end":{"line":43,"column":null}},"13":{"start":{"line":43,"column":33},"end":{"line":43,"column":null}},"14":{"start":{"line":44,"column":2},"end":{"line":50,"column":null}},"15":{"start":{"line":59,"column":2},"end":{"line":59,"column":null}},"16":{"start":{"line":59,"column":33},"end":{"line":59,"column":null}},"17":{"start":{"line":60,"column":17},"end":{"line":60,"column":null}},"18":{"start":{"line":61,"column":2},"end":{"line":67,"column":null}},"19":{"start":{"line":75,"column":2},"end":{"line":75,"column":null}},"20":{"start":{"line":75,"column":33},"end":{"line":75,"column":null}},"21":{"start":{"line":76,"column":16},"end":{"line":76,"column":null}},"22":{"start":{"line":79,"column":2},"end":{"line":79,"column":null}},"23":{"start":{"line":79,"column":39},"end":{"line":79,"column":null}},"24":{"start":{"line":81,"column":2},"end":{"line":81,"column":null}},"25":{"start":{"line":88,"column":2},"end":{"line":88,"column":null}},"26":{"start":{"line":88,"column":33},"end":{"line":88,"column":null}},"27":{"start":{"line":89,"column":20},"end":{"line":89,"column":null}},"28":{"start":{"line":90,"column":2},"end":{"line":90,"column":null}},"29":{"start":{"line":97,"column":45},"end":{"line":97,"column":null}},"30":{"start":{"line":98,"column":2},"end":{"line":107,"column":null}},"31":{"start":{"line":99,"column":25},"end":{"line":99,"column":null}},"32":{"start":{"line":100,"column":4},"end":{"line":106,"column":null}},"33":{"start":{"line":101,"column":6},"end":{"line":101,"column":null}},"34":{"start":{"line":102,"column":4},"end":{"line":106,"column":null}},"35":{"start":{"line":103,"column":6},"end":{"line":103,"column":null}},"36":{"start":{"line":105,"column":6},"end":{"line":105,"column":null}},"37":{"start":{"line":108,"column":2},"end":{"line":108,"column":null}},"38":{"start":{"line":121,"column":23},"end":{"line":121,"column":null}},"39":{"start":{"line":124,"column":0},"end":{"line":133,"column":null}},"40":{"start":{"line":125,"column":2},"end":{"line":132,"column":null}},"41":{"start":{"line":126,"column":16},"end":{"line":126,"column":null}},"42":{"start":{"line":127,"column":4},"end":{"line":131,"column":null}},"43":{"start":{"line":128,"column":6},"end":{"line":130,"column":null}},"44":{"start":{"line":129,"column":8},"end":{"line":129,"column":null}},"45":{"start":{"line":140,"column":44},"end":{"line":143,"column":null}},"46":{"start":{"line":151,"column":25},"end":{"line":151,"column":null}},"47":{"start":{"line":152,"column":2},"end":{"line":154,"column":null}},"48":{"start":{"line":153,"column":4},"end":{"line":153,"column":null}},"49":{"start":{"line":157,"column":18},"end":{"line":157,"column":null}},"50":{"start":{"line":158,"column":2},"end":{"line":160,"column":null}},"51":{"start":{"line":159,"column":4},"end":{"line":159,"column":null}},"52":{"start":{"line":163,"column":24},"end":{"line":163,"column":null}},"53":{"start":{"line":164,"column":2},"end":{"line":174,"column":null}},"54":{"start":{"line":167,"column":16},"end":{"line":167,"column":null}},"55":{"start":{"line":167,"column":51},"end":{"line":167,"column":60}},"56":{"start":{"line":169,"column":4},"end":{"line":173,"column":null}},"57":{"start":{"line":169,"column":17},"end":{"line":169,"column":33}},"58":{"start":{"line":170,"column":6},"end":{"line":172,"column":null}},"59":{"start":{"line":171,"column":8},"end":{"line":171,"column":null}},"60":{"start":{"line":177,"column":2},"end":{"line":177,"column":null}},"61":{"start":{"line":185,"column":20},"end":{"line":185,"column":null}},"62":{"start":{"line":187,"column":20},"end":{"line":187,"column":null}},"63":{"start":{"line":189,"column":2},"end":{"line":189,"column":null}},"64":{"start":{"line":201,"column":19},"end":{"line":201,"column":null}},"65":{"start":{"line":202,"column":14},"end":{"line":202,"column":null}},"66":{"start":{"line":203,"column":22},"end":{"line":203,"column":null}},"67":{"start":{"line":204,"column":20},"end":{"line":204,"column":null}},"68":{"start":{"line":207,"column":2},"end":{"line":209,"column":null}},"69":{"start":{"line":208,"column":4},"end":{"line":208,"column":null}},"70":{"start":{"line":211,"column":2},"end":{"line":236,"column":null}},"71":{"start":{"line":213,"column":28},"end":{"line":218,"column":null}},"72":{"start":{"line":220,"column":4},"end":{"line":223,"column":null}},"73":{"start":{"line":221,"column":6},"end":{"line":221,"column":null}},"74":{"start":{"line":222,"column":6},"end":{"line":222,"column":null}},"75":{"start":{"line":225,"column":18},"end":{"line":225,"column":null}},"76":{"start":{"line":226,"column":20},"end":{"line":226,"column":null}},"77":{"start":{"line":228,"column":4},"end":{"line":232,"column":null}},"78":{"start":{"line":234,"column":4},"end":{"line":234,"column":null}},"79":{"start":{"line":235,"column":4},"end":{"line":235,"column":null}},"80":{"start":{"line":246,"column":14},"end":{"line":246,"column":null}},"81":{"start":{"line":247,"column":16},"end":{"line":247,"column":null}},"82":{"start":{"line":249,"column":2},"end":{"line":259,"column":null}},"83":{"start":{"line":250,"column":4},"end":{"line":253,"column":null}},"84":{"start":{"line":254,"column":4},"end":{"line":258,"column":null}},"85":{"start":{"line":261,"column":2},"end":{"line":267,"column":null}},"86":{"start":{"line":262,"column":4},"end":{"line":266,"column":null}},"87":{"start":{"line":269,"column":2},"end":{"line":269,"column":null}},"88":{"start":{"line":270,"column":2},"end":{"line":274,"column":null}},"89":{"start":{"line":285,"column":2},"end":{"line":285,"column":null}},"90":{"start":{"line":296,"column":13},"end":{"line":296,"column":null}},"91":{"start":{"line":297,"column":17},"end":{"line":297,"column":null}},"92":{"start":{"line":299,"column":2},"end":{"line":312,"column":null}},"93":{"start":{"line":300,"column":4},"end":{"line":311,"column":null}},"94":{"start":{"line":314,"column":2},"end":{"line":314,"column":null}},"95":{"start":{"line":325,"column":13},"end":{"line":325,"column":null}},"96":{"start":{"line":326,"column":17},"end":{"line":326,"column":null}},"97":{"start":{"line":328,"column":2},"end":{"line":341,"column":null}},"98":{"start":{"line":329,"column":4},"end":{"line":340,"column":null}},"99":{"start":{"line":343,"column":2},"end":{"line":343,"column":null}},"100":{"start":{"line":355,"column":2},"end":{"line":382,"column":null}},"101":{"start":{"line":357,"column":20},"end":{"line":357,"column":null}},"102":{"start":{"line":360,"column":4},"end":{"line":366,"column":null}},"103":{"start":{"line":365,"column":6},"end":{"line":365,"column":null}},"104":{"start":{"line":368,"column":4},"end":{"line":370,"column":null}},"105":{"start":{"line":369,"column":6},"end":{"line":369,"column":null}},"106":{"start":{"line":372,"column":4},"end":{"line":374,"column":null}},"107":{"start":{"line":373,"column":6},"end":{"line":373,"column":null}},"108":{"start":{"line":376,"column":4},"end":{"line":378,"column":null}},"109":{"start":{"line":377,"column":6},"end":{"line":377,"column":null}},"110":{"start":{"line":381,"column":4},"end":{"line":381,"column":null}},"111":{"start":{"line":384,"column":2},"end":{"line":384,"column":null}},"112":{"start":{"line":396,"column":2},"end":{"line":398,"column":null}},"113":{"start":{"line":397,"column":4},"end":{"line":397,"column":null}},"114":{"start":{"line":400,"column":2},"end":{"line":403,"column":null}},"115":{"start":{"line":419,"column":2},"end":{"line":440,"column":null}},"116":{"start":{"line":421,"column":26},"end":{"line":421,"column":null}},"117":{"start":{"line":422,"column":4},"end":{"line":424,"column":null}},"118":{"start":{"line":423,"column":6},"end":{"line":423,"column":null}},"119":{"start":{"line":426,"column":24},"end":{"line":426,"column":null}},"120":{"start":{"line":427,"column":4},"end":{"line":429,"column":null}},"121":{"start":{"line":428,"column":6},"end":{"line":428,"column":null}},"122":{"start":{"line":431,"column":17},"end":{"line":431,"column":null}},"123":{"start":{"line":433,"column":4},"end":{"line":435,"column":null}},"124":{"start":{"line":434,"column":6},"end":{"line":434,"column":null}},"125":{"start":{"line":437,"column":4},"end":{"line":437,"column":null}},"126":{"start":{"line":439,"column":4},"end":{"line":439,"column":null}},"127":{"start":{"line":455,"column":2},"end":{"line":460,"column":null}},"128":{"start":{"line":458,"column":6},"end":{"line":458,"column":null}},"129":{"start":{"line":458,"column":23},"end":{"line":458,"column":56}},"130":{"start":{"line":467,"column":25},"end":{"line":467,"column":null}},"131":{"start":{"line":468,"column":25},"end":{"line":468,"column":null}},"132":{"start":{"line":471,"column":31},"end":{"line":471,"column":null}},"133":{"start":{"line":477,"column":16},"end":{"line":477,"column":null}},"134":{"start":{"line":478,"column":2},"end":{"line":478,"column":null}},"135":{"start":{"line":479,"column":2},"end":{"line":479,"column":null}},"136":{"start":{"line":479,"column":35},"end":{"line":479,"column":69}},"137":{"start":{"line":486,"column":2},"end":{"line":486,"column":null}},"138":{"start":{"line":486,"column":29},"end":{"line":486,"column":null}},"139":{"start":{"line":488,"column":15},"end":{"line":488,"column":null}},"140":{"start":{"line":489,"column":2},"end":{"line":491,"column":null}},"141":{"start":{"line":489,"column":15},"end":{"line":489,"column":18}},"142":{"start":{"line":490,"column":4},"end":{"line":490,"column":null}},"143":{"start":{"line":492,"column":2},"end":{"line":492,"column":null}},"144":{"start":{"line":499,"column":16},"end":{"line":499,"column":null}},"145":{"start":{"line":500,"column":2},"end":{"line":500,"column":null}},"146":{"start":{"line":500,"column":32},"end":{"line":500,"column":null}},"147":{"start":{"line":501,"column":2},"end":{"line":501,"column":null}},"148":{"start":{"line":508,"column":2},"end":{"line":508,"column":null}},"149":{"start":{"line":515,"column":2},"end":{"line":515,"column":null}},"150":{"start":{"line":533,"column":2},"end":{"line":535,"column":null}},"151":{"start":{"line":534,"column":4},"end":{"line":534,"column":null}},"152":{"start":{"line":538,"column":22},"end":{"line":538,"column":null}},"153":{"start":{"line":539,"column":2},"end":{"line":544,"column":null}},"154":{"start":{"line":540,"column":4},"end":{"line":543,"column":null}},"155":{"start":{"line":547,"column":2},"end":{"line":552,"column":null}},"156":{"start":{"line":548,"column":4},"end":{"line":551,"column":null}},"157":{"start":{"line":554,"column":2},"end":{"line":554,"column":null}},"158":{"start":{"line":562,"column":20},"end":{"line":562,"column":null}},"159":{"start":{"line":564,"column":2},"end":{"line":570,"column":null}},"160":{"start":{"line":572,"column":2},"end":{"line":572,"column":null}},"161":{"start":{"line":580,"column":19},"end":{"line":580,"column":null}},"162":{"start":{"line":581,"column":2},"end":{"line":581,"column":null}}},"fnMap":{"0":{"name":"getDOMPurify","decl":{"start":{"line":15,"column":15},"end":{"line":15,"column":30}},"loc":{"start":{"line":15,"column":30},"end":{"line":21,"column":null}},"line":15},"1":{"name":"(anonymous_1)","decl":{"start":{"line":25,"column":27},"end":{"line":25,"column":33}},"loc":{"start":{"line":25,"column":33},"end":{"line":33,"column":null}},"line":25},"2":{"name":"sanitizeString","decl":{"start":{"line":42,"column":16},"end":{"line":42,"column":31}},"loc":{"start":{"line":42,"column":55},"end":{"line":51,"column":null}},"line":42},"3":{"name":"sanitizeHtml","decl":{"start":{"line":58,"column":22},"end":{"line":58,"column":35}},"loc":{"start":{"line":58,"column":68},"end":{"line":68,"column":null}},"line":58},"4":{"name":"sanitizeEmail","decl":{"start":{"line":74,"column":16},"end":{"line":74,"column":30}},"loc":{"start":{"line":74,"column":61},"end":{"line":82,"column":null}},"line":74},"5":{"name":"isValidUUID","decl":{"start":{"line":87,"column":16},"end":{"line":87,"column":28}},"loc":{"start":{"line":87,"column":53},"end":{"line":91,"column":null}},"line":87},"6":{"name":"sanitizeObject","decl":{"start":{"line":96,"column":16},"end":{"line":96,"column":66}},"loc":{"start":{"line":96,"column":77},"end":{"line":109,"column":null}},"line":96},"7":{"name":"(anonymous_7)","decl":{"start":{"line":125,"column":14},"end":{"line":125,"column":20}},"loc":{"start":{"line":125,"column":20},"end":{"line":132,"column":5}},"line":125},"8":{"name":"getClientIp","decl":{"start":{"line":149,"column":16},"end":{"line":149,"column":28}},"loc":{"start":{"line":149,"column":58},"end":{"line":178,"column":null}},"line":149},"9":{"name":"(anonymous_9)","decl":{"start":{"line":167,"column":45},"end":{"line":167,"column":51}},"loc":{"start":{"line":167,"column":51},"end":{"line":167,"column":60}},"line":167},"10":{"name":"isValidIpAddress","decl":{"start":{"line":183,"column":9},"end":{"line":183,"column":26}},"loc":{"start":{"line":183,"column":47},"end":{"line":190,"column":null}},"line":183},"11":{"name":"checkRateLimitDistributed","decl":{"start":{"line":197,"column":22},"end":{"line":197,"column":null}},"loc":{"start":{"line":200,"column":71},"end":{"line":237,"column":null}},"line":200},"12":{"name":"checkRateLimitInMemory","decl":{"start":{"line":242,"column":9},"end":{"line":242,"column":null}},"loc":{"start":{"line":245,"column":62},"end":{"line":275,"column":null}},"line":245},"13":{"name":"checkRateLimit","decl":{"start":{"line":281,"column":16},"end":{"line":281,"column":null}},"loc":{"start":{"line":284,"column":62},"end":{"line":286,"column":null}},"line":284},"14":{"name":"withRateLimitAsync","decl":{"start":{"line":292,"column":22},"end":{"line":292,"column":null}},"loc":{"start":{"line":295,"column":32},"end":{"line":315,"column":null}},"line":295},"15":{"name":"withRateLimit","decl":{"start":{"line":321,"column":16},"end":{"line":321,"column":null}},"loc":{"start":{"line":324,"column":23},"end":{"line":344,"column":null}},"line":324},"16":{"name":"sanitizeErrorMessage","decl":{"start":{"line":354,"column":16},"end":{"line":354,"column":37}},"loc":{"start":{"line":354,"column":61},"end":{"line":385,"column":null}},"line":354},"17":{"name":"createErrorResponse","decl":{"start":{"line":390,"column":16},"end":{"line":390,"column":null}},"loc":{"start":{"line":394,"column":16},"end":{"line":404,"column":null}},"line":394},"18":{"name":"parseJsonBody","decl":{"start":{"line":415,"column":22},"end":{"line":415,"column":null}},"loc":{"start":{"line":418,"column":53},"end":{"line":441,"column":null}},"line":418},"19":{"name":"withTimeout","decl":{"start":{"line":450,"column":16},"end":{"line":450,"column":null}},"loc":{"start":{"line":454,"column":14},"end":{"line":461,"column":null}},"line":454},"20":{"name":"(anonymous_20)","decl":{"start":{"line":457,"column":19},"end":{"line":457,"column":20}},"loc":{"start":{"line":458,"column":6},"end":{"line":458,"column":null}},"line":458},"21":{"name":"(anonymous_21)","decl":{"start":{"line":458,"column":17},"end":{"line":458,"column":23}},"loc":{"start":{"line":458,"column":23},"end":{"line":458,"column":56}},"line":458},"22":{"name":"generateCsrfToken","decl":{"start":{"line":476,"column":16},"end":{"line":476,"column":44}},"loc":{"start":{"line":476,"column":44},"end":{"line":480,"column":null}},"line":476},"23":{"name":"(anonymous_23)","decl":{"start":{"line":479,"column":27},"end":{"line":479,"column":35}},"loc":{"start":{"line":479,"column":35},"end":{"line":479,"column":69}},"line":479},"24":{"name":"constantTimeEqual","decl":{"start":{"line":485,"column":9},"end":{"line":485,"column":27}},"loc":{"start":{"line":485,"column":58},"end":{"line":493,"column":null}},"line":485},"25":{"name":"validateCsrfToken","decl":{"start":{"line":498,"column":16},"end":{"line":498,"column":34}},"loc":{"start":{"line":498,"column":88},"end":{"line":502,"column":null}},"line":498},"26":{"name":"getCsrfTokenFromCookies","decl":{"start":{"line":507,"column":16},"end":{"line":507,"column":40}},"loc":{"start":{"line":507,"column":77},"end":{"line":509,"column":null}},"line":507},"27":{"name":"requiresCsrfValidation","decl":{"start":{"line":514,"column":16},"end":{"line":514,"column":39}},"loc":{"start":{"line":514,"column":70},"end":{"line":516,"column":null}},"line":514},"28":{"name":"withCsrfProtection","decl":{"start":{"line":531,"column":16},"end":{"line":531,"column":35}},"loc":{"start":{"line":531,"column":78},"end":{"line":555,"column":null}},"line":531},"29":{"name":"withCsrfCookie","decl":{"start":{"line":561,"column":16},"end":{"line":561,"column":31}},"loc":{"start":{"line":561,"column":85},"end":{"line":573,"column":null}},"line":561},"30":{"name":"getOrCreateCsrfToken","decl":{"start":{"line":579,"column":16},"end":{"line":579,"column":37}},"loc":{"start":{"line":579,"column":67},"end":{"line":582,"column":null}},"line":579}},"branchMap":{"0":{"loc":{"start":{"line":16,"column":2},"end":{"line":19,"column":null}},"type":"if","locations":[{"start":{"line":16,"column":2},"end":{"line":19,"column":null}},{"start":{},"end":{}}],"line":16},"1":{"loc":{"start":{"line":28,"column":2},"end":{"line":31,"column":null}},"type":"if","locations":[{"start":{"line":28,"column":2},"end":{"line":31,"column":null}},{"start":{},"end":{}}],"line":28},"2":{"loc":{"start":{"line":28,"column":6},"end":{"line":28,"column":20}},"type":"binary-expr","locations":[{"start":{"line":28,"column":6},"end":{"line":28,"column":14}},{"start":{"line":28,"column":14},"end":{"line":28,"column":20}}],"line":28},"3":{"loc":{"start":{"line":43,"column":2},"end":{"line":43,"column":null}},"type":"if","locations":[{"start":{"line":43,"column":2},"end":{"line":43,"column":null}},{"start":{},"end":{}}],"line":43},"4":{"loc":{"start":{"line":59,"column":2},"end":{"line":59,"column":null}},"type":"if","locations":[{"start":{"line":59,"column":2},"end":{"line":59,"column":null}},{"start":{},"end":{}}],"line":59},"5":{"loc":{"start":{"line":75,"column":2},"end":{"line":75,"column":null}},"type":"if","locations":[{"start":{"line":75,"column":2},"end":{"line":75,"column":null}},{"start":{},"end":{}}],"line":75},"6":{"loc":{"start":{"line":79,"column":2},"end":{"line":79,"column":null}},"type":"if","locations":[{"start":{"line":79,"column":2},"end":{"line":79,"column":null}},{"start":{},"end":{}}],"line":79},"7":{"loc":{"start":{"line":88,"column":2},"end":{"line":88,"column":null}},"type":"if","locations":[{"start":{"line":88,"column":2},"end":{"line":88,"column":null}},{"start":{},"end":{}}],"line":88},"8":{"loc":{"start":{"line":100,"column":4},"end":{"line":106,"column":null}},"type":"if","locations":[{"start":{"line":100,"column":4},"end":{"line":106,"column":null}},{"start":{"line":102,"column":4},"end":{"line":106,"column":null}}],"line":100},"9":{"loc":{"start":{"line":102,"column":4},"end":{"line":106,"column":null}},"type":"if","locations":[{"start":{"line":102,"column":4},"end":{"line":106,"column":null}},{"start":{"line":104,"column":11},"end":{"line":106,"column":null}}],"line":102},"10":{"loc":{"start":{"line":102,"column":15},"end":{"line":102,"column":85}},"type":"binary-expr","locations":[{"start":{"line":102,"column":15},"end":{"line":102,"column":44}},{"start":{"line":102,"column":44},"end":{"line":102,"column":62}},{"start":{"line":102,"column":62},"end":{"line":102,"column":85}}],"line":102},"11":{"loc":{"start":{"line":124,"column":0},"end":{"line":133,"column":null}},"type":"if","locations":[{"start":{"line":124,"column":0},"end":{"line":133,"column":null}},{"start":{},"end":{}}],"line":124},"12":{"loc":{"start":{"line":128,"column":6},"end":{"line":130,"column":null}},"type":"if","locations":[{"start":{"line":128,"column":6},"end":{"line":130,"column":null}},{"start":{},"end":{}}],"line":128},"13":{"loc":{"start":{"line":152,"column":2},"end":{"line":154,"column":null}},"type":"if","locations":[{"start":{"line":152,"column":2},"end":{"line":154,"column":null}},{"start":{},"end":{}}],"line":152},"14":{"loc":{"start":{"line":152,"column":6},"end":{"line":152,"column":58}},"type":"binary-expr","locations":[{"start":{"line":152,"column":6},"end":{"line":152,"column":24}},{"start":{"line":152,"column":24},"end":{"line":152,"column":58}}],"line":152},"15":{"loc":{"start":{"line":158,"column":2},"end":{"line":160,"column":null}},"type":"if","locations":[{"start":{"line":158,"column":2},"end":{"line":160,"column":null}},{"start":{},"end":{}}],"line":158},"16":{"loc":{"start":{"line":158,"column":6},"end":{"line":158,"column":44}},"type":"binary-expr","locations":[{"start":{"line":158,"column":6},"end":{"line":158,"column":17}},{"start":{"line":158,"column":17},"end":{"line":158,"column":44}}],"line":158},"17":{"loc":{"start":{"line":164,"column":2},"end":{"line":174,"column":null}},"type":"if","locations":[{"start":{"line":164,"column":2},"end":{"line":174,"column":null}},{"start":{},"end":{}}],"line":164},"18":{"loc":{"start":{"line":170,"column":6},"end":{"line":172,"column":null}},"type":"if","locations":[{"start":{"line":170,"column":6},"end":{"line":172,"column":null}},{"start":{},"end":{}}],"line":170},"19":{"loc":{"start":{"line":189,"column":9},"end":{"line":189,"column":null}},"type":"binary-expr","locations":[{"start":{"line":189,"column":9},"end":{"line":189,"column":31}},{"start":{"line":189,"column":31},"end":{"line":189,"column":null}}],"line":189},"20":{"loc":{"start":{"line":199,"column":2},"end":{"line":199,"column":null}},"type":"default-arg","locations":[{"start":{"line":199,"column":28},"end":{"line":199,"column":null}}],"line":199},"21":{"loc":{"start":{"line":207,"column":2},"end":{"line":209,"column":null}},"type":"if","locations":[{"start":{"line":207,"column":2},"end":{"line":209,"column":null}},{"start":{},"end":{}}],"line":207},"22":{"loc":{"start":{"line":220,"column":4},"end":{"line":223,"column":null}},"type":"if","locations":[{"start":{"line":220,"column":4},"end":{"line":223,"column":null}},{"start":{},"end":{}}],"line":220},"23":{"loc":{"start":{"line":225,"column":18},"end":{"line":225,"column":null}},"type":"binary-expr","locations":[{"start":{"line":225,"column":18},"end":{"line":225,"column":33}},{"start":{"line":225,"column":33},"end":{"line":225,"column":null}}],"line":225},"24":{"loc":{"start":{"line":244,"column":2},"end":{"line":244,"column":null}},"type":"default-arg","locations":[{"start":{"line":244,"column":28},"end":{"line":244,"column":null}}],"line":244},"25":{"loc":{"start":{"line":249,"column":2},"end":{"line":259,"column":null}},"type":"if","locations":[{"start":{"line":249,"column":2},"end":{"line":259,"column":null}},{"start":{},"end":{}}],"line":249},"26":{"loc":{"start":{"line":249,"column":6},"end":{"line":249,"column":39}},"type":"binary-expr","locations":[{"start":{"line":249,"column":6},"end":{"line":249,"column":16}},{"start":{"line":249,"column":16},"end":{"line":249,"column":39}}],"line":249},"27":{"loc":{"start":{"line":261,"column":2},"end":{"line":267,"column":null}},"type":"if","locations":[{"start":{"line":261,"column":2},"end":{"line":267,"column":null}},{"start":{},"end":{}}],"line":261},"28":{"loc":{"start":{"line":283,"column":2},"end":{"line":283,"column":null}},"type":"default-arg","locations":[{"start":{"line":283,"column":28},"end":{"line":283,"column":null}}],"line":283},"29":{"loc":{"start":{"line":299,"column":2},"end":{"line":312,"column":null}},"type":"if","locations":[{"start":{"line":299,"column":2},"end":{"line":312,"column":null}},{"start":{},"end":{}}],"line":299},"30":{"loc":{"start":{"line":305,"column":38},"end":{"line":305,"column":91}},"type":"binary-expr","locations":[{"start":{"line":305,"column":38},"end":{"line":305,"column":61}},{"start":{"line":305,"column":61},"end":{"line":305,"column":91}}],"line":305},"31":{"loc":{"start":{"line":328,"column":2},"end":{"line":341,"column":null}},"type":"if","locations":[{"start":{"line":328,"column":2},"end":{"line":341,"column":null}},{"start":{},"end":{}}],"line":328},"32":{"loc":{"start":{"line":334,"column":38},"end":{"line":334,"column":91}},"type":"binary-expr","locations":[{"start":{"line":334,"column":38},"end":{"line":334,"column":61}},{"start":{"line":334,"column":61},"end":{"line":334,"column":91}}],"line":334},"33":{"loc":{"start":{"line":355,"column":2},"end":{"line":382,"column":null}},"type":"if","locations":[{"start":{"line":355,"column":2},"end":{"line":382,"column":null}},{"start":{},"end":{}}],"line":355},"34":{"loc":{"start":{"line":360,"column":4},"end":{"line":366,"column":null}},"type":"if","locations":[{"start":{"line":360,"column":4},"end":{"line":366,"column":null}},{"start":{},"end":{}}],"line":360},"35":{"loc":{"start":{"line":360,"column":8},"end":{"line":364,"column":37}},"type":"binary-expr","locations":[{"start":{"line":360,"column":8},"end":{"line":360,"column":null}},{"start":{"line":361,"column":8},"end":{"line":361,"column":null}},{"start":{"line":362,"column":8},"end":{"line":362,"column":null}},{"start":{"line":363,"column":8},"end":{"line":363,"column":null}},{"start":{"line":364,"column":8},"end":{"line":364,"column":37}}],"line":360},"36":{"loc":{"start":{"line":368,"column":4},"end":{"line":370,"column":null}},"type":"if","locations":[{"start":{"line":368,"column":4},"end":{"line":370,"column":null}},{"start":{},"end":{}}],"line":368},"37":{"loc":{"start":{"line":368,"column":8},"end":{"line":368,"column":70}},"type":"binary-expr","locations":[{"start":{"line":368,"column":8},"end":{"line":368,"column":44}},{"start":{"line":368,"column":44},"end":{"line":368,"column":70}}],"line":368},"38":{"loc":{"start":{"line":372,"column":4},"end":{"line":374,"column":null}},"type":"if","locations":[{"start":{"line":372,"column":4},"end":{"line":374,"column":null}},{"start":{},"end":{}}],"line":372},"39":{"loc":{"start":{"line":372,"column":8},"end":{"line":372,"column":73}},"type":"binary-expr","locations":[{"start":{"line":372,"column":8},"end":{"line":372,"column":41}},{"start":{"line":372,"column":41},"end":{"line":372,"column":73}}],"line":372},"40":{"loc":{"start":{"line":376,"column":4},"end":{"line":378,"column":null}},"type":"if","locations":[{"start":{"line":376,"column":4},"end":{"line":378,"column":null}},{"start":{},"end":{}}],"line":376},"41":{"loc":{"start":{"line":396,"column":2},"end":{"line":398,"column":null}},"type":"if","locations":[{"start":{"line":396,"column":2},"end":{"line":398,"column":null}},{"start":{},"end":{}}],"line":396},"42":{"loc":{"start":{"line":396,"column":6},"end":{"line":396,"column":57}},"type":"binary-expr","locations":[{"start":{"line":396,"column":6},"end":{"line":396,"column":18}},{"start":{"line":396,"column":18},"end":{"line":396,"column":57}}],"line":396},"43":{"loc":{"start":{"line":417,"column":2},"end":{"line":417,"column":null}},"type":"default-arg","locations":[{"start":{"line":417,"column":20},"end":{"line":417,"column":null}}],"line":417},"44":{"loc":{"start":{"line":422,"column":4},"end":{"line":424,"column":null}},"type":"if","locations":[{"start":{"line":422,"column":4},"end":{"line":424,"column":null}},{"start":{},"end":{}}],"line":422},"45":{"loc":{"start":{"line":422,"column":8},"end":{"line":422,"column":64}},"type":"binary-expr","locations":[{"start":{"line":422,"column":8},"end":{"line":422,"column":25}},{"start":{"line":422,"column":25},"end":{"line":422,"column":64}}],"line":422},"46":{"loc":{"start":{"line":427,"column":4},"end":{"line":429,"column":null}},"type":"if","locations":[{"start":{"line":427,"column":4},"end":{"line":429,"column":null}},{"start":{},"end":{}}],"line":427},"47":{"loc":{"start":{"line":433,"column":4},"end":{"line":435,"column":null}},"type":"if","locations":[{"start":{"line":433,"column":4},"end":{"line":435,"column":null}},{"start":{},"end":{}}],"line":433},"48":{"loc":{"start":{"line":433,"column":8},"end":{"line":433,"column":51}},"type":"binary-expr","locations":[{"start":{"line":433,"column":8},"end":{"line":433,"column":36}},{"start":{"line":433,"column":36},"end":{"line":433,"column":51}}],"line":433},"49":{"loc":{"start":{"line":452,"column":2},"end":{"line":452,"column":null}},"type":"default-arg","locations":[{"start":{"line":452,"column":22},"end":{"line":452,"column":null}}],"line":452},"50":{"loc":{"start":{"line":453,"column":2},"end":{"line":453,"column":null}},"type":"default-arg","locations":[{"start":{"line":453,"column":25},"end":{"line":453,"column":null}}],"line":453},"51":{"loc":{"start":{"line":486,"column":2},"end":{"line":486,"column":null}},"type":"if","locations":[{"start":{"line":486,"column":2},"end":{"line":486,"column":null}},{"start":{},"end":{}}],"line":486},"52":{"loc":{"start":{"line":500,"column":2},"end":{"line":500,"column":null}},"type":"if","locations":[{"start":{"line":500,"column":2},"end":{"line":500,"column":null}},{"start":{},"end":{}}],"line":500},"53":{"loc":{"start":{"line":500,"column":6},"end":{"line":500,"column":32}},"type":"binary-expr","locations":[{"start":{"line":500,"column":6},"end":{"line":500,"column":16}},{"start":{"line":500,"column":16},"end":{"line":500,"column":32}}],"line":500},"54":{"loc":{"start":{"line":508,"column":9},"end":{"line":508,"column":null}},"type":"binary-expr","locations":[{"start":{"line":508,"column":9},"end":{"line":508,"column":57}},{"start":{"line":508,"column":57},"end":{"line":508,"column":null}}],"line":508},"55":{"loc":{"start":{"line":533,"column":2},"end":{"line":535,"column":null}},"type":"if","locations":[{"start":{"line":533,"column":2},"end":{"line":535,"column":null}},{"start":{},"end":{}}],"line":533},"56":{"loc":{"start":{"line":539,"column":2},"end":{"line":544,"column":null}},"type":"if","locations":[{"start":{"line":539,"column":2},"end":{"line":544,"column":null}},{"start":{},"end":{}}],"line":539},"57":{"loc":{"start":{"line":547,"column":2},"end":{"line":552,"column":null}},"type":"if","locations":[{"start":{"line":547,"column":2},"end":{"line":552,"column":null}},{"start":{},"end":{}}],"line":547},"58":{"loc":{"start":{"line":562,"column":20},"end":{"line":562,"column":null}},"type":"binary-expr","locations":[{"start":{"line":562,"column":20},"end":{"line":562,"column":29}},{"start":{"line":562,"column":29},"end":{"line":562,"column":null}}],"line":562},"59":{"loc":{"start":{"line":581,"column":9},"end":{"line":581,"column":null}},"type":"binary-expr","locations":[{"start":{"line":581,"column":9},"end":{"line":581,"column":21}},{"start":{"line":581,"column":21},"end":{"line":581,"column":null}}],"line":581}},"s":{"0":1,"1":4,"2":1,"3":1,"4":4,"5":1,"6":0,"7":0,"8":0,"9":0,"10":0,"11":0,"12":24,"13":4,"14":20,"15":6,"16":2,"17":4,"18":4,"19":9,"20":2,"21":7,"22":7,"23":4,"24":3,"25":10,"26":3,"27":7,"28":7,"29":4,"30":4,"31":6,"32":6,"33":2,"34":4,"35":1,"36":3,"37":4,"38":1,"39":1,"40":1,"41":0,"42":0,"43":0,"44":0,"45":1,"46":5,"47":5,"48":1,"49":4,"50":4,"51":1,"52":3,"53":3,"54":1,"55":3,"56":1,"57":1,"58":1,"59":1,"60":2,"61":5,"62":5,"63":5,"64":0,"65":0,"66":0,"67":0,"68":0,"69":0,"70":0,"71":0,"72":0,"73":0,"74":0,"75":0,"76":0,"77":0,"78":0,"79":0,"80":7,"81":7,"82":7,"83":3,"84":3,"85":4,"86":1,"87":3,"88":3,"89":7,"90":0,"91":0,"92":0,"93":0,"94":0,"95":0,"96":0,"97":0,"98":0,"99":0,"100":7,"101":5,"102":5,"103":1,"104":4,"105":1,"106":3,"107":1,"108":2,"109":1,"110":1,"111":2,"112":3,"113":0,"114":3,"115":4,"116":4,"117":4,"118":1,"119":3,"120":3,"121":1,"122":2,"123":1,"124":0,"125":1,"126":1,"127":3,"128":3,"129":1,"130":1,"131":1,"132":1,"133":4,"134":4,"135":4,"136":128,"137":2,"138":1,"139":1,"140":1,"141":1,"142":64,"143":1,"144":4,"145":4,"146":2,"147":2,"148":0,"149":7,"150":0,"151":0,"152":0,"153":0,"154":0,"155":0,"156":0,"157":0,"158":0,"159":0,"160":0,"161":0,"162":0},"f":{"0":4,"1":0,"2":24,"3":6,"4":9,"5":10,"6":4,"7":0,"8":5,"9":3,"10":5,"11":0,"12":7,"13":7,"14":0,"15":0,"16":7,"17":3,"18":4,"19":3,"20":3,"21":1,"22":4,"23":128,"24":2,"25":4,"26":0,"27":7,"28":0,"29":0,"30":0},"b":{"0":[1,3],"1":[0,0],"2":[0,0],"3":[4,20],"4":[2,4],"5":[2,7],"6":[4,3],"7":[3,7],"8":[2,4],"9":[1,3],"10":[4,2,2],"11":[1,0],"12":[0,0],"13":[1,4],"14":[5,2],"15":[1,3],"16":[4,2],"17":[1,2],"18":[1,0],"19":[5,2],"20":[0],"21":[0,0],"22":[0,0],"23":[0,0],"24":[7],"25":[3,4],"26":[7,4],"27":[1,3],"28":[7],"29":[0,0],"30":[0,0],"31":[0,0],"32":[0,0],"33":[5,2],"34":[1,4],"35":[5,4,4,4,4],"36":[1,3],"37":[4,3],"38":[1,2],"39":[3,2],"40":[1,1],"41":[0,3],"42":[3,0],"43":[4],"44":[1,3],"45":[4,1],"46":[1,2],"47":[0,1],"48":[1,1],"49":[3],"50":[3],"51":[1,1],"52":[2,2],"53":[4,3],"54":[0,0],"55":[0,0],"56":[0,0],"57":[0,0],"58":[0,0],"59":[0,0]},"meta":{"lastBranch":60,"lastFunction":31,"lastStatement":163,"seen":{"s:14:70:14:Infinity":0,"f:15:15:15:30":0,"b:16:2:19:Infinity:undefined:undefined:undefined:undefined":0,"s:16:2:19:Infinity":1,"s:17:16:17:Infinity":2,"s:18:4:18:Infinity":3,"s:20:2:20:Infinity":4,"s:25:27:33:Infinity":5,"f:25:27:25:33":1,"s:26:14:26:Infinity":6,"s:27:14:27:Infinity":7,"b:28:2:31:Infinity:undefined:undefined:undefined:undefined":1,"s:28:2:31:Infinity":8,"b:28:6:28:14:28:14:28:20":2,"s:29:4:29:Infinity":9,"s:30:4:30:Infinity":10,"s:32:2:32:Infinity":11,"f:42:16:42:31":2,"b:43:2:43:Infinity:undefined:undefined:undefined:undefined":3,"s:43:2:43:Infinity":12,"s:43:33:43:Infinity":13,"s:44:2:50:Infinity":14,"f:58:22:58:35":3,"b:59:2:59:Infinity:undefined:undefined:undefined:undefined":4,"s:59:2:59:Infinity":15,"s:59:33:59:Infinity":16,"s:60:17:60:Infinity":17,"s:61:2:67:Infinity":18,"f:74:16:74:30":4,"b:75:2:75:Infinity:undefined:undefined:undefined:undefined":5,"s:75:2:75:Infinity":19,"s:75:33:75:Infinity":20,"s:76:16:76:Infinity":21,"b:79:2:79:Infinity:undefined:undefined:undefined:undefined":6,"s:79:2:79:Infinity":22,"s:79:39:79:Infinity":23,"s:81:2:81:Infinity":24,"f:87:16:87:28":5,"b:88:2:88:Infinity:undefined:undefined:undefined:undefined":7,"s:88:2:88:Infinity":25,"s:88:33:88:Infinity":26,"s:89:20:89:Infinity":27,"s:90:2:90:Infinity":28,"f:96:16:96:66":6,"s:97:45:97:Infinity":29,"s:98:2:107:Infinity":30,"s:99:25:99:Infinity":31,"b:100:4:106:Infinity:102:4:106:Infinity":8,"s:100:4:106:Infinity":32,"s:101:6:101:Infinity":33,"b:102:4:106:Infinity:104:11:106:Infinity":9,"s:102:4:106:Infinity":34,"b:102:15:102:44:102:44:102:62:102:62:102:85":10,"s:103:6:103:Infinity":35,"s:105:6:105:Infinity":36,"s:108:2:108:Infinity":37,"s:121:23:121:Infinity":38,"b:124:0:133:Infinity:undefined:undefined:undefined:undefined":11,"s:124:0:133:Infinity":39,"s:125:2:132:Infinity":40,"f:125:14:125:20":7,"s:126:16:126:Infinity":41,"s:127:4:131:Infinity":42,"b:128:6:130:Infinity:undefined:undefined:undefined:undefined":12,"s:128:6:130:Infinity":43,"s:129:8:129:Infinity":44,"s:140:44:143:Infinity":45,"f:149:16:149:28":8,"s:151:25:151:Infinity":46,"b:152:2:154:Infinity:undefined:undefined:undefined:undefined":13,"s:152:2:154:Infinity":47,"b:152:6:152:24:152:24:152:58":14,"s:153:4:153:Infinity":48,"s:157:18:157:Infinity":49,"b:158:2:160:Infinity:undefined:undefined:undefined:undefined":15,"s:158:2:160:Infinity":50,"b:158:6:158:17:158:17:158:44":16,"s:159:4:159:Infinity":51,"s:163:24:163:Infinity":52,"b:164:2:174:Infinity:undefined:undefined:undefined:undefined":17,"s:164:2:174:Infinity":53,"s:167:16:167:Infinity":54,"f:167:45:167:51":9,"s:167:51:167:60":55,"s:169:4:173:Infinity":56,"s:169:17:169:33":57,"b:170:6:172:Infinity:undefined:undefined:undefined:undefined":18,"s:170:6:172:Infinity":58,"s:171:8:171:Infinity":59,"s:177:2:177:Infinity":60,"f:183:9:183:26":10,"s:185:20:185:Infinity":61,"s:187:20:187:Infinity":62,"s:189:2:189:Infinity":63,"b:189:9:189:31:189:31:189:Infinity":19,"f:197:22:197:Infinity":11,"b:199:28:199:Infinity":20,"s:201:19:201:Infinity":64,"s:202:14:202:Infinity":65,"s:203:22:203:Infinity":66,"s:204:20:204:Infinity":67,"b:207:2:209:Infinity:undefined:undefined:undefined:undefined":21,"s:207:2:209:Infinity":68,"s:208:4:208:Infinity":69,"s:211:2:236:Infinity":70,"s:213:28:218:Infinity":71,"b:220:4:223:Infinity:undefined:undefined:undefined:undefined":22,"s:220:4:223:Infinity":72,"s:221:6:221:Infinity":73,"s:222:6:222:Infinity":74,"s:225:18:225:Infinity":75,"b:225:18:225:33:225:33:225:Infinity":23,"s:226:20:226:Infinity":76,"s:228:4:232:Infinity":77,"s:234:4:234:Infinity":78,"s:235:4:235:Infinity":79,"f:242:9:242:Infinity":12,"b:244:28:244:Infinity":24,"s:246:14:246:Infinity":80,"s:247:16:247:Infinity":81,"b:249:2:259:Infinity:undefined:undefined:undefined:undefined":25,"s:249:2:259:Infinity":82,"b:249:6:249:16:249:16:249:39":26,"s:250:4:253:Infinity":83,"s:254:4:258:Infinity":84,"b:261:2:267:Infinity:undefined:undefined:undefined:undefined":27,"s:261:2:267:Infinity":85,"s:262:4:266:Infinity":86,"s:269:2:269:Infinity":87,"s:270:2:274:Infinity":88,"f:281:16:281:Infinity":13,"b:283:28:283:Infinity":28,"s:285:2:285:Infinity":89,"f:292:22:292:Infinity":14,"s:296:13:296:Infinity":90,"s:297:17:297:Infinity":91,"b:299:2:312:Infinity:undefined:undefined:undefined:undefined":29,"s:299:2:312:Infinity":92,"s:300:4:311:Infinity":93,"b:305:38:305:61:305:61:305:91":30,"s:314:2:314:Infinity":94,"f:321:16:321:Infinity":15,"s:325:13:325:Infinity":95,"s:326:17:326:Infinity":96,"b:328:2:341:Infinity:undefined:undefined:undefined:undefined":31,"s:328:2:341:Infinity":97,"s:329:4:340:Infinity":98,"b:334:38:334:61:334:61:334:91":32,"s:343:2:343:Infinity":99,"f:354:16:354:37":16,"b:355:2:382:Infinity:undefined:undefined:undefined:undefined":33,"s:355:2:382:Infinity":100,"s:357:20:357:Infinity":101,"b:360:4:366:Infinity:undefined:undefined:undefined:undefined":34,"s:360:4:366:Infinity":102,"b:360:8:360:Infinity:361:8:361:Infinity:362:8:362:Infinity:363:8:363:Infinity:364:8:364:37":35,"s:365:6:365:Infinity":103,"b:368:4:370:Infinity:undefined:undefined:undefined:undefined":36,"s:368:4:370:Infinity":104,"b:368:8:368:44:368:44:368:70":37,"s:369:6:369:Infinity":105,"b:372:4:374:Infinity:undefined:undefined:undefined:undefined":38,"s:372:4:374:Infinity":106,"b:372:8:372:41:372:41:372:73":39,"s:373:6:373:Infinity":107,"b:376:4:378:Infinity:undefined:undefined:undefined:undefined":40,"s:376:4:378:Infinity":108,"s:377:6:377:Infinity":109,"s:381:4:381:Infinity":110,"s:384:2:384:Infinity":111,"f:390:16:390:Infinity":17,"b:396:2:398:Infinity:undefined:undefined:undefined:undefined":41,"s:396:2:398:Infinity":112,"b:396:6:396:18:396:18:396:57":42,"s:397:4:397:Infinity":113,"s:400:2:403:Infinity":114,"f:415:22:415:Infinity":18,"b:417:20:417:Infinity":43,"s:419:2:440:Infinity":115,"s:421:26:421:Infinity":116,"b:422:4:424:Infinity:undefined:undefined:undefined:undefined":44,"s:422:4:424:Infinity":117,"b:422:8:422:25:422:25:422:64":45,"s:423:6:423:Infinity":118,"s:426:24:426:Infinity":119,"b:427:4:429:Infinity:undefined:undefined:undefined:undefined":46,"s:427:4:429:Infinity":120,"s:428:6:428:Infinity":121,"s:431:17:431:Infinity":122,"b:433:4:435:Infinity:undefined:undefined:undefined:undefined":47,"s:433:4:435:Infinity":123,"b:433:8:433:36:433:36:433:51":48,"s:434:6:434:Infinity":124,"s:437:4:437:Infinity":125,"s:439:4:439:Infinity":126,"f:450:16:450:Infinity":19,"b:452:22:452:Infinity":49,"b:453:25:453:Infinity":50,"s:455:2:460:Infinity":127,"f:457:19:457:20":20,"s:458:6:458:Infinity":128,"f:458:17:458:23":21,"s:458:23:458:56":129,"s:467:25:467:Infinity":130,"s:468:25:468:Infinity":131,"s:471:31:471:Infinity":132,"f:476:16:476:44":22,"s:477:16:477:Infinity":133,"s:478:2:478:Infinity":134,"s:479:2:479:Infinity":135,"f:479:27:479:35":23,"s:479:35:479:69":136,"f:485:9:485:27":24,"b:486:2:486:Infinity:undefined:undefined:undefined:undefined":51,"s:486:2:486:Infinity":137,"s:486:29:486:Infinity":138,"s:488:15:488:Infinity":139,"s:489:2:491:Infinity":140,"s:489:15:489:18":141,"s:490:4:490:Infinity":142,"s:492:2:492:Infinity":143,"f:498:16:498:34":25,"s:499:16:499:Infinity":144,"b:500:2:500:Infinity:undefined:undefined:undefined:undefined":52,"s:500:2:500:Infinity":145,"b:500:6:500:16:500:16:500:32":53,"s:500:32:500:Infinity":146,"s:501:2:501:Infinity":147,"f:507:16:507:40":26,"s:508:2:508:Infinity":148,"b:508:9:508:57:508:57:508:Infinity":54,"f:514:16:514:39":27,"s:515:2:515:Infinity":149,"f:531:16:531:35":28,"b:533:2:535:Infinity:undefined:undefined:undefined:undefined":55,"s:533:2:535:Infinity":150,"s:534:4:534:Infinity":151,"s:538:22:538:Infinity":152,"b:539:2:544:Infinity:undefined:undefined:undefined:undefined":56,"s:539:2:544:Infinity":153,"s:540:4:543:Infinity":154,"b:547:2:552:Infinity:undefined:undefined:undefined:undefined":57,"s:547:2:552:Infinity":155,"s:548:4:551:Infinity":156,"s:554:2:554:Infinity":157,"f:561:16:561:31":29,"s:562:20:562:Infinity":158,"b:562:20:562:29:562:29:562:Infinity":58,"s:564:2:570:Infinity":159,"s:572:2:572:Infinity":160,"f:579:16:579:37":30,"s:580:19:580:Infinity":161,"s:581:2:581:Infinity":162,"b:581:9:581:21:581:21:581:Infinity":59}}}
,"/Users/rodericandrews/_PAI/projects/command_center_linear/lib/supabase.ts": {"path":"/Users/rodericandrews/_PAI/projects/command_center_linear/lib/supabase.ts","statementMap":{"0":{"start":{"line":7,"column":14},"end":{"line":7,"column":null}},"1":{"start":{"line":8,"column":14},"end":{"line":8,"column":null}},"2":{"start":{"line":10,"column":2},"end":{"line":18,"column":null}},"3":{"start":{"line":13,"column":4},"end":{"line":16,"column":null}},"4":{"start":{"line":14,"column":6},"end":{"line":14,"column":null}},"5":{"start":{"line":15,"column":6},"end":{"line":15,"column":null}},"6":{"start":{"line":17,"column":4},"end":{"line":17,"column":null}},"7":{"start":{"line":20,"column":2},"end":{"line":20,"column":null}},"8":{"start":{"line":24,"column":34},"end":{"line":24,"column":null}},"9":{"start":{"line":25,"column":38},"end":{"line":25,"column":null}},"10":{"start":{"line":28,"column":2},"end":{"line":32,"column":null}},"11":{"start":{"line":29,"column":19},"end":{"line":29,"column":null}},"12":{"start":{"line":30,"column":4},"end":{"line":30,"column":null}},"13":{"start":{"line":31,"column":4},"end":{"line":31,"column":null}},"14":{"start":{"line":33,"column":2},"end":{"line":33,"column":null}},"15":{"start":{"line":40,"column":77},"end":{"line":40,"column":null}},"16":{"start":{"line":48,"column":2},"end":{"line":51,"column":null}},"17":{"start":{"line":49,"column":45},"end":{"line":49,"column":null}},"18":{"start":{"line":50,"column":4},"end":{"line":50,"column":null}},"19":{"start":{"line":52,"column":2},"end":{"line":52,"column":null}},"20":{"start":{"line":65,"column":22},"end":{"line":65,"column":null}},"21":{"start":{"line":66,"column":43},"end":{"line":66,"column":null}},"22":{"start":{"line":68,"column":2},"end":{"line":83,"column":null}},"23":{"start":{"line":71,"column":8},"end":{"line":71,"column":null}},"24":{"start":{"line":74,"column":8},"end":{"line":80,"column":null}},"25":{"start":{"line":75,"column":10},"end":{"line":77,"column":null}},"26":{"start":{"line":76,"column":12},"end":{"line":76,"column":null}},"27":{"start":{"line":96,"column":22},"end":{"line":96,"column":null}},"28":{"start":{"line":97,"column":43},"end":{"line":97,"column":null}},"29":{"start":{"line":99,"column":2},"end":{"line":110,"column":null}},"30":{"start":{"line":102,"column":8},"end":{"line":102,"column":null}},"31":{"start":{"line":105,"column":8},"end":{"line":107,"column":null}},"32":{"start":{"line":106,"column":10},"end":{"line":106,"column":null}},"33":{"start":{"line":121,"column":23},"end":{"line":121,"column":null}},"34":{"start":{"line":122,"column":22},"end":{"line":122,"column":null}},"35":{"start":{"line":123,"column":43},"end":{"line":123,"column":null}},"36":{"start":{"line":125,"column":2},"end":{"line":139,"column":null}},"37":{"start":{"line":128,"column":8},"end":{"line":131,"column":null}},"38":{"start":{"line":129,"column":34},"end":{"line":129,"column":null}},"39":{"start":{"line":130,"column":10},"end":{"line":130,"column":null}},"40":{"start":{"line":134,"column":8},"end":{"line":136,"column":null}},"41":{"start":{"line":135,"column":10},"end":{"line":135,"column":null}},"42":{"start":{"line":158,"column":26},"end":{"line":162,"column":null}},"43":{"start":{"line":164,"column":2},"end":{"line":166,"column":null}},"44":{"start":{"line":165,"column":4},"end":{"line":165,"column":null}},"45":{"start":{"line":168,"column":2},"end":{"line":168,"column":null}},"46":{"start":{"line":189,"column":32},"end":{"line":189,"column":null}},"47":{"start":{"line":191,"column":2},"end":{"line":193,"column":null}},"48":{"start":{"line":192,"column":4},"end":{"line":192,"column":null}},"49":{"start":{"line":196,"column":47},"end":{"line":196,"column":null}},"50":{"start":{"line":198,"column":2},"end":{"line":200,"column":null}},"51":{"start":{"line":199,"column":4},"end":{"line":199,"column":null}},"52":{"start":{"line":202,"column":19},"end":{"line":202,"column":null}},"53":{"start":{"line":204,"column":2},"end":{"line":206,"column":null}},"54":{"start":{"line":205,"column":4},"end":{"line":205,"column":null}},"55":{"start":{"line":208,"column":2},"end":{"line":208,"column":null}}},"fnMap":{"0":{"name":"getSupabaseConfig","decl":{"start":{"line":6,"column":9},"end":{"line":6,"column":29}},"loc":{"start":{"line":6,"column":29},"end":{"line":21,"column":null}},"line":6},"1":{"name":"getConfig","decl":{"start":{"line":27,"column":9},"end":{"line":27,"column":21}},"loc":{"start":{"line":27,"column":21},"end":{"line":34,"column":null}},"line":27},"2":{"name":"createClient","decl":{"start":{"line":47,"column":16},"end":{"line":47,"column":31}},"loc":{"start":{"line":47,"column":31},"end":{"line":53,"column":null}},"line":47},"3":{"name":"createServerComponentClient","decl":{"start":{"line":59,"column":22},"end":{"line":59,"column":null}},"loc":{"start":{"line":64,"column":2},"end":{"line":84,"column":null}},"line":64},"4":{"name":"(anonymous_4)","decl":{"start":{"line":70,"column":6},"end":{"line":70,"column":15}},"loc":{"start":{"line":70,"column":15},"end":{"line":72,"column":null}},"line":70},"5":{"name":"(anonymous_5)","decl":{"start":{"line":73,"column":6},"end":{"line":73,"column":13}},"loc":{"start":{"line":73,"column":27},"end":{"line":81,"column":null}},"line":73},"6":{"name":"(anonymous_6)","decl":{"start":{"line":75,"column":31},"end":{"line":75,"column":32}},"loc":{"start":{"line":76,"column":12},"end":{"line":76,"column":null}},"line":76},"7":{"name":"createRouteHandlerClient","decl":{"start":{"line":90,"column":22},"end":{"line":90,"column":null}},"loc":{"start":{"line":95,"column":2},"end":{"line":111,"column":null}},"line":95},"8":{"name":"(anonymous_8)","decl":{"start":{"line":101,"column":6},"end":{"line":101,"column":15}},"loc":{"start":{"line":101,"column":15},"end":{"line":103,"column":null}},"line":101},"9":{"name":"(anonymous_9)","decl":{"start":{"line":104,"column":6},"end":{"line":104,"column":13}},"loc":{"start":{"line":104,"column":27},"end":{"line":108,"column":null}},"line":104},"10":{"name":"(anonymous_10)","decl":{"start":{"line":105,"column":29},"end":{"line":105,"column":30}},"loc":{"start":{"line":106,"column":10},"end":{"line":106,"column":null}},"line":106},"11":{"name":"createMiddlewareClient","decl":{"start":{"line":117,"column":16},"end":{"line":117,"column":null}},"loc":{"start":{"line":120,"column":2},"end":{"line":140,"column":null}},"line":120},"12":{"name":"(anonymous_12)","decl":{"start":{"line":127,"column":6},"end":{"line":127,"column":15}},"loc":{"start":{"line":127,"column":15},"end":{"line":132,"column":null}},"line":127},"13":{"name":"(anonymous_13)","decl":{"start":{"line":128,"column":31},"end":{"line":128,"column":32}},"loc":{"start":{"line":128,"column":51},"end":{"line":131,"column":9}},"line":128},"14":{"name":"(anonymous_14)","decl":{"start":{"line":133,"column":6},"end":{"line":133,"column":13}},"loc":{"start":{"line":133,"column":27},"end":{"line":137,"column":null}},"line":133},"15":{"name":"(anonymous_15)","decl":{"start":{"line":134,"column":29},"end":{"line":134,"column":30}},"loc":{"start":{"line":134,"column":50},"end":{"line":136,"column":9}},"line":134},"16":{"name":"getUserAgencyId","decl":{"start":{"line":154,"column":22},"end":{"line":154,"column":null}},"loc":{"start":{"line":157,"column":26},"end":{"line":169,"column":null}},"line":157},"17":{"name":"getAuthenticatedUser","decl":{"start":{"line":181,"column":22},"end":{"line":181,"column":null}},"loc":{"start":{"line":187,"column":3},"end":{"line":209,"column":null}},"line":187}},"branchMap":{"0":{"loc":{"start":{"line":10,"column":2},"end":{"line":18,"column":null}},"type":"if","locations":[{"start":{"line":10,"column":2},"end":{"line":18,"column":null}},{"start":{},"end":{}}],"line":10},"1":{"loc":{"start":{"line":10,"column":6},"end":{"line":10,"column":20}},"type":"binary-expr","locations":[{"start":{"line":10,"column":6},"end":{"line":10,"column":14}},{"start":{"line":10,"column":14},"end":{"line":10,"column":20}}],"line":10},"2":{"loc":{"start":{"line":13,"column":4},"end":{"line":16,"column":null}},"type":"if","locations":[{"start":{"line":13,"column":4},"end":{"line":16,"column":null}},{"start":{},"end":{}}],"line":13},"3":{"loc":{"start":{"line":28,"column":2},"end":{"line":32,"column":null}},"type":"if","locations":[{"start":{"line":28,"column":2},"end":{"line":32,"column":null}},{"start":{},"end":{}}],"line":28},"4":{"loc":{"start":{"line":28,"column":6},"end":{"line":28,"column":42}},"type":"binary-expr","locations":[{"start":{"line":28,"column":6},"end":{"line":28,"column":23}},{"start":{"line":28,"column":23},"end":{"line":28,"column":42}}],"line":28},"5":{"loc":{"start":{"line":48,"column":2},"end":{"line":51,"column":null}},"type":"if","locations":[{"start":{"line":48,"column":2},"end":{"line":51,"column":null}},{"start":{},"end":{}}],"line":48},"6":{"loc":{"start":{"line":121,"column":23},"end":{"line":121,"column":null}},"type":"binary-expr","locations":[{"start":{"line":121,"column":23},"end":{"line":121,"column":56}},{"start":{"line":121,"column":56},"end":{"line":121,"column":null}}],"line":121},"7":{"loc":{"start":{"line":164,"column":2},"end":{"line":166,"column":null}},"type":"if","locations":[{"start":{"line":164,"column":2},"end":{"line":166,"column":null}},{"start":{},"end":{}}],"line":164},"8":{"loc":{"start":{"line":164,"column":6},"end":{"line":164,"column":33}},"type":"binary-expr","locations":[{"start":{"line":164,"column":6},"end":{"line":164,"column":15}},{"start":{"line":164,"column":15},"end":{"line":164,"column":33}}],"line":164},"9":{"loc":{"start":{"line":191,"column":2},"end":{"line":193,"column":null}},"type":"if","locations":[{"start":{"line":191,"column":2},"end":{"line":193,"column":null}},{"start":{},"end":{}}],"line":191},"10":{"loc":{"start":{"line":198,"column":2},"end":{"line":200,"column":null}},"type":"if","locations":[{"start":{"line":198,"column":2},"end":{"line":200,"column":null}},{"start":{},"end":{}}],"line":198},"11":{"loc":{"start":{"line":198,"column":6},"end":{"line":198,"column":26}},"type":"binary-expr","locations":[{"start":{"line":198,"column":6},"end":{"line":198,"column":19}},{"start":{"line":198,"column":19},"end":{"line":198,"column":26}}],"line":198},"12":{"loc":{"start":{"line":204,"column":2},"end":{"line":206,"column":null}},"type":"if","locations":[{"start":{"line":204,"column":2},"end":{"line":206,"column":null}},{"start":{},"end":{}}],"line":204}},"s":{"0":0,"1":0,"2":0,"3":0,"4":0,"5":0,"6":0,"7":0,"8":2,"9":2,"10":0,"11":0,"12":0,"13":0,"14":0,"15":2,"16":0,"17":0,"18":0,"19":0,"20":0,"21":0,"22":0,"23":0,"24":0,"25":0,"26":0,"27":0,"28":0,"29":0,"30":0,"31":0,"32":0,"33":0,"34":0,"35":0,"36":0,"37":0,"38":0,"39":0,"40":0,"41":0,"42":0,"43":0,"44":0,"45":0,"46":0,"47":0,"48":0,"49":0,"50":0,"51":0,"52":0,"53":0,"54":0,"55":0},"f":{"0":0,"1":0,"2":0,"3":0,"4":0,"5":0,"6":0,"7":0,"8":0,"9":0,"10":0,"11":0,"12":0,"13":0,"14":0,"15":0,"16":0,"17":0},"b":{"0":[0,0],"1":[0,0],"2":[0,0],"3":[0,0],"4":[0,0],"5":[0,0],"6":[0,0],"7":[0,0],"8":[0,0],"9":[0,0],"10":[0,0],"11":[0,0],"12":[0,0]},"meta":{"lastBranch":13,"lastFunction":18,"lastStatement":56,"seen":{"f:6:9:6:29":0,"s:7:14:7:Infinity":0,"s:8:14:8:Infinity":1,"b:10:2:18:Infinity:undefined:undefined:undefined:undefined":0,"s:10:2:18:Infinity":2,"b:10:6:10:14:10:14:10:20":1,"b:13:4:16:Infinity:undefined:undefined:undefined:undefined":2,"s:13:4:16:Infinity":3,"s:14:6:14:Infinity":4,"s:15:6:15:Infinity":5,"s:17:4:17:Infinity":6,"s:20:2:20:Infinity":7,"s:24:34:24:Infinity":8,"s:25:38:25:Infinity":9,"f:27:9:27:21":1,"b:28:2:32:Infinity:undefined:undefined:undefined:undefined":3,"s:28:2:32:Infinity":10,"b:28:6:28:23:28:23:28:42":4,"s:29:19:29:Infinity":11,"s:30:4:30:Infinity":12,"s:31:4:31:Infinity":13,"s:33:2:33:Infinity":14,"s:40:77:40:Infinity":15,"f:47:16:47:31":2,"b:48:2:51:Infinity:undefined:undefined:undefined:undefined":5,"s:48:2:51:Infinity":16,"s:49:45:49:Infinity":17,"s:50:4:50:Infinity":18,"s:52:2:52:Infinity":19,"f:59:22:59:Infinity":3,"s:65:22:65:Infinity":20,"s:66:43:66:Infinity":21,"s:68:2:83:Infinity":22,"f:70:6:70:15":4,"s:71:8:71:Infinity":23,"f:73:6:73:13":5,"s:74:8:80:Infinity":24,"s:75:10:77:Infinity":25,"f:75:31:75:32":6,"s:76:12:76:Infinity":26,"f:90:22:90:Infinity":7,"s:96:22:96:Infinity":27,"s:97:43:97:Infinity":28,"s:99:2:110:Infinity":29,"f:101:6:101:15":8,"s:102:8:102:Infinity":30,"f:104:6:104:13":9,"s:105:8:107:Infinity":31,"f:105:29:105:30":10,"s:106:10:106:Infinity":32,"f:117:16:117:Infinity":11,"s:121:23:121:Infinity":33,"b:121:23:121:56:121:56:121:Infinity":6,"s:122:22:122:Infinity":34,"s:123:43:123:Infinity":35,"s:125:2:139:Infinity":36,"f:127:6:127:15":12,"s:128:8:131:Infinity":37,"f:128:31:128:32":13,"s:129:34:129:Infinity":38,"s:130:10:130:Infinity":39,"f:133:6:133:13":14,"s:134:8:136:Infinity":40,"f:134:29:134:30":15,"s:135:10:135:Infinity":41,"f:154:22:154:Infinity":16,"s:158:26:162:Infinity":42,"b:164:2:166:Infinity:undefined:undefined:undefined:undefined":7,"s:164:2:166:Infinity":43,"b:164:6:164:15:164:15:164:33":8,"s:165:4:165:Infinity":44,"s:168:2:168:Infinity":45,"f:181:22:181:Infinity":17,"s:189:32:189:Infinity":46,"b:191:2:193:Infinity:undefined:undefined:undefined:undefined":9,"s:191:2:193:Infinity":47,"s:192:4:192:Infinity":48,"s:196:47:196:Infinity":49,"b:198:2:200:Infinity:undefined:undefined:undefined:undefined":10,"s:198:2:200:Infinity":50,"b:198:6:198:19:198:19:198:26":11,"s:199:4:199:Infinity":51,"s:202:19:202:Infinity":52,"b:204:2:206:Infinity:undefined:undefined:undefined:undefined":12,"s:204:2:206:Infinity":53,"s:205:4:205:Infinity":54,"s:208:2:208:Infinity":55}}}
,"/Users/rodericandrews/_PAI/projects/command_center_linear/lib/utils.ts": {"path":"/Users/rodericandrews/_PAI/projects/command_center_linear/lib/utils.ts","statementMap":{"0":{"start":{"line":5,"column":2},"end":{"line":5,"column":null}}},"fnMap":{"0":{"name":"cn","decl":{"start":{"line":4,"column":16},"end":{"line":4,"column":22}},"loc":{"start":{"line":4,"column":44},"end":{"line":6,"column":null}},"line":4}},"branchMap":{},"s":{"0":6},"f":{"0":6},"b":{},"meta":{"lastBranch":0,"lastFunction":1,"lastStatement":1,"seen":{"f:4:16:4:22":0,"s:5:2:5:Infinity":0}}}
[...]
(anonymous_29)","decl":{"start":{"line":571,"column":8},"end":{"line":571,"column":9}},"loc":{"start":{"line":571,"column":20},"end":{"line":573,"column":6}},"line":571},"30":{"name":"(anonymous_30)","decl":{"start":{"line":576,"column":16},"end":{"line":576,"column":22}},"loc":{"start":{"line":576,"column":22},"end":{"line":587,"column":null}},"line":576},"31":{"name":"(anonymous_31)","decl":{"start":{"line":590,"column":15},"end":{"line":590,"column":16}},"loc":{"start":{"line":590,"column":25},"end":{"line":590,"column":null}},"line":590},"32":{"name":"(anonymous_32)","decl":{"start":{"line":593,"column":16},"end":{"line":593,"column":17}},"loc":{"start":{"line":593,"column":28},"end":{"line":593,"column":null}},"line":593},"33":{"name":"(anonymous_33)","decl":{"start":{"line":596,"column":22},"end":{"line":596,"column":23}},"loc":{"start":{"line":596,"column":34},"end":{"line":599,"column":null}},"line":596},"34":{"name":"(anonymous_34)","decl":{"start":{"line":598,"column":26},"end":{"line":598,"column":27}},"loc":{"start":{"line":598,"column":33},"end":{"line":598,"column":52}},"line":598},"35":{"name":"(anonymous_35)","decl":{"start":{"line":601,"column":22},"end":{"line":601,"column":28}},"loc":{"start":{"line":601,"column":28},"end":{"line":643,"column":null}},"line":601},"36":{"name":"(anonymous_36)","decl":{"start":{"line":604,"column":26},"end":{"line":604,"column":27}},"loc":{"start":{"line":604,"column":38},"end":{"line":642,"column":5}},"line":604},"37":{"name":"(anonymous_37)","decl":{"start":{"line":645,"column":21},"end":{"line":645,"column":27}},"loc":{"start":{"line":645,"column":27},"end":{"line":648,"column":null}},"line":645},"38":{"name":"(anonymous_38)","decl":{"start":{"line":647,"column":26},"end":{"line":647,"column":27}},"loc":{"start":{"line":647,"column":33},"end":{"line":647,"column":51}},"line":647}},"branchMap":{"0":{"loc":{"start":{"line":211,"column":6},"end":{"line":211,"column":null}},"type":"if","locations":[{"start":{"line":211,"column":6},"end":{"line":211,"column":null}},{"start":{},"end":{}}],"line":211},"1":{"loc":{"start":{"line":216,"column":15},"end":{"line":216,"column":null}},"type":"cond-expr","locations":[{"start":{"line":216,"column":40},"end":{"line":216,"column":56}},{"start":{"line":216,"column":56},"end":{"line":216,"column":null}}],"line":216},"2":{"loc":{"start":{"line":245,"column":6},"end":{"line":245,"column":null}},"type":"if","locations":[{"start":{"line":245,"column":6},"end":{"line":245,"column":null}},{"start":{},"end":{}}],"line":245},"3":{"loc":{"start":{"line":274,"column":6},"end":{"line":274,"column":null}},"type":"if","locations":[{"start":{"line":274,"column":6},"end":{"line":274,"column":null}},{"start":{},"end":{}}],"line":274},"4":{"loc":{"start":{"line":290,"column":6},"end":{"line":290,"column":null}},"type":"if","locations":[{"start":{"line":290,"column":6},"end":{"line":290,"column":null}},{"start":{},"end":{}}],"line":290},"5":{"loc":{"start":{"line":299,"column":6},"end":{"line":299,"column":null}},"type":"if","locations":[{"start":{"line":299,"column":6},"end":{"line":299,"column":null}},{"start":{},"end":{}}],"line":299},"6":{"loc":{"start":{"line":324,"column":6},"end":{"line":324,"column":null}},"type":"if","locations":[{"start":{"line":324,"column":6},"end":{"line":324,"column":null}},{"start":{},"end":{}}],"line":324},"7":{"loc":{"start":{"line":334,"column":19},"end":{"line":334,"column":86}},"type":"cond-expr","locations":[{"start":{"line":334,"column":44},"end":{"line":334,"column":60}},{"start":{"line":334,"column":60},"end":{"line":334,"column":86}}],"line":334},"8":{"loc":{"start":{"line":348,"column":6},"end":{"line":348,"column":null}},"type":"if","locations":[{"start":{"line":348,"column":6},"end":{"line":348,"column":null}},{"start":{},"end":{}}],"line":348},"9":{"loc":{"start":{"line":353,"column":10},"end":{"line":353,"column":null}},"type":"cond-expr","locations":[{"start":{"line":353,"column":24},"end":{"line":353,"column":47}},{"start":{"line":353,"column":47},"end":{"line":353,"column":null}}],"line":353},"10":{"loc":{"start":{"line":355,"column":24},"end":{"line":357,"column":null}},"type":"cond-expr","locations":[{"start":{"line":356,"column":12},"end":{"line":356,"column":null}},{"start":{"line":357,"column":12},"end":{"line":357,"column":null}}],"line":355},"11":{"loc":{"start":{"line":376,"column":6},"end":{"line":376,"column":null}},"type":"if","locations":[{"start":{"line":376,"column":6},"end":{"line":376,"column":null}},{"start":{},"end":{}}],"line":376},"12":{"loc":{"start":{"line":381,"column":24},"end":{"line":381,"column":null}},"type":"cond-expr","locations":[{"start":{"line":381,"column":58},"end":{"line":381,"column":65}},{"start":{"line":381,"column":65},"end":{"line":381,"column":null}}],"line":381},"13":{"loc":{"start":{"line":394,"column":4},"end":{"line":394,"column":null}},"type":"if","locations":[{"start":{"line":394,"column":4},"end":{"line":394,"column":null}},{"start":{},"end":{}}],"line":394},"14":{"loc":{"start":{"line":409,"column":6},"end":{"line":409,"column":null}},"type":"if","locations":[{"start":{"line":409,"column":6},"end":{"line":409,"column":null}},{"start":{},"end":{}}],"line":409},"15":{"loc":{"start":{"line":426,"column":6},"end":{"line":426,"column":null}},"type":"if","locations":[{"start":{"line":426,"column":6},"end":{"line":426,"column":null}},{"start":{},"end":{}}],"line":426},"16":{"loc":{"start":{"line":439,"column":6},"end":{"line":439,"column":null}},"type":"if","locations":[{"start":{"line":439,"column":6},"end":{"line":439,"column":null}},{"start":{},"end":{}}],"line":439},"17":{"loc":{"start":{"line":444,"column":10},"end":{"line":453,"column":null}},"type":"cond-expr","locations":[{"start":{"line":445,"column":14},"end":{"line":452,"column":null}},{"start":{"line":453,"column":14},"end":{"line":453,"column":null}}],"line":444},"18":{"loc":{"start":{"line":449,"column":36},"end":{"line":449,"column":null}},"type":"binary-expr","locations":[{"start":{"line":449,"column":36},"end":{"line":449,"column":64}},{"start":{"line":449,"column":64},"end":{"line":449,"column":null}}],"line":449},"19":{"loc":{"start":{"line":477,"column":6},"end":{"line":477,"column":null}},"type":"if","locations":[{"start":{"line":477,"column":6},"end":{"line":477,"column":null}},{"start":{},"end":{}}],"line":477},"20":{"loc":{"start":{"line":482,"column":10},"end":{"line":489,"column":null}},"type":"cond-expr","locations":[{"start":{"line":483,"column":14},"end":{"line":488,"column":null}},{"start":{"line":489,"column":14},"end":{"line":489,"column":null}}],"line":482},"21":{"loc":{"start":{"line":507,"column":6},"end":{"line":507,"column":null}},"type":"if","locations":[{"start":{"line":507,"column":6},"end":{"line":507,"column":null}},{"start":{},"end":{}}],"line":507},"22":{"loc":{"start":{"line":516,"column":6},"end":{"line":516,"column":null}},"type":"if","locations":[{"start":{"line":516,"column":6},"end":{"line":516,"column":null}},{"start":{},"end":{}}],"line":516},"23":{"loc":{"start":{"line":538,"column":6},"end":{"line":538,"column":null}},"type":"if","locations":[{"start":{"line":538,"column":6},"end":{"line":538,"column":null}},{"start":{},"end":{}}],"line":538},"24":{"loc":{"start":{"line":556,"column":8},"end":{"line":556,"column":null}},"type":"cond-expr","locations":[{"start":{"line":556,"column":28},"end":{"line":556,"column":58}},{"start":{"line":556,"column":58},"end":{"line":556,"column":null}}],"line":556},"25":{"loc":{"start":{"line":564,"column":8},"end":{"line":564,"column":null}},"type":"cond-expr","locations":[{"start":{"line":564,"column":28},"end":{"line":564,"column":63}},{"start":{"line":564,"column":63},"end":{"line":564,"column":null}}],"line":564},"26":{"loc":{"start":{"line":606,"column":6},"end":{"line":608,"column":null}},"type":"if","locations":[{"start":{"line":606,"column":6},"end":{"line":608,"column":null}},{"start":{},"end":{}}],"line":606},"27":{"loc":{"start":{"line":606,"column":10},"end":{"line":606,"column":72}},"type":"binary-expr","locations":[{"start":{"line":606,"column":10},"end":{"line":606,"column":38}},{"start":{"line":606,"column":38},"end":{"line":606,"column":72}}],"line":606},"28":{"loc":{"start":{"line":611,"column":6},"end":{"line":613,"column":null}},"type":"if","locations":[{"start":{"line":611,"column":6},"end":{"line":613,"column":null}},{"start":{},"end":{}}],"line":611},"29":{"loc":{"start":{"line":611,"column":10},"end":{"line":611,"column":78}},"type":"binary-expr","locations":[{"start":{"line":611,"column":10},"end":{"line":611,"column":40}},{"start":{"line":611,"column":40},"end":{"line":611,"column":78}}],"line":611},"30":{"loc":{"start":{"line":616,"column":6},"end":{"line":618,"column":null}},"type":"if","locations":[{"start":{"line":616,"column":6},"end":{"line":618,"column":null}},{"start":{},"end":{}}],"line":616},"31":{"loc":{"start":{"line":616,"column":10},"end":{"line":616,"column":81}},"type":"binary-expr","locations":[{"start":{"line":616,"column":10},"end":{"line":616,"column":40}},{"start":{"line":616,"column":40},"end":{"line":616,"column":81}}],"line":616},"32":{"loc":{"start":{"line":621,"column":6},"end":{"line":623,"column":null}},"type":"if","locations":[{"start":{"line":621,"column":6},"end":{"line":623,"column":null}},{"start":{},"end":{}}],"line":621},"33":{"loc":{"start":{"line":621,"column":10},"end":{"line":621,"column":75}},"type":"binary-expr","locations":[{"start":{"line":621,"column":10},"end":{"line":621,"column":38}},{"start":{"line":621,"column":38},"end":{"line":621,"column":75}}],"line":621},"34":{"loc":{"start":{"line":626,"column":6},"end":{"line":628,"column":null}},"type":"if","locations":[{"start":{"line":626,"column":6},"end":{"line":628,"column":null}},{"start":{},"end":{}}],"line":626},"35":{"loc":{"start":{"line":626,"column":10},"end":{"line":626,"column":78}},"type":"binary-expr","locations":[{"start":{"line":626,"column":10},"end":{"line":626,"column":40}},{"start":{"line":626,"column":40},"end":{"line":626,"column":78}}],"line":626},"36":{"loc":{"start":{"line":631,"column":6},"end":{"line":639,"column":null}},"type":"if","locations":[{"start":{"line":631,"column":6},"end":{"line":639,"column":null}},{"start":{},"end":{}}],"line":631},"37":{"loc":{"start":{"line":636,"column":8},"end":{"line":638,"column":null}},"type":"if","locations":[{"start":{"line":636,"column":8},"end":{"line":638,"column":null}},{"start":{},"end":{}}],"line":636},"38":{"loc":{"start":{"line":636,"column":12},"end":{"line":636,"column":68}},"type":"binary-expr","locations":[{"start":{"line":636,"column":12},"end":{"line":636,"column":29}},{"start":{"line":636,"column":29},"end":{"line":636,"column":52}},{"start":{"line":636,"column":52},"end":{"line":636,"column":68}}],"line":636}},"s":{"0":2,"1":2,"2":2,"3":2,"4":2,"5":2,"6":0,"7":0,"8":0,"9":0,"10":0,"11":0,"12":0,"13":0,"14":0,"15":0,"16":0,"17":0,"18":0,"19":0,"20":0,"21":0,"22":0,"23":0,"24":0,"25":0,"26":0,"27":0,"28":0,"29":0,"30":0,"31":0,"32":0,"33":0,"34":0,"35":0,"36":0,"37":0,"38":0,"39":0,"40":0,"41":0,"42":0,"43":0,"44":0,"45":0,"46":0,"47":0,"48":0,"49":0,"50":0,"51":0,"52":0,"53":0,"54":0,"55":0,"56":0,"57":0,"58":0,"59":0,"60":0,"61":0,"62":0,"63":0,"64":0,"65":0,"66":0,"67":0,"68":0,"69":0,"70":0,"71":0,"72":0,"73":0,"74":0,"75":0,"76":0,"77":0,"78":0,"79":0,"80":0,"81":0,"82":0,"83":0,"84":0,"85":0,"86":0,"87":0,"88":0,"89":0,"90":0,"91":0,"92":0,"93":0,"94":0,"95":0,"96":0,"97":0,"98":0,"99":0,"100":0,"101":0,"102":0,"103":0,"104":0,"105":0,"106":0,"107":0,"108":0,"109":0,"110":0,"111":0,"112":0,"113":0,"114":0,"115":0,"116":0,"117":0,"118":0,"119":0,"120":0,"121":0,"122":0,"123":0,"124":0,"125":0,"126":2,"127":2,"128":2,"129":2,"130":2,"131":1,"132":3,"133":3,"134":1,"135":2,"136":2,"137":3,"138":3,"139":8,"140":0,"141":0,"142":0,"143":0,"144":0,"145":0,"146":0,"147":0,"148":0,"149":0,"150":0,"151":0,"152":0,"153":0,"154":0,"155":0,"156":0,"157":0,"158":0,"159":0,"160":0,"161":0,"162":0},"f":{"0":2,"1":0,"2":0,"3":0,"4":0,"5":0,"6":0,"7":0,"8":0,"9":0,"10":0,"11":0,"12":0,"13":0,"14":0,"15":0,"16":0,"17":0,"18":0,"19":0,"20":0,"21":0,"22":2,"23":2,"24":2,"25":2,"26":2,"27":1,"28":3,"29":3,"30":1,"31":2,"32":2,"33":3,"34":8,"35":0,"36":0,"37":0,"38":0},"b":{"0":[0,0],"1":[0,0],"2":[0,0],"3":[0,0],"4":[0,0],"5":[0,0],"6":[0,0],"7":[0,0],"8":[0,0],"9":[0,0],"10":[0,0],"11":[0,0],"12":[0,0],"13":[0,0],"14":[0,0],"15":[0,0],"16":[0,0],"17":[0,0],"18":[0,0],"19":[0,0],"20":[0,0],"21":[0,0],"22":[0,0],"23":[0,0],"24":[1,1],"25":[1,0],"26":[0,0],"27":[0,0],"28":[0,0],"29":[0,0],"30":[0,0],"31":[0,0],"32":[0,0],"33":[0,0],"34":[0,0],"35":[0,0],"36":[0,0],"37":[0,0],"38":[0,0,0]},"meta":{"lastBranch":39,"lastFunction":39,"lastStatement":163,"seen":{"s:75:47:80:Infinity":0,"s:82:66:87:Infinity":1,"s:89:70:94:Infinity":2,"s:96:70:102:Infinity":3,"s:166:13:649:Infinity":4,"f:166:50:166:51":0,"s:166:65:649:2":5,"f:187:16:187:28":1,"s:188:4:188:Infinity":6,"s:190:4:219:Infinity":7,"s:191:12:191:Infinity":8,"s:193:30:209:Infinity":9,"b:211:6:211:Infinity:undefined:undefined:undefined:undefined":0,"s:211:6:211:Infinity":10,"s:211:17:211:Infinity":11,"s:213:6:213:Infinity":12,"s:215:6:218:Infinity":13,"b:216:40:216:56:216:56:216:Infinity":1,"f:222:19:222:26":2,"s:223:4:251:Infinity":14,"s:224:12:224:Infinity":15,"s:226:30:243:Infinity":16,"b:245:6:245:Infinity:undefined:undefined:undefined:undefined":2,"s:245:6:245:Infinity":17,"s:245:17:245:Infinity":18,"s:247:6:247:Infinity":19,"s:249:6:249:Infinity":20,"s:250:6:250:Infinity":21,"f:254:14:254:21":3,"s:255:4:255:Infinity":22,"s:257:4:280:Infinity":23,"s:258:12:258:Infinity":24,"s:260:30:272:Infinity":25,"b:274:6:274:Infinity:undefined:undefined:undefined:undefined":3,"s:274:6:274:Infinity":26,"s:274:17:274:Infinity":27,"s:276:6:276:Infinity":28,"s:278:6:278:Infinity":29,"s:279:6:279:Infinity":30,"f:284:16:284:23":4,"s:285:4:336:Infinity":31,"s:286:12:286:Infinity":32,"s:289:33:289:Infinity":33,"b:290:6:290:Infinity:undefined:undefined:undefined:undefined":4,"s:290:6:290:Infinity":34,"s:290:17:290:Infinity":35,"s:293:32:297:Infinity":36,"b:299:6:299:Infinity:undefined:undefined:undefined:undefined":5,"s:299:6:299:Infinity":37,"s:299:20:299:Infinity":38,"s:301:30:322:Infinity":39,"b:324:6:324:Infinity:undefined:undefined:undefined:undefined":6,"s:324:6:324:Infinity":40,"s:324:17:324:Infinity":41,"s:327:6:329:Infinity":42,"f:327:10:327:11":5,"s:327:22:329:8":43,"s:331:6:331:Infinity":44,"s:333:6:333:Infinity":45,"s:334:6:334:Infinity":46,"b:334:44:334:60:334:60:334:86":7,"s:335:6:335:Infinity":47,"f:339:16:339:23":6,"s:340:4:364:Infinity":48,"s:341:12:341:Infinity":49,"s:343:24:346:Infinity":50,"b:348:6:348:Infinity:undefined:undefined:undefined:undefined":8,"s:348:6:348:Infinity":51,"s:348:17:348:Infinity":52,"s:351:6:358:Infinity":53,"f:351:10:351:11":7,"s:351:22:358:8":54,"f:352:35:352:36":8,"s:353:10:353:Infinity":55,"b:353:24:353:47:353:47:353:Infinity":9,"b:356:12:356:Infinity:357:12:357:Infinity":10,"s:360:6:360:Infinity":56,"s:362:6:362:Infinity":57,"s:363:6:363:Infinity":58,"f:367:16:367:23":9,"s:368:4:388:Infinity":59,"s:369:12:369:Infinity":60,"s:371:24:374:Infinity":61,"b:376:6:376:Infinity:undefined:undefined:undefined:undefined":11,"s:376:6:376:Infinity":62,"s:376:17:376:Infinity":63,"s:379:6:382:Infinity":64,"f:379:10:379:11":10,"s:379:22:382:8":65,"f:380:38:380:39":11,"s:380:45:380:56":66,"b:381:58:381:65:381:65:381:Infinity":12,"s:384:6:384:Infinity":67,"s:386:6:386:Infinity":68,"s:387:6:387:Infinity":69,"f:392:16:392:23":12,"s:393:19:393:Infinity":70,"f:393:38:393:39":13,"s:393:45:393:62":71,"b:394:4:394:Infinity:undefined:undefined:undefined:undefined":13,"s:394:4:394:Infinity":72,"s:394:17:394:Infinity":73,"s:396:27:396:Infinity":74,"s:399:4:399:Infinity":75,"s:401:4:417:Infinity":76,"s:402:12:402:Infinity":77,"s:404:24:407:Infinity":78,"b:409:6:409:Infinity:undefined:undefined:undefined:undefined":14,"s:409:6:409:Infinity":79,"s:409:17:409:Infinity":80,"s:411:6:411:Infinity":81,"s:413:6:413:Infinity":82,"s:415:6:415:Infinity":83,"s:416:6:416:Infinity":84,"f:420:17:420:24":14,"s:421:4:461:Infinity":85,"s:422:12:422:Infinity":86,"s:425:33:425:Infinity":87,"b:426:6:426:Infinity:undefined:undefined:undefined:undefined":15,"s:426:6:426:Infinity":88,"s:426:17:426:Infinity":89,"s:428:24:437:Infinity":90,"b:439:6:439:Infinity:undefined:undefined:undefined:undefined":16,"s:439:6:439:Infinity":91,"s:439:17:439:Infinity":92,"s:442:6:455:Infinity":93,"f:442:10:442:11":15,"s:442:22:455:8":94,"f:443:35:443:36":16,"s:444:10:453:Infinity":95,"b:445:14:452:Infinity:453:14:453:Infinity":17,"b:449:36:449:64:449:64:449:Infinity":18,"s:457:6:457:Infinity":96,"s:459:6:459:Infinity":97,"s:460:6:460:Infinity":98,"f:464:16:464:23":17,"s:465:4:497:Infinity":99,"s:466:12:466:Infinity":100,"s:468:24:475:Infinity":101,"b:477:6:477:Infinity:undefined:undefined:undefined:undefined":19,"s:477:6:477:Infinity":102,"s:477:17:477:Infinity":103,"s:480:6:491:Infinity":104,"f:480:10:480:11":18,"s:480:22:491:8":105,"f:481:35:481:36":19,"s:482:10:489:Infinity":106,"b:483:14:488:Infinity:489:14:489:Infinity":20,"s:493:6:493:Infinity":107,"s:495:6:495:Infinity":108,"s:496:6:496:Infinity":109,"f:501:11:501:18":20,"s:502:4:549:Infinity":110,"s:503:12:503:Infinity":111,"s:506:33:506:Infinity":112,"b:507:6:507:Infinity:undefined:undefined:undefined:undefined":21,"s:507:6:507:Infinity":113,"s:507:17:507:Infinity":114,"s:510:32:514:Infinity":115,"b:516:6:516:Infinity:undefined:undefined:undefined:undefined":22,"s:516:6:516:Infinity":116,"s:516:20:516:Infinity":117,"s:518:30:536:Infinity":118,"b:538:6:538:Infinity:undefined:undefined:undefined:undefined":23,"s:538:6:538:Infinity":119,"s:538:17:538:Infinity":120,"s:541:6:543:Infinity":121,"f:541:10:541:11":21,"s:541:22:543:8":122,"s:545:6:545:Infinity":123,"s:547:6:547:Infinity":124,"s:548:6:548:Infinity":125,"f:553:26:553:27":22,"s:554:4:558:Infinity":126,"f:554:8:554:9":23,"s:554:20:558:6":127,"f:555:33:555:34":24,"s:556:8:556:Infinity":128,"b:556:28:556:58:556:58:556:Infinity":24,"f:561:24:561:25":25,"s:562:4:566:Infinity":129,"f:562:8:562:9":26,"s:562:20:566:6":130,"f:563:33:563:34":27,"s:564:8:564:Infinity":131,"b:564:28:564:63:564:63:564:Infinity":25,"f:570:13:570:14":28,"s:571:4:573:Infinity":132,"f:571:8:571:9":29,"s:571:20:573:6":133,"f:576:16:576:22":30,"s:577:4:586:Infinity":134,"f:590:15:590:16":31,"s:590:25:590:Infinity":135,"f:593:16:593:17":32,"s:593:28:593:Infinity":136,"f:596:22:596:23":33,"s:597:24:597:Infinity":137,"s:598:4:598:Infinity":138,"f:598:26:598:27":34,"s:598:33:598:52":139,"f:601:22:601:28":35,"s:602:33:602:Infinity":140,"s:604:4:642:Infinity":141,"f:604:26:604:27":36,"b:606:6:608:Infinity:undefined:undefined:undefined:undefined":26,"s:606:6:608:Infinity":142,"b:606:10:606:38:606:38:606:72":27,"s:607:8:607:Infinity":143,"b:611:6:613:Infinity:undefined:undefined:undefined:undefined":28,"s:611:6:613:Infinity":144,"b:611:10:611:40:611:40:611:78":29,"s:612:8:612:Infinity":145,"b:616:6:618:Infinity:undefined:undefined:undefined:undefined":30,"s:616:6:618:Infinity":146,"b:616:10:616:40:616:40:616:81":31,"s:617:8:617:Infinity":147,"b:621:6:623:Infinity:undefined:undefined:undefined:undefined":32,"s:621:6:623:Infinity":148,"b:621:10:621:38:621:38:621:75":33,"s:622:8:622:Infinity":149,"b:626:6:628:Infinity:undefined:undefined:undefined:undefined":34,"s:626:6:628:Infinity":150,"b:626:10:626:40:626:40:626:78":35,"s:627:8:627:Infinity":151,"b:631:6:639:Infinity:undefined:undefined:undefined:undefined":36,"s:631:6:639:Infinity":152,"s:632:23:632:Infinity":153,"s:633:29:633:Infinity":154,"s:634:35:634:Infinity":155,"s:635:30:635:Infinity":156,"b:636:8:638:Infinity:undefined:undefined:undefined:undefined":37,"s:636:8:638:Infinity":157,"b:636:12:636:29:636:29:636:52:636:52:636:68":38,"s:637:10:637:Infinity":158,"s:641:6:641:Infinity":159,"f:645:21:645:27":37,"s:646:24:646:Infinity":160,"s:647:4:647:Infinity":161,"f:647:26:647:27":38,"s:647:33:647:51":162}}}
}
